{"/Users/mohammadkhataei/Downloads/SE2-MainProject/server/app.mjs":{"path":"/Users/mohammadkhataei/Downloads/SE2-MainProject/server/app.mjs","statementMap":{"0":{"start":{"line":11,"column":0},"end":{"line":11,"column":16}},"1":{"start":{"line":14,"column":0},"end":{"line":14,"column":12}},"2":{"start":{"line":16,"column":12},"end":{"line":16,"column":21}},"3":{"start":{"line":19,"column":0},"end":{"line":22,"column":4}},"4":{"start":{"line":25,"column":0},"end":{"line":25,"column":24}},"5":{"start":{"line":28,"column":0},"end":{"line":28,"column":38}},"6":{"start":{"line":29,"column":0},"end":{"line":29,"column":30}},"7":{"start":{"line":30,"column":0},"end":{"line":30,"column":37}},"8":{"start":{"line":31,"column":0},"end":{"line":31,"column":37}},"9":{"start":{"line":34,"column":0},"end":{"line":34,"column":22}},"10":{"start":{"line":37,"column":0},"end":{"line":37,"column":34}}},"fnMap":{},"branchMap":{},"s":{"0":0,"1":0,"2":0,"3":0,"4":0,"5":0,"6":0,"7":0,"8":0,"9":0,"10":0},"f":{},"b":{},"all":true},"/Users/mohammadkhataei/Downloads/SE2-MainProject/server/config/db.mjs":{"path":"/Users/mohammadkhataei/Downloads/SE2-MainProject/server/config/db.mjs","statementMap":{"0":{"start":{"line":3,"column":0},"end":{"line":3,"column":16}},"1":{"start":{"line":5,"column":25},"end":{"line":16,"column":1}},"2":{"start":{"line":6,"column":2},"end":{"line":15,"column":3}},"3":{"start":{"line":7,"column":4},"end":{"line":10,"column":7}},"4":{"start":{"line":11,"column":4},"end":{"line":11,"column":37}},"5":{"start":{"line":13,"column":4},"end":{"line":13,"column":63}},"6":{"start":{"line":14,"column":4},"end":{"line":14,"column":20}}},"fnMap":{"0":{"name":"(anonymous_0)","decl":{"start":{"line":5,"column":25},"end":{"line":5,"column":26}},"loc":{"start":{"line":5,"column":37},"end":{"line":16,"column":1}},"line":5}},"branchMap":{},"s":{"0":0,"1":0,"2":0,"3":0,"4":0,"5":0,"6":0},"f":{"0":0},"b":{},"all":true},"/Users/mohammadkhataei/Downloads/SE2-MainProject/server/controllers/documentController.mjs":{"path":"/Users/mohammadkhataei/Downloads/SE2-MainProject/server/controllers/documentController.mjs","statementMap":{"0":{"start":{"line":8,"column":30},"end":{"line":39,"column":1}},"1":{"start":{"line":9,"column":2},"end":{"line":38,"column":3}},"2":{"start":{"line":10,"column":25},"end":{"line":10,"column":33}},"3":{"start":{"line":14,"column":4},"end":{"line":30,"column":5}},"4":{"start":{"line":16,"column":8},"end":{"line":16,"column":43}},"5":{"start":{"line":17,"column":8},"end":{"line":17,"column":14}},"6":{"start":{"line":19,"column":8},"end":{"line":19,"column":48}},"7":{"start":{"line":20,"column":8},"end":{"line":20,"column":14}},"8":{"start":{"line":22,"column":8},"end":{"line":22,"column":49}},"9":{"start":{"line":23,"column":8},"end":{"line":23,"column":14}},"10":{"start":{"line":25,"column":8},"end":{"line":25,"column":46}},"11":{"start":{"line":26,"column":8},"end":{"line":26,"column":14}},"12":{"start":{"line":29,"column":8},"end":{"line":29,"column":44}},"13":{"start":{"line":32,"column":21},"end":{"line":32,"column":74}},"14":{"start":{"line":34,"column":4},"end":{"line":34,"column":26}},"15":{"start":{"line":35,"column":4},"end":{"line":35,"column":35}},"16":{"start":{"line":37,"column":4},"end":{"line":37,"column":53}},"17":{"start":{"line":42,"column":22},"end":{"line":43,"column":68}},"18":{"start":{"line":43,"column":2},"end":{"line":43,"column":68}},"19":{"start":{"line":45,"column":31},"end":{"line":93,"column":1}},"20":{"start":{"line":46,"column":2},"end":{"line":92,"column":3}},"21":{"start":{"line":48,"column":19},"end":{"line":54,"column":6}},"22":{"start":{"line":57,"column":46},"end":{"line":57,"column":83}},"23":{"start":{"line":60,"column":19},"end":{"line":60,"column":21}},"24":{"start":{"line":61,"column":4},"end":{"line":63,"column":5}},"25":{"start":{"line":62,"column":6},"end":{"line":62,"column":77}},"26":{"start":{"line":64,"column":4},"end":{"line":66,"column":5}},"27":{"start":{"line":65,"column":6},"end":{"line":65,"column":40}},"28":{"start":{"line":67,"column":4},"end":{"line":69,"column":5}},"29":{"start":{"line":68,"column":6},"end":{"line":68,"column":50}},"30":{"start":{"line":72,"column":22},"end":{"line":75,"column":13}},"31":{"start":{"line":78,"column":27},"end":{"line":78,"column":64}},"32":{"start":{"line":81,"column":4},"end":{"line":88,"column":7}},"33":{"start":{"line":90,"column":4},"end":{"line":90,"column":62}},"34":{"start":{"line":91,"column":4},"end":{"line":91,"column":63}},"35":{"start":{"line":100,"column":31},"end":{"line":115,"column":1}},"36":{"start":{"line":101,"column":2},"end":{"line":114,"column":3}},"37":{"start":{"line":102,"column":21},"end":{"line":102,"column":59}},"38":{"start":{"line":103,"column":4},"end":{"line":103,"column":53}},"39":{"start":{"line":104,"column":4},"end":{"line":109,"column":5}},"40":{"start":{"line":105,"column":20},"end":{"line":105,"column":51}},"41":{"start":{"line":106,"column":6},"end":{"line":106,"column":29}},"42":{"start":{"line":107,"column":6},"end":{"line":107,"column":48}},"43":{"start":{"line":108,"column":6},"end":{"line":108,"column":25}},"44":{"start":{"line":110,"column":4},"end":{"line":110,"column":23}},"45":{"start":{"line":112,"column":4},"end":{"line":112,"column":27}},"46":{"start":{"line":113,"column":4},"end":{"line":113,"column":16}},"47":{"start":{"line":118,"column":28},"end":{"line":126,"column":1}},"48":{"start":{"line":119,"column":2},"end":{"line":125,"column":3}},"49":{"start":{"line":120,"column":22},"end":{"line":120,"column":75}},"50":{"start":{"line":121,"column":19},"end":{"line":121,"column":50}},"51":{"start":{"line":121,"column":40},"end":{"line":121,"column":49}},"52":{"start":{"line":122,"column":4},"end":{"line":122,"column":21}},"53":{"start":{"line":124,"column":4},"end":{"line":124,"column":53}},"54":{"start":{"line":129,"column":30},"end":{"line":137,"column":1}},"55":{"start":{"line":130,"column":2},"end":{"line":136,"column":3}},"56":{"start":{"line":131,"column":21},"end":{"line":131,"column":93}},"57":{"start":{"line":132,"column":4},"end":{"line":132,"column":82}},"58":{"start":{"line":132,"column":19},"end":{"line":132,"column":82}},"59":{"start":{"line":133,"column":4},"end":{"line":133,"column":23}},"60":{"start":{"line":135,"column":4},"end":{"line":135,"column":53}},"61":{"start":{"line":140,"column":30},"end":{"line":148,"column":1}},"62":{"start":{"line":141,"column":2},"end":{"line":147,"column":3}},"63":{"start":{"line":142,"column":21},"end":{"line":142,"column":68}},"64":{"start":{"line":143,"column":4},"end":{"line":143,"column":82}},"65":{"start":{"line":143,"column":19},"end":{"line":143,"column":82}},"66":{"start":{"line":144,"column":4},"end":{"line":144,"column":59}},"67":{"start":{"line":146,"column":4},"end":{"line":146,"column":53}},"68":{"start":{"line":151,"column":31},"end":{"line":168,"column":1}},"69":{"start":{"line":152,"column":53},"end":{"line":152,"column":61}},"70":{"start":{"line":153,"column":2},"end":{"line":167,"column":3}},"71":{"start":{"line":154,"column":21},"end":{"line":154,"column":59}},"72":{"start":{"line":155,"column":4},"end":{"line":157,"column":5}},"73":{"start":{"line":156,"column":6},"end":{"line":156,"column":69}},"74":{"start":{"line":159,"column":28},"end":{"line":159,"column":84}},"75":{"start":{"line":160,"column":4},"end":{"line":160,"column":49}},"76":{"start":{"line":161,"column":4},"end":{"line":161,"column":59}},"77":{"start":{"line":162,"column":4},"end":{"line":162,"column":26}},"78":{"start":{"line":164,"column":4},"end":{"line":164,"column":35}},"79":{"start":{"line":166,"column":4},"end":{"line":166,"column":53}},"80":{"start":{"line":172,"column":32},"end":{"line":181,"column":1}},"81":{"start":{"line":173,"column":2},"end":{"line":180,"column":3}},"82":{"start":{"line":174,"column":21},"end":{"line":174,"column":110}},"83":{"start":{"line":175,"column":4},"end":{"line":175,"column":82}},"84":{"start":{"line":175,"column":19},"end":{"line":175,"column":82}},"85":{"start":{"line":177,"column":4},"end":{"line":177,"column":37}},"86":{"start":{"line":179,"column":4},"end":{"line":179,"column":53}},"87":{"start":{"line":184,"column":34},"end":{"line":200,"column":1}},"88":{"start":{"line":185,"column":19},"end":{"line":185,"column":27}},"89":{"start":{"line":186,"column":2},"end":{"line":199,"column":3}},"90":{"start":{"line":187,"column":21},"end":{"line":187,"column":59}},"91":{"start":{"line":188,"column":4},"end":{"line":188,"column":82}},"92":{"start":{"line":188,"column":19},"end":{"line":188,"column":82}},"93":{"start":{"line":190,"column":25},"end":{"line":190,"column":77}},"94":{"start":{"line":191,"column":4},"end":{"line":191,"column":90}},"95":{"start":{"line":191,"column":23},"end":{"line":191,"column":90}},"96":{"start":{"line":193,"column":4},"end":{"line":193,"column":29}},"97":{"start":{"line":194,"column":4},"end":{"line":194,"column":26}},"98":{"start":{"line":196,"column":4},"end":{"line":196,"column":23}},"99":{"start":{"line":198,"column":4},"end":{"line":198,"column":53}},"100":{"start":{"line":203,"column":34},"end":{"line":219,"column":3}},"101":{"start":{"line":204,"column":4},"end":{"line":218,"column":5}},"102":{"start":{"line":205,"column":23},"end":{"line":205,"column":61}},"103":{"start":{"line":206,"column":6},"end":{"line":206,"column":84}},"104":{"start":{"line":206,"column":21},"end":{"line":206,"column":84}},"105":{"start":{"line":209,"column":27},"end":{"line":209,"column":79}},"106":{"start":{"line":210,"column":6},"end":{"line":210,"column":92}},"107":{"start":{"line":210,"column":25},"end":{"line":210,"column":92}},"108":{"start":{"line":212,"column":6},"end":{"line":212,"column":70}},"109":{"start":{"line":213,"column":6},"end":{"line":213,"column":28}},"110":{"start":{"line":215,"column":6},"end":{"line":215,"column":65}},"111":{"start":{"line":217,"column":6},"end":{"line":217,"column":55}},"112":{"start":{"line":223,"column":34},"end":{"line":238,"column":3}},"113":{"start":{"line":224,"column":21},"end":{"line":224,"column":30}},"114":{"start":{"line":225,"column":4},"end":{"line":237,"column":5}},"115":{"start":{"line":226,"column":23},"end":{"line":226,"column":112}},"116":{"start":{"line":227,"column":6},"end":{"line":227,"column":84}},"117":{"start":{"line":227,"column":21},"end":{"line":227,"column":84}},"118":{"start":{"line":230,"column":30},"end":{"line":232,"column":32}},"119":{"start":{"line":231,"column":47},"end":{"line":231,"column":64}},"120":{"start":{"line":234,"column":6},"end":{"line":234,"column":32}},"121":{"start":{"line":236,"column":6},"end":{"line":236,"column":55}},"122":{"start":{"line":241,"column":48},"end":{"line":249,"column":3}},"123":{"start":{"line":242,"column":21},"end":{"line":242,"column":30}},"124":{"start":{"line":243,"column":4},"end":{"line":248,"column":5}},"125":{"start":{"line":244,"column":24},"end":{"line":244,"column":126}},"126":{"start":{"line":245,"column":6},"end":{"line":245,"column":26}},"127":{"start":{"line":247,"column":6},"end":{"line":247,"column":55}},"128":{"start":{"line":252,"column":38},"end":{"line":267,"column":3}},"129":{"start":{"line":253,"column":4},"end":{"line":266,"column":5}},"130":{"start":{"line":254,"column":23},"end":{"line":254,"column":61}},"131":{"start":{"line":255,"column":6},"end":{"line":255,"column":84}},"132":{"start":{"line":255,"column":21},"end":{"line":255,"column":84}},"133":{"start":{"line":258,"column":33},"end":{"line":261,"column":12}},"134":{"start":{"line":259,"column":8},"end":{"line":259,"column":55}},"135":{"start":{"line":260,"column":8},"end":{"line":260,"column":22}},"136":{"start":{"line":263,"column":6},"end":{"line":263,"column":66}},"137":{"start":{"line":265,"column":6},"end":{"line":265,"column":55}},"138":{"start":{"line":270,"column":43},"end":{"line":278,"column":3}},"139":{"start":{"line":271,"column":26},"end":{"line":271,"column":35}},"140":{"start":{"line":272,"column":4},"end":{"line":277,"column":5}},"141":{"start":{"line":273,"column":30},"end":{"line":273,"column":87}},"142":{"start":{"line":274,"column":6},"end":{"line":274,"column":32}},"143":{"start":{"line":276,"column":6},"end":{"line":276,"column":55}},"144":{"start":{"line":281,"column":32},"end":{"line":294,"column":3}},"145":{"start":{"line":282,"column":4},"end":{"line":282,"column":29}},"146":{"start":{"line":282,"column":19},"end":{"line":282,"column":29}},"147":{"start":{"line":284,"column":21},"end":{"line":284,"column":107}},"148":{"start":{"line":285,"column":24},"end":{"line":285,"column":73}},"149":{"start":{"line":285,"column":58},"end":{"line":285,"column":72}},"150":{"start":{"line":288,"column":4},"end":{"line":288,"column":40}},"151":{"start":{"line":288,"column":21},"end":{"line":288,"column":40}},"152":{"start":{"line":291,"column":24},"end":{"line":291,"column":122}},"153":{"start":{"line":291,"column":73},"end":{"line":291,"column":120}},"154":{"start":{"line":293,"column":4},"end":{"line":293,"column":51}},"155":{"start":{"line":297,"column":38},"end":{"line":310,"column":3}},"156":{"start":{"line":298,"column":30},"end":{"line":298,"column":38}},"157":{"start":{"line":299,"column":4},"end":{"line":309,"column":5}},"158":{"start":{"line":300,"column":23},"end":{"line":300,"column":61}},"159":{"start":{"line":301,"column":6},"end":{"line":301,"column":84}},"160":{"start":{"line":301,"column":21},"end":{"line":301,"column":84}},"161":{"start":{"line":303,"column":6},"end":{"line":303,"column":52}},"162":{"start":{"line":304,"column":6},"end":{"line":304,"column":28}},"163":{"start":{"line":306,"column":6},"end":{"line":306,"column":37}},"164":{"start":{"line":308,"column":6},"end":{"line":308,"column":55}},"165":{"start":{"line":313,"column":37},"end":{"line":320,"column":3}},"166":{"start":{"line":314,"column":4},"end":{"line":319,"column":5}},"167":{"start":{"line":315,"column":31},"end":{"line":315,"column":73}},"168":{"start":{"line":316,"column":6},"end":{"line":316,"column":33}},"169":{"start":{"line":318,"column":6},"end":{"line":318,"column":55}},"170":{"start":{"line":323,"column":32},"end":{"line":341,"column":3}},"171":{"start":{"line":324,"column":21},"end":{"line":324,"column":107}},"172":{"start":{"line":325,"column":17},"end":{"line":330,"column":5}},"173":{"start":{"line":332,"column":4},"end":{"line":338,"column":5}},"174":{"start":{"line":333,"column":24},"end":{"line":333,"column":80}},"175":{"start":{"line":334,"column":6},"end":{"line":337,"column":9}},"176":{"start":{"line":340,"column":4},"end":{"line":340,"column":16}},"177":{"start":{"line":344,"column":33},"end":{"line":358,"column":3}},"178":{"start":{"line":345,"column":21},"end":{"line":345,"column":29}},"179":{"start":{"line":346,"column":4},"end":{"line":357,"column":5}},"180":{"start":{"line":347,"column":23},"end":{"line":347,"column":61}},"181":{"start":{"line":348,"column":6},"end":{"line":348,"column":84}},"182":{"start":{"line":348,"column":21},"end":{"line":348,"column":84}},"183":{"start":{"line":351,"column":6},"end":{"line":351,"column":71}},"184":{"start":{"line":352,"column":6},"end":{"line":352,"column":28}},"185":{"start":{"line":354,"column":6},"end":{"line":354,"column":25}},"186":{"start":{"line":356,"column":6},"end":{"line":356,"column":55}},"187":{"start":{"line":361,"column":35},"end":{"line":368,"column":3}},"188":{"start":{"line":362,"column":4},"end":{"line":367,"column":5}},"189":{"start":{"line":363,"column":24},"end":{"line":363,"column":69}},"190":{"start":{"line":364,"column":6},"end":{"line":364,"column":26}},"191":{"start":{"line":366,"column":6},"end":{"line":366,"column":55}},"192":{"start":{"line":371,"column":37},"end":{"line":410,"column":1}},"193":{"start":{"line":372,"column":2},"end":{"line":409,"column":3}},"194":{"start":{"line":373,"column":38},"end":{"line":373,"column":48}},"195":{"start":{"line":375,"column":28},"end":{"line":375,"column":77}},"196":{"start":{"line":376,"column":4},"end":{"line":378,"column":5}},"197":{"start":{"line":377,"column":6},"end":{"line":377,"column":77}},"198":{"start":{"line":381,"column":25},"end":{"line":384,"column":12}},"199":{"start":{"line":386,"column":30},"end":{"line":401,"column":6}},"200":{"start":{"line":388,"column":28},"end":{"line":390,"column":29}},"201":{"start":{"line":389,"column":23},"end":{"line":389,"column":70}},"202":{"start":{"line":390,"column":20},"end":{"line":390,"column":28}},"203":{"start":{"line":393,"column":39},"end":{"line":394,"column":54}},"204":{"start":{"line":394,"column":24},"end":{"line":394,"column":53}},"205":{"start":{"line":396,"column":6},"end":{"line":400,"column":8}},"206":{"start":{"line":404,"column":30},"end":{"line":404,"column":102}},"207":{"start":{"line":404,"column":62},"end":{"line":404,"column":101}},"208":{"start":{"line":406,"column":4},"end":{"line":406,"column":32}},"209":{"start":{"line":408,"column":4},"end":{"line":408,"column":53}},"210":{"start":{"line":413,"column":49},"end":{"line":442,"column":1}},"211":{"start":{"line":414,"column":2},"end":{"line":441,"column":3}},"212":{"start":{"line":415,"column":78},"end":{"line":415,"column":87}},"213":{"start":{"line":417,"column":22},"end":{"line":417,"column":47}},"214":{"start":{"line":418,"column":16},"end":{"line":418,"column":18}},"215":{"start":{"line":420,"column":4},"end":{"line":422,"column":5}},"216":{"start":{"line":421,"column":6},"end":{"line":421,"column":59}},"217":{"start":{"line":424,"column":22},"end":{"line":427,"column":29}},"218":{"start":{"line":429,"column":27},"end":{"line":429,"column":63}},"219":{"start":{"line":431,"column":4},"end":{"line":438,"column":7}},"220":{"start":{"line":440,"column":4},"end":{"line":440,"column":16}},"221":{"start":{"line":445,"column":33},"end":{"line":452,"column":1}},"222":{"start":{"line":446,"column":2},"end":{"line":451,"column":3}},"223":{"start":{"line":447,"column":19},"end":{"line":447,"column":91}},"224":{"start":{"line":448,"column":4},"end":{"line":448,"column":33}},"225":{"start":{"line":450,"column":4},"end":{"line":450,"column":16}},"226":{"start":{"line":455,"column":33},"end":{"line":479,"column":1}},"227":{"start":{"line":456,"column":2},"end":{"line":478,"column":3}},"228":{"start":{"line":457,"column":34},"end":{"line":457,"column":42}},"229":{"start":{"line":459,"column":4},"end":{"line":461,"column":5}},"230":{"start":{"line":460,"column":6},"end":{"line":460,"column":106}},"231":{"start":{"line":464,"column":28},"end":{"line":471,"column":5}},"232":{"start":{"line":473,"column":4},"end":{"line":473,"column":89}},"233":{"start":{"line":473,"column":26},"end":{"line":473,"column":89}},"234":{"start":{"line":475,"column":4},"end":{"line":475,"column":30}},"235":{"start":{"line":477,"column":4},"end":{"line":477,"column":53}},"236":{"start":{"line":482,"column":33},"end":{"line":502,"column":1}},"237":{"start":{"line":483,"column":2},"end":{"line":501,"column":3}},"238":{"start":{"line":484,"column":21},"end":{"line":484,"column":59}},"239":{"start":{"line":486,"column":4},"end":{"line":486,"column":82}},"240":{"start":{"line":486,"column":19},"end":{"line":486,"column":82}},"241":{"start":{"line":489,"column":28},"end":{"line":496,"column":5}},"242":{"start":{"line":498,"column":4},"end":{"line":498,"column":30}},"243":{"start":{"line":500,"column":4},"end":{"line":500,"column":53}},"244":{"start":{"line":504,"column":39},"end":{"line":515,"column":1}},"245":{"start":{"line":505,"column":2},"end":{"line":514,"column":3}},"246":{"start":{"line":506,"column":21},"end":{"line":506,"column":88}},"247":{"start":{"line":507,"column":4},"end":{"line":509,"column":5}},"248":{"start":{"line":508,"column":6},"end":{"line":508,"column":85}},"249":{"start":{"line":511,"column":4},"end":{"line":511,"column":72}},"250":{"start":{"line":513,"column":4},"end":{"line":513,"column":69}},"251":{"start":{"line":518,"column":30},"end":{"line":550,"column":1}},"252":{"start":{"line":519,"column":17},"end":{"line":519,"column":27}},"253":{"start":{"line":521,"column":2},"end":{"line":549,"column":3}},"254":{"start":{"line":523,"column":21},"end":{"line":523,"column":48}},"255":{"start":{"line":524,"column":4},"end":{"line":526,"column":5}},"256":{"start":{"line":525,"column":6},"end":{"line":525,"column":69}},"257":{"start":{"line":529,"column":4},"end":{"line":531,"column":5}},"258":{"start":{"line":530,"column":6},"end":{"line":530,"column":90}},"259":{"start":{"line":534,"column":21},"end":{"line":539,"column":5}},"260":{"start":{"line":542,"column":4},"end":{"line":542,"column":47}},"261":{"start":{"line":543,"column":4},"end":{"line":543,"column":26}},"262":{"start":{"line":545,"column":4},"end":{"line":545,"column":82}},"263":{"start":{"line":547,"column":4},"end":{"line":547,"column":27}},"264":{"start":{"line":548,"column":4},"end":{"line":548,"column":16}},"265":{"start":{"line":554,"column":30},"end":{"line":567,"column":1}},"266":{"start":{"line":555,"column":29},"end":{"line":555,"column":39}},"267":{"start":{"line":556,"column":2},"end":{"line":566,"column":3}},"268":{"start":{"line":557,"column":21},"end":{"line":557,"column":48}},"269":{"start":{"line":558,"column":4},"end":{"line":558,"column":82}},"270":{"start":{"line":558,"column":19},"end":{"line":558,"column":82}},"271":{"start":{"line":560,"column":4},"end":{"line":560,"column":111}},"272":{"start":{"line":560,"column":76},"end":{"line":560,"column":109}},"273":{"start":{"line":561,"column":4},"end":{"line":561,"column":26}},"274":{"start":{"line":563,"column":4},"end":{"line":563,"column":71}},"275":{"start":{"line":565,"column":4},"end":{"line":565,"column":53}},"276":{"start":{"line":570,"column":28},"end":{"line":579,"column":1}},"277":{"start":{"line":571,"column":2},"end":{"line":578,"column":3}},"278":{"start":{"line":572,"column":21},"end":{"line":572,"column":81}},"279":{"start":{"line":573,"column":4},"end":{"line":573,"column":82}},"280":{"start":{"line":573,"column":19},"end":{"line":573,"column":82}},"281":{"start":{"line":575,"column":4},"end":{"line":575,"column":54}},"282":{"start":{"line":577,"column":4},"end":{"line":577,"column":53}},"283":{"start":{"line":582,"column":38},"end":{"line":601,"column":1}},"284":{"start":{"line":583,"column":29},"end":{"line":583,"column":39}},"285":{"start":{"line":584,"column":29},"end":{"line":584,"column":37}},"286":{"start":{"line":586,"column":2},"end":{"line":600,"column":3}},"287":{"start":{"line":587,"column":21},"end":{"line":587,"column":48}},"288":{"start":{"line":588,"column":4},"end":{"line":588,"column":82}},"289":{"start":{"line":588,"column":19},"end":{"line":588,"column":82}},"290":{"start":{"line":590,"column":21},"end":{"line":590,"column":63}},"291":{"start":{"line":591,"column":4},"end":{"line":591,"column":82}},"292":{"start":{"line":591,"column":19},"end":{"line":591,"column":82}},"293":{"start":{"line":593,"column":4},"end":{"line":593,"column":47}},"294":{"start":{"line":593,"column":18},"end":{"line":593,"column":47}},"295":{"start":{"line":594,"column":4},"end":{"line":594,"column":35}},"296":{"start":{"line":594,"column":14},"end":{"line":594,"column":35}},"297":{"start":{"line":595,"column":4},"end":{"line":595,"column":26}},"298":{"start":{"line":597,"column":4},"end":{"line":597,"column":35}},"299":{"start":{"line":599,"column":4},"end":{"line":599,"column":53}},"300":{"start":{"line":604,"column":43},"end":{"line":618,"column":1}},"301":{"start":{"line":605,"column":2},"end":{"line":617,"column":3}},"302":{"start":{"line":606,"column":43},"end":{"line":606,"column":51}},"303":{"start":{"line":607,"column":21},"end":{"line":607,"column":47}},"304":{"start":{"line":609,"column":4},"end":{"line":611,"column":5}},"305":{"start":{"line":610,"column":6},"end":{"line":610,"column":46}},"306":{"start":{"line":613,"column":4},"end":{"line":613,"column":26}},"307":{"start":{"line":614,"column":4},"end":{"line":614,"column":35}},"308":{"start":{"line":616,"column":4},"end":{"line":616,"column":53}},"309":{"start":{"line":621,"column":43},"end":{"line":637,"column":1}},"310":{"start":{"line":622,"column":2},"end":{"line":636,"column":3}},"311":{"start":{"line":623,"column":43},"end":{"line":623,"column":51}},"312":{"start":{"line":624,"column":21},"end":{"line":624,"column":97}},"313":{"start":{"line":626,"column":4},"end":{"line":626,"column":82}},"314":{"start":{"line":626,"column":19},"end":{"line":626,"column":82}},"315":{"start":{"line":628,"column":4},"end":{"line":631,"column":5}},"316":{"start":{"line":629,"column":6},"end":{"line":629,"column":53}},"317":{"start":{"line":630,"column":6},"end":{"line":630,"column":28}},"318":{"start":{"line":633,"column":4},"end":{"line":633,"column":35}},"319":{"start":{"line":635,"column":4},"end":{"line":635,"column":53}},"320":{"start":{"line":639,"column":19},"end":{"line":639,"column":49}},"321":{"start":{"line":640,"column":18},"end":{"line":640,"column":42}},"322":{"start":{"line":642,"column":32},"end":{"line":673,"column":1}},"323":{"start":{"line":643,"column":27},"end":{"line":643,"column":37}},"324":{"start":{"line":644,"column":2},"end":{"line":671,"column":3}},"325":{"start":{"line":646,"column":21},"end":{"line":646,"column":48}},"326":{"start":{"line":647,"column":4},"end":{"line":649,"column":5}},"327":{"start":{"line":648,"column":6},"end":{"line":648,"column":85}},"328":{"start":{"line":652,"column":21},"end":{"line":652,"column":87}},"329":{"start":{"line":652,"column":61},"end":{"line":652,"column":86}},"330":{"start":{"line":653,"column":4},"end":{"line":655,"column":5}},"331":{"start":{"line":654,"column":6},"end":{"line":654,"column":85}},"332":{"start":{"line":658,"column":21},"end":{"line":658,"column":68}},"333":{"start":{"line":659,"column":4},"end":{"line":661,"column":5}},"334":{"start":{"line":660,"column":6},"end":{"line":660,"column":96}},"335":{"start":{"line":664,"column":4},"end":{"line":668,"column":7}},"336":{"start":{"line":665,"column":6},"end":{"line":667,"column":7}},"337":{"start":{"line":666,"column":8},"end":{"line":666,"column":84}},"338":{"start":{"line":670,"column":4},"end":{"line":670,"column":69}},"339":{"start":{"line":676,"column":34},"end":{"line":690,"column":1}},"340":{"start":{"line":677,"column":2},"end":{"line":689,"column":3}},"341":{"start":{"line":679,"column":25},"end":{"line":679,"column":64}},"342":{"start":{"line":680,"column":26},"end":{"line":680,"column":57}},"343":{"start":{"line":683,"column":4},"end":{"line":686,"column":7}},"344":{"start":{"line":688,"column":4},"end":{"line":688,"column":53}}},"fnMap":{"0":{"name":"(anonymous_0)","decl":{"start":{"line":8,"column":30},"end":{"line":8,"column":31}},"loc":{"start":{"line":8,"column":50},"end":{"line":39,"column":1}},"line":8},"1":{"name":"(anonymous_1)","decl":{"start":{"line":42,"column":22},"end":{"line":42,"column":23}},"loc":{"start":{"line":43,"column":2},"end":{"line":43,"column":68}},"line":43},"2":{"name":"(anonymous_2)","decl":{"start":{"line":45,"column":31},"end":{"line":45,"column":32}},"loc":{"start":{"line":45,"column":51},"end":{"line":93,"column":1}},"line":45},"3":{"name":"(anonymous_3)","decl":{"start":{"line":100,"column":31},"end":{"line":100,"column":32}},"loc":{"start":{"line":100,"column":57},"end":{"line":115,"column":1}},"line":100},"4":{"name":"(anonymous_4)","decl":{"start":{"line":118,"column":28},"end":{"line":118,"column":29}},"loc":{"start":{"line":118,"column":48},"end":{"line":126,"column":1}},"line":118},"5":{"name":"(anonymous_5)","decl":{"start":{"line":121,"column":33},"end":{"line":121,"column":34}},"loc":{"start":{"line":121,"column":40},"end":{"line":121,"column":49}},"line":121},"6":{"name":"(anonymous_6)","decl":{"start":{"line":129,"column":30},"end":{"line":129,"column":31}},"loc":{"start":{"line":129,"column":50},"end":{"line":137,"column":1}},"line":129},"7":{"name":"(anonymous_7)","decl":{"start":{"line":140,"column":30},"end":{"line":140,"column":31}},"loc":{"start":{"line":140,"column":50},"end":{"line":148,"column":1}},"line":140},"8":{"name":"(anonymous_8)","decl":{"start":{"line":151,"column":31},"end":{"line":151,"column":32}},"loc":{"start":{"line":151,"column":51},"end":{"line":168,"column":1}},"line":151},"9":{"name":"(anonymous_9)","decl":{"start":{"line":172,"column":32},"end":{"line":172,"column":33}},"loc":{"start":{"line":172,"column":52},"end":{"line":181,"column":1}},"line":172},"10":{"name":"(anonymous_10)","decl":{"start":{"line":184,"column":34},"end":{"line":184,"column":35}},"loc":{"start":{"line":184,"column":54},"end":{"line":200,"column":1}},"line":184},"11":{"name":"(anonymous_11)","decl":{"start":{"line":203,"column":34},"end":{"line":203,"column":35}},"loc":{"start":{"line":203,"column":54},"end":{"line":219,"column":3}},"line":203},"12":{"name":"(anonymous_12)","decl":{"start":{"line":223,"column":34},"end":{"line":223,"column":35}},"loc":{"start":{"line":223,"column":54},"end":{"line":238,"column":3}},"line":223},"13":{"name":"(anonymous_13)","decl":{"start":{"line":231,"column":40},"end":{"line":231,"column":41}},"loc":{"start":{"line":231,"column":47},"end":{"line":231,"column":64}},"line":231},"14":{"name":"(anonymous_14)","decl":{"start":{"line":241,"column":48},"end":{"line":241,"column":49}},"loc":{"start":{"line":241,"column":68},"end":{"line":249,"column":3}},"line":241},"15":{"name":"(anonymous_15)","decl":{"start":{"line":252,"column":38},"end":{"line":252,"column":39}},"loc":{"start":{"line":252,"column":58},"end":{"line":267,"column":3}},"line":252},"16":{"name":"(anonymous_16)","decl":{"start":{"line":258,"column":63},"end":{"line":258,"column":64}},"loc":{"start":{"line":258,"column":80},"end":{"line":261,"column":7}},"line":258},"17":{"name":"(anonymous_17)","decl":{"start":{"line":270,"column":43},"end":{"line":270,"column":44}},"loc":{"start":{"line":270,"column":63},"end":{"line":278,"column":3}},"line":270},"18":{"name":"(anonymous_18)","decl":{"start":{"line":281,"column":32},"end":{"line":281,"column":33}},"loc":{"start":{"line":281,"column":61},"end":{"line":294,"column":3}},"line":281},"19":{"name":"(anonymous_19)","decl":{"start":{"line":285,"column":51},"end":{"line":285,"column":52}},"loc":{"start":{"line":285,"column":58},"end":{"line":285,"column":72}},"line":285},"20":{"name":"(anonymous_20)","decl":{"start":{"line":291,"column":58},"end":{"line":291,"column":59}},"loc":{"start":{"line":291,"column":73},"end":{"line":291,"column":120}},"line":291},"21":{"name":"(anonymous_21)","decl":{"start":{"line":297,"column":38},"end":{"line":297,"column":39}},"loc":{"start":{"line":297,"column":58},"end":{"line":310,"column":3}},"line":297},"22":{"name":"(anonymous_22)","decl":{"start":{"line":313,"column":37},"end":{"line":313,"column":38}},"loc":{"start":{"line":313,"column":57},"end":{"line":320,"column":3}},"line":313},"23":{"name":"(anonymous_23)","decl":{"start":{"line":323,"column":32},"end":{"line":323,"column":33}},"loc":{"start":{"line":323,"column":54},"end":{"line":341,"column":3}},"line":323},"24":{"name":"(anonymous_24)","decl":{"start":{"line":344,"column":33},"end":{"line":344,"column":34}},"loc":{"start":{"line":344,"column":53},"end":{"line":358,"column":3}},"line":344},"25":{"name":"(anonymous_25)","decl":{"start":{"line":361,"column":35},"end":{"line":361,"column":36}},"loc":{"start":{"line":361,"column":55},"end":{"line":368,"column":3}},"line":361},"26":{"name":"(anonymous_26)","decl":{"start":{"line":371,"column":37},"end":{"line":371,"column":38}},"loc":{"start":{"line":371,"column":57},"end":{"line":410,"column":1}},"line":371},"27":{"name":"(anonymous_27)","decl":{"start":{"line":386,"column":47},"end":{"line":386,"column":48}},"loc":{"start":{"line":386,"column":54},"end":{"line":401,"column":5}},"line":386},"28":{"name":"(anonymous_28)","decl":{"start":{"line":389,"column":16},"end":{"line":389,"column":17}},"loc":{"start":{"line":389,"column":23},"end":{"line":389,"column":70}},"line":389},"29":{"name":"(anonymous_29)","decl":{"start":{"line":390,"column":13},"end":{"line":390,"column":14}},"loc":{"start":{"line":390,"column":20},"end":{"line":390,"column":28}},"line":390},"30":{"name":"(anonymous_30)","decl":{"start":{"line":394,"column":16},"end":{"line":394,"column":17}},"loc":{"start":{"line":394,"column":24},"end":{"line":394,"column":53}},"line":394},"31":{"name":"(anonymous_31)","decl":{"start":{"line":404,"column":55},"end":{"line":404,"column":56}},"loc":{"start":{"line":404,"column":62},"end":{"line":404,"column":101}},"line":404},"32":{"name":"(anonymous_32)","decl":{"start":{"line":413,"column":49},"end":{"line":413,"column":50}},"loc":{"start":{"line":413,"column":75},"end":{"line":442,"column":1}},"line":413},"33":{"name":"(anonymous_33)","decl":{"start":{"line":445,"column":33},"end":{"line":445,"column":34}},"loc":{"start":{"line":445,"column":59},"end":{"line":452,"column":1}},"line":445},"34":{"name":"(anonymous_34)","decl":{"start":{"line":455,"column":33},"end":{"line":455,"column":34}},"loc":{"start":{"line":455,"column":53},"end":{"line":479,"column":1}},"line":455},"35":{"name":"(anonymous_35)","decl":{"start":{"line":482,"column":33},"end":{"line":482,"column":34}},"loc":{"start":{"line":482,"column":53},"end":{"line":502,"column":1}},"line":482},"36":{"name":"(anonymous_36)","decl":{"start":{"line":504,"column":39},"end":{"line":504,"column":40}},"loc":{"start":{"line":504,"column":59},"end":{"line":515,"column":1}},"line":504},"37":{"name":"(anonymous_37)","decl":{"start":{"line":518,"column":30},"end":{"line":518,"column":31}},"loc":{"start":{"line":518,"column":56},"end":{"line":550,"column":1}},"line":518},"38":{"name":"(anonymous_38)","decl":{"start":{"line":554,"column":30},"end":{"line":554,"column":31}},"loc":{"start":{"line":554,"column":50},"end":{"line":567,"column":1}},"line":554},"39":{"name":"(anonymous_39)","decl":{"start":{"line":560,"column":69},"end":{"line":560,"column":70}},"loc":{"start":{"line":560,"column":76},"end":{"line":560,"column":109}},"line":560},"40":{"name":"(anonymous_40)","decl":{"start":{"line":570,"column":28},"end":{"line":570,"column":29}},"loc":{"start":{"line":570,"column":48},"end":{"line":579,"column":1}},"line":570},"41":{"name":"(anonymous_41)","decl":{"start":{"line":582,"column":38},"end":{"line":582,"column":39}},"loc":{"start":{"line":582,"column":58},"end":{"line":601,"column":1}},"line":582},"42":{"name":"(anonymous_42)","decl":{"start":{"line":604,"column":43},"end":{"line":604,"column":44}},"loc":{"start":{"line":604,"column":63},"end":{"line":618,"column":1}},"line":604},"43":{"name":"(anonymous_43)","decl":{"start":{"line":621,"column":43},"end":{"line":621,"column":44}},"loc":{"start":{"line":621,"column":63},"end":{"line":637,"column":1}},"line":621},"44":{"name":"(anonymous_44)","decl":{"start":{"line":642,"column":32},"end":{"line":642,"column":33}},"loc":{"start":{"line":642,"column":52},"end":{"line":673,"column":1}},"line":642},"45":{"name":"(anonymous_45)","decl":{"start":{"line":652,"column":54},"end":{"line":652,"column":55}},"loc":{"start":{"line":652,"column":61},"end":{"line":652,"column":86}},"line":652},"46":{"name":"(anonymous_46)","decl":{"start":{"line":664,"column":46},"end":{"line":664,"column":47}},"loc":{"start":{"line":664,"column":55},"end":{"line":668,"column":5}},"line":664},"47":{"name":"(anonymous_47)","decl":{"start":{"line":676,"column":34},"end":{"line":676,"column":35}},"loc":{"start":{"line":676,"column":54},"end":{"line":690,"column":1}},"line":676}},"branchMap":{"0":{"loc":{"start":{"line":14,"column":4},"end":{"line":30,"column":5}},"type":"switch","locations":[{"start":{"line":15,"column":6},"end":{"line":17,"column":14}},{"start":{"line":18,"column":6},"end":{"line":20,"column":14}},{"start":{"line":21,"column":6},"end":{"line":23,"column":14}},{"start":{"line":24,"column":6},"end":{"line":26,"column":14}},{"start":{"line":27,"column":6},"end":{"line":27,"column":21}},{"start":{"line":28,"column":6},"end":{"line":29,"column":44}}],"line":14},"1":{"loc":{"start":{"line":43,"column":2},"end":{"line":43,"column":68}},"type":"cond-expr","locations":[{"start":{"line":43,"column":30},"end":{"line":43,"column":60}},{"start":{"line":43,"column":63},"end":{"line":43,"column":68}}],"line":43},"2":{"loc":{"start":{"line":61,"column":4},"end":{"line":63,"column":5}},"type":"if","locations":[{"start":{"line":61,"column":4},"end":{"line":63,"column":5}},{"start":{},"end":{}}],"line":61},"3":{"loc":{"start":{"line":64,"column":4},"end":{"line":66,"column":5}},"type":"if","locations":[{"start":{"line":64,"column":4},"end":{"line":66,"column":5}},{"start":{},"end":{}}],"line":64},"4":{"loc":{"start":{"line":67,"column":4},"end":{"line":69,"column":5}},"type":"if","locations":[{"start":{"line":67,"column":4},"end":{"line":69,"column":5}},{"start":{},"end":{}}],"line":67},"5":{"loc":{"start":{"line":104,"column":4},"end":{"line":109,"column":5}},"type":"if","locations":[{"start":{"line":104,"column":4},"end":{"line":109,"column":5}},{"start":{},"end":{}}],"line":104},"6":{"loc":{"start":{"line":132,"column":4},"end":{"line":132,"column":82}},"type":"if","locations":[{"start":{"line":132,"column":4},"end":{"line":132,"column":82}},{"start":{},"end":{}}],"line":132},"7":{"loc":{"start":{"line":143,"column":4},"end":{"line":143,"column":82}},"type":"if","locations":[{"start":{"line":143,"column":4},"end":{"line":143,"column":82}},{"start":{},"end":{}}],"line":143},"8":{"loc":{"start":{"line":155,"column":4},"end":{"line":157,"column":5}},"type":"if","locations":[{"start":{"line":155,"column":4},"end":{"line":157,"column":5}},{"start":{},"end":{}}],"line":155},"9":{"loc":{"start":{"line":161,"column":28},"end":{"line":161,"column":53}},"type":"binary-expr","locations":[{"start":{"line":161,"column":28},"end":{"line":161,"column":48}},{"start":{"line":161,"column":52},"end":{"line":161,"column":53}}],"line":161},"10":{"loc":{"start":{"line":175,"column":4},"end":{"line":175,"column":82}},"type":"if","locations":[{"start":{"line":175,"column":4},"end":{"line":175,"column":82}},{"start":{},"end":{}}],"line":175},"11":{"loc":{"start":{"line":188,"column":4},"end":{"line":188,"column":82}},"type":"if","locations":[{"start":{"line":188,"column":4},"end":{"line":188,"column":82}},{"start":{},"end":{}}],"line":188},"12":{"loc":{"start":{"line":191,"column":4},"end":{"line":191,"column":90}},"type":"if","locations":[{"start":{"line":191,"column":4},"end":{"line":191,"column":90}},{"start":{},"end":{}}],"line":191},"13":{"loc":{"start":{"line":206,"column":6},"end":{"line":206,"column":84}},"type":"if","locations":[{"start":{"line":206,"column":6},"end":{"line":206,"column":84}},{"start":{},"end":{}}],"line":206},"14":{"loc":{"start":{"line":210,"column":6},"end":{"line":210,"column":92}},"type":"if","locations":[{"start":{"line":210,"column":6},"end":{"line":210,"column":92}},{"start":{},"end":{}}],"line":210},"15":{"loc":{"start":{"line":227,"column":6},"end":{"line":227,"column":84}},"type":"if","locations":[{"start":{"line":227,"column":6},"end":{"line":227,"column":84}},{"start":{},"end":{}}],"line":227},"16":{"loc":{"start":{"line":230,"column":30},"end":{"line":232,"column":32}},"type":"cond-expr","locations":[{"start":{"line":231,"column":10},"end":{"line":231,"column":65}},{"start":{"line":232,"column":10},"end":{"line":232,"column":32}}],"line":230},"17":{"loc":{"start":{"line":255,"column":6},"end":{"line":255,"column":84}},"type":"if","locations":[{"start":{"line":255,"column":6},"end":{"line":255,"column":84}},{"start":{},"end":{}}],"line":255},"18":{"loc":{"start":{"line":259,"column":28},"end":{"line":259,"column":49}},"type":"binary-expr","locations":[{"start":{"line":259,"column":28},"end":{"line":259,"column":44}},{"start":{"line":259,"column":48},"end":{"line":259,"column":49}}],"line":259},"19":{"loc":{"start":{"line":271,"column":12},"end":{"line":271,"column":21}},"type":"default-arg","locations":[{"start":{"line":271,"column":20},"end":{"line":271,"column":21}}],"line":271},"20":{"loc":{"start":{"line":282,"column":4},"end":{"line":282,"column":29}},"type":"if","locations":[{"start":{"line":282,"column":4},"end":{"line":282,"column":29}},{"start":{},"end":{}}],"line":282},"21":{"loc":{"start":{"line":288,"column":4},"end":{"line":288,"column":40}},"type":"if","locations":[{"start":{"line":288,"column":4},"end":{"line":288,"column":40}},{"start":{},"end":{}}],"line":288},"22":{"loc":{"start":{"line":301,"column":6},"end":{"line":301,"column":84}},"type":"if","locations":[{"start":{"line":301,"column":6},"end":{"line":301,"column":84}},{"start":{},"end":{}}],"line":301},"23":{"loc":{"start":{"line":348,"column":6},"end":{"line":348,"column":84}},"type":"if","locations":[{"start":{"line":348,"column":6},"end":{"line":348,"column":84}},{"start":{},"end":{}}],"line":348},"24":{"loc":{"start":{"line":376,"column":4},"end":{"line":378,"column":5}},"type":"if","locations":[{"start":{"line":376,"column":4},"end":{"line":378,"column":5}},{"start":{},"end":{}}],"line":376},"25":{"loc":{"start":{"line":415,"column":12},"end":{"line":415,"column":20}},"type":"default-arg","locations":[{"start":{"line":415,"column":19},"end":{"line":415,"column":20}}],"line":415},"26":{"loc":{"start":{"line":415,"column":22},"end":{"line":415,"column":32}},"type":"default-arg","locations":[{"start":{"line":415,"column":30},"end":{"line":415,"column":32}}],"line":415},"27":{"loc":{"start":{"line":415,"column":34},"end":{"line":415,"column":50}},"type":"default-arg","locations":[{"start":{"line":415,"column":43},"end":{"line":415,"column":50}}],"line":415},"28":{"loc":{"start":{"line":415,"column":52},"end":{"line":415,"column":65}},"type":"default-arg","locations":[{"start":{"line":415,"column":60},"end":{"line":415,"column":65}}],"line":415},"29":{"loc":{"start":{"line":417,"column":22},"end":{"line":417,"column":47}},"type":"cond-expr","locations":[{"start":{"line":417,"column":41},"end":{"line":417,"column":43}},{"start":{"line":417,"column":46},"end":{"line":417,"column":47}}],"line":417},"30":{"loc":{"start":{"line":420,"column":4},"end":{"line":422,"column":5}},"type":"if","locations":[{"start":{"line":420,"column":4},"end":{"line":422,"column":5}},{"start":{},"end":{}}],"line":420},"31":{"loc":{"start":{"line":459,"column":4},"end":{"line":461,"column":5}},"type":"if","locations":[{"start":{"line":459,"column":4},"end":{"line":461,"column":5}},{"start":{},"end":{}}],"line":459},"32":{"loc":{"start":{"line":473,"column":4},"end":{"line":473,"column":89}},"type":"if","locations":[{"start":{"line":473,"column":4},"end":{"line":473,"column":89}},{"start":{},"end":{}}],"line":473},"33":{"loc":{"start":{"line":486,"column":4},"end":{"line":486,"column":82}},"type":"if","locations":[{"start":{"line":486,"column":4},"end":{"line":486,"column":82}},{"start":{},"end":{}}],"line":486},"34":{"loc":{"start":{"line":507,"column":4},"end":{"line":509,"column":5}},"type":"if","locations":[{"start":{"line":507,"column":4},"end":{"line":509,"column":5}},{"start":{},"end":{}}],"line":507},"35":{"loc":{"start":{"line":524,"column":4},"end":{"line":526,"column":5}},"type":"if","locations":[{"start":{"line":524,"column":4},"end":{"line":526,"column":5}},{"start":{},"end":{}}],"line":524},"36":{"loc":{"start":{"line":529,"column":4},"end":{"line":531,"column":5}},"type":"if","locations":[{"start":{"line":529,"column":4},"end":{"line":531,"column":5}},{"start":{},"end":{}}],"line":529},"37":{"loc":{"start":{"line":529,"column":8},"end":{"line":529,"column":61}},"type":"binary-expr","locations":[{"start":{"line":529,"column":8},"end":{"line":529,"column":17}},{"start":{"line":529,"column":21},"end":{"line":529,"column":39}},{"start":{"line":529,"column":43},"end":{"line":529,"column":61}}],"line":529},"38":{"loc":{"start":{"line":558,"column":4},"end":{"line":558,"column":82}},"type":"if","locations":[{"start":{"line":558,"column":4},"end":{"line":558,"column":82}},{"start":{},"end":{}}],"line":558},"39":{"loc":{"start":{"line":573,"column":4},"end":{"line":573,"column":82}},"type":"if","locations":[{"start":{"line":573,"column":4},"end":{"line":573,"column":82}},{"start":{},"end":{}}],"line":573},"40":{"loc":{"start":{"line":588,"column":4},"end":{"line":588,"column":82}},"type":"if","locations":[{"start":{"line":588,"column":4},"end":{"line":588,"column":82}},{"start":{},"end":{}}],"line":588},"41":{"loc":{"start":{"line":591,"column":4},"end":{"line":591,"column":82}},"type":"if","locations":[{"start":{"line":591,"column":4},"end":{"line":591,"column":82}},{"start":{},"end":{}}],"line":591},"42":{"loc":{"start":{"line":593,"column":4},"end":{"line":593,"column":47}},"type":"if","locations":[{"start":{"line":593,"column":4},"end":{"line":593,"column":47}},{"start":{},"end":{}}],"line":593},"43":{"loc":{"start":{"line":594,"column":4},"end":{"line":594,"column":35}},"type":"if","locations":[{"start":{"line":594,"column":4},"end":{"line":594,"column":35}},{"start":{},"end":{}}],"line":594},"44":{"loc":{"start":{"line":609,"column":4},"end":{"line":611,"column":5}},"type":"if","locations":[{"start":{"line":609,"column":4},"end":{"line":611,"column":5}},{"start":{},"end":{}}],"line":609},"45":{"loc":{"start":{"line":609,"column":8},"end":{"line":609,"column":37}},"type":"binary-expr","locations":[{"start":{"line":609,"column":8},"end":{"line":609,"column":17}},{"start":{"line":609,"column":21},"end":{"line":609,"column":37}}],"line":609},"46":{"loc":{"start":{"line":626,"column":4},"end":{"line":626,"column":82}},"type":"if","locations":[{"start":{"line":626,"column":4},"end":{"line":626,"column":82}},{"start":{},"end":{}}],"line":626},"47":{"loc":{"start":{"line":628,"column":4},"end":{"line":631,"column":5}},"type":"if","locations":[{"start":{"line":628,"column":4},"end":{"line":631,"column":5}},{"start":{},"end":{}}],"line":628},"48":{"loc":{"start":{"line":628,"column":8},"end":{"line":628,"column":37}},"type":"binary-expr","locations":[{"start":{"line":628,"column":8},"end":{"line":628,"column":17}},{"start":{"line":628,"column":21},"end":{"line":628,"column":37}}],"line":628},"49":{"loc":{"start":{"line":647,"column":4},"end":{"line":649,"column":5}},"type":"if","locations":[{"start":{"line":647,"column":4},"end":{"line":649,"column":5}},{"start":{},"end":{}}],"line":647},"50":{"loc":{"start":{"line":653,"column":4},"end":{"line":655,"column":5}},"type":"if","locations":[{"start":{"line":653,"column":4},"end":{"line":655,"column":5}},{"start":{},"end":{}}],"line":653},"51":{"loc":{"start":{"line":659,"column":4},"end":{"line":661,"column":5}},"type":"if","locations":[{"start":{"line":659,"column":4},"end":{"line":661,"column":5}},{"start":{},"end":{}}],"line":659},"52":{"loc":{"start":{"line":665,"column":6},"end":{"line":667,"column":7}},"type":"if","locations":[{"start":{"line":665,"column":6},"end":{"line":667,"column":7}},{"start":{},"end":{}}],"line":665}},"s":{"0":0,"1":0,"2":0,"3":0,"4":0,"5":0,"6":0,"7":0,"8":0,"9":0,"10":0,"11":0,"12":0,"13":0,"14":0,"15":0,"16":0,"17":0,"18":0,"19":0,"20":0,"21":0,"22":0,"23":0,"24":0,"25":0,"26":0,"27":0,"28":0,"29":0,"30":0,"31":0,"32":0,"33":0,"34":0,"35":0,"36":0,"37":0,"38":0,"39":0,"40":0,"41":0,"42":0,"43":0,"44":0,"45":0,"46":0,"47":0,"48":0,"49":0,"50":0,"51":0,"52":0,"53":0,"54":0,"55":0,"56":0,"57":0,"58":0,"59":0,"60":0,"61":0,"62":0,"63":0,"64":0,"65":0,"66":0,"67":0,"68":0,"69":0,"70":0,"71":0,"72":0,"73":0,"74":0,"75":0,"76":0,"77":0,"78":0,"79":0,"80":0,"81":0,"82":0,"83":0,"84":0,"85":0,"86":0,"87":0,"88":0,"89":0,"90":0,"91":0,"92":0,"93":0,"94":0,"95":0,"96":0,"97":0,"98":0,"99":0,"100":0,"101":0,"102":0,"103":0,"104":0,"105":0,"106":0,"107":0,"108":0,"109":0,"110":0,"111":0,"112":0,"113":0,"114":0,"115":0,"116":0,"117":0,"118":0,"119":0,"120":0,"121":0,"122":0,"123":0,"124":0,"125":0,"126":0,"127":0,"128":0,"129":0,"130":0,"131":0,"132":0,"133":0,"134":0,"135":0,"136":0,"137":0,"138":0,"139":0,"140":0,"141":0,"142":0,"143":0,"144":0,"145":0,"146":0,"147":0,"148":0,"149":0,"150":0,"151":0,"152":0,"153":0,"154":0,"155":0,"156":0,"157":0,"158":0,"159":0,"160":0,"161":0,"162":0,"163":0,"164":0,"165":0,"166":0,"167":0,"168":0,"169":0,"170":0,"171":0,"172":0,"173":0,"174":0,"175":0,"176":0,"177":0,"178":0,"179":0,"180":0,"181":0,"182":0,"183":0,"184":0,"185":0,"186":0,"187":0,"188":0,"189":0,"190":0,"191":0,"192":0,"193":0,"194":0,"195":0,"196":0,"197":0,"198":0,"199":0,"200":0,"201":0,"202":0,"203":0,"204":0,"205":0,"206":0,"207":0,"208":0,"209":0,"210":0,"211":0,"212":0,"213":0,"214":0,"215":0,"216":0,"217":0,"218":0,"219":0,"220":0,"221":0,"222":0,"223":0,"224":0,"225":0,"226":0,"227":0,"228":0,"229":0,"230":0,"231":0,"232":0,"233":0,"234":0,"235":0,"236":0,"237":0,"238":0,"239":0,"240":0,"241":0,"242":0,"243":0,"244":0,"245":0,"246":0,"247":0,"248":0,"249":0,"250":0,"251":0,"252":0,"253":0,"254":0,"255":0,"256":0,"257":0,"258":0,"259":0,"260":0,"261":0,"262":0,"263":0,"264":0,"265":0,"266":0,"267":0,"268":0,"269":0,"270":0,"271":0,"272":0,"273":0,"274":0,"275":0,"276":0,"277":0,"278":0,"279":0,"280":0,"281":0,"282":0,"283":0,"284":0,"285":0,"286":0,"287":0,"288":0,"289":0,"290":0,"291":0,"292":0,"293":0,"294":0,"295":0,"296":0,"297":0,"298":0,"299":0,"300":0,"301":0,"302":0,"303":0,"304":0,"305":0,"306":0,"307":0,"308":0,"309":0,"310":0,"311":0,"312":0,"313":0,"314":0,"315":0,"316":0,"317":0,"318":0,"319":0,"320":0,"321":0,"322":0,"323":0,"324":0,"325":0,"326":0,"327":0,"328":0,"329":0,"330":0,"331":0,"332":0,"333":0,"334":0,"335":0,"336":0,"337":0,"338":0,"339":0,"340":0,"341":0,"342":0,"343":0,"344":0},"f":{"0":0,"1":0,"2":0,"3":0,"4":0,"5":0,"6":0,"7":0,"8":0,"9":0,"10":0,"11":0,"12":0,"13":0,"14":0,"15":0,"16":0,"17":0,"18":0,"19":0,"20":0,"21":0,"22":0,"23":0,"24":0,"25":0,"26":0,"27":0,"28":0,"29":0,"30":0,"31":0,"32":0,"33":0,"34":0,"35":0,"36":0,"37":0,"38":0,"39":0,"40":0,"41":0,"42":0,"43":0,"44":0,"45":0,"46":0,"47":0},"b":{"0":[0,0,0,0,0,0],"1":[0,0],"2":[0,0],"3":[0,0],"4":[0,0],"5":[0,0],"6":[0,0],"7":[0,0],"8":[0,0],"9":[0,0],"10":[0,0],"11":[0,0],"12":[0,0],"13":[0,0],"14":[0,0],"15":[0,0],"16":[0,0],"17":[0,0],"18":[0,0],"19":[0],"20":[0,0],"21":[0,0],"22":[0,0],"23":[0,0],"24":[0,0],"25":[0],"26":[0],"27":[0],"28":[0],"29":[0,0],"30":[0,0],"31":[0,0],"32":[0,0],"33":[0,0],"34":[0,0],"35":[0,0],"36":[0,0],"37":[0,0,0],"38":[0,0],"39":[0,0],"40":[0,0],"41":[0,0],"42":[0,0],"43":[0,0],"44":[0,0],"45":[0,0],"46":[0,0],"47":[0,0],"48":[0,0],"49":[0,0],"50":[0,0],"51":[0,0],"52":[0,0]},"all":true},"/Users/mohammadkhataei/Downloads/SE2-MainProject/server/controllers/geolocationController.mjs":{"path":"/Users/mohammadkhataei/Downloads/SE2-MainProject/server/controllers/geolocationController.mjs","statementMap":{"0":{"start":{"line":5,"column":34},"end":{"line":8,"column":1}},"1":{"start":{"line":6,"column":22},"end":{"line":6,"column":43}},"2":{"start":{"line":7,"column":2},"end":{"line":7,"column":43}},"3":{"start":{"line":10,"column":26},"end":{"line":66,"column":1}},"4":{"start":{"line":11,"column":2},"end":{"line":65,"column":3}},"5":{"start":{"line":12,"column":30},"end":{"line":12,"column":38}},"6":{"start":{"line":15,"column":4},"end":{"line":17,"column":5}},"7":{"start":{"line":16,"column":6},"end":{"line":16,"column":89}},"8":{"start":{"line":20,"column":4},"end":{"line":22,"column":5}},"9":{"start":{"line":21,"column":6},"end":{"line":21,"column":37}},"10":{"start":{"line":25,"column":19},"end":{"line":25,"column":36}},"11":{"start":{"line":26,"column":4},"end":{"line":29,"column":6}},"12":{"start":{"line":32,"column":4},"end":{"line":34,"column":5}},"13":{"start":{"line":33,"column":6},"end":{"line":33,"column":101}},"14":{"start":{"line":37,"column":4},"end":{"line":37,"column":59}},"15":{"start":{"line":40,"column":4},"end":{"line":49,"column":5}},"16":{"start":{"line":43,"column":8},"end":{"line":43,"column":109}},"17":{"start":{"line":46,"column":6},"end":{"line":48,"column":8}},"18":{"start":{"line":52,"column":17},"end":{"line":56,"column":6}},"19":{"start":{"line":58,"column":4},"end":{"line":58,"column":22}},"20":{"start":{"line":61,"column":4},"end":{"line":61,"column":31}},"21":{"start":{"line":63,"column":4},"end":{"line":63,"column":49}},"22":{"start":{"line":64,"column":4},"end":{"line":64,"column":53}},"23":{"start":{"line":70,"column":27},"end":{"line":78,"column":1}},"24":{"start":{"line":71,"column":2},"end":{"line":77,"column":3}},"25":{"start":{"line":72,"column":18},"end":{"line":72,"column":35}},"26":{"start":{"line":73,"column":4},"end":{"line":73,"column":32}},"27":{"start":{"line":75,"column":4},"end":{"line":75,"column":50}},"28":{"start":{"line":76,"column":4},"end":{"line":76,"column":86}},"29":{"start":{"line":79,"column":24},"end":{"line":130,"column":1}},"30":{"start":{"line":80,"column":2},"end":{"line":129,"column":3}},"31":{"start":{"line":81,"column":29},"end":{"line":81,"column":37}},"32":{"start":{"line":83,"column":4},"end":{"line":85,"column":5}},"33":{"start":{"line":84,"column":6},"end":{"line":84,"column":50}},"34":{"start":{"line":88,"column":28},"end":{"line":93,"column":5}},"35":{"start":{"line":90,"column":8},"end":{"line":92,"column":47}},"36":{"start":{"line":95,"column":4},"end":{"line":97,"column":5}},"37":{"start":{"line":96,"column":6},"end":{"line":96,"column":48}},"38":{"start":{"line":100,"column":27},"end":{"line":102,"column":5}},"39":{"start":{"line":101,"column":6},"end":{"line":101,"column":45}},"40":{"start":{"line":101,"column":24},"end":{"line":101,"column":44}},"41":{"start":{"line":105,"column":21},"end":{"line":112,"column":5}},"42":{"start":{"line":115,"column":19},"end":{"line":115,"column":37}},"43":{"start":{"line":116,"column":4},"end":{"line":119,"column":6}},"44":{"start":{"line":122,"column":17},"end":{"line":122,"column":35}},"45":{"start":{"line":123,"column":4},"end":{"line":123,"column":22}},"46":{"start":{"line":125,"column":4},"end":{"line":125,"column":31}},"47":{"start":{"line":127,"column":4},"end":{"line":127,"column":47}},"48":{"start":{"line":128,"column":4},"end":{"line":128,"column":53}}},"fnMap":{"0":{"name":"(anonymous_0)","decl":{"start":{"line":5,"column":34},"end":{"line":5,"column":35}},"loc":{"start":{"line":5,"column":40},"end":{"line":8,"column":1}},"line":5},"1":{"name":"(anonymous_1)","decl":{"start":{"line":10,"column":26},"end":{"line":10,"column":27}},"loc":{"start":{"line":10,"column":46},"end":{"line":66,"column":1}},"line":10},"2":{"name":"(anonymous_2)","decl":{"start":{"line":42,"column":42},"end":{"line":42,"column":43}},"loc":{"start":{"line":43,"column":8},"end":{"line":43,"column":109}},"line":43},"3":{"name":"(anonymous_3)","decl":{"start":{"line":70,"column":27},"end":{"line":70,"column":28}},"loc":{"start":{"line":70,"column":47},"end":{"line":78,"column":1}},"line":70},"4":{"name":"(anonymous_4)","decl":{"start":{"line":79,"column":24},"end":{"line":79,"column":25}},"loc":{"start":{"line":79,"column":44},"end":{"line":130,"column":1}},"line":79},"5":{"name":"(anonymous_5)","decl":{"start":{"line":89,"column":6},"end":{"line":89,"column":7}},"loc":{"start":{"line":90,"column":8},"end":{"line":92,"column":47}},"line":90},"6":{"name":"(anonymous_6)","decl":{"start":{"line":100,"column":38},"end":{"line":100,"column":39}},"loc":{"start":{"line":101,"column":6},"end":{"line":101,"column":45}},"line":101},"7":{"name":"(anonymous_7)","decl":{"start":{"line":101,"column":15},"end":{"line":101,"column":16}},"loc":{"start":{"line":101,"column":24},"end":{"line":101,"column":44}},"line":101}},"branchMap":{"0":{"loc":{"start":{"line":15,"column":4},"end":{"line":17,"column":5}},"type":"if","locations":[{"start":{"line":15,"column":4},"end":{"line":17,"column":5}},{"start":{},"end":{}}],"line":15},"1":{"loc":{"start":{"line":15,"column":8},"end":{"line":15,"column":90}},"type":"binary-expr","locations":[{"start":{"line":15,"column":8},"end":{"line":15,"column":16}},{"start":{"line":15,"column":20},"end":{"line":15,"column":46}},{"start":{"line":15,"column":50},"end":{"line":15,"column":67}},{"start":{"line":15,"column":71},"end":{"line":15,"column":90}}],"line":15},"2":{"loc":{"start":{"line":20,"column":4},"end":{"line":22,"column":5}},"type":"if","locations":[{"start":{"line":20,"column":4},"end":{"line":22,"column":5}},{"start":{},"end":{}}],"line":20},"3":{"loc":{"start":{"line":32,"column":4},"end":{"line":34,"column":5}},"type":"if","locations":[{"start":{"line":32,"column":4},"end":{"line":34,"column":5}},{"start":{},"end":{}}],"line":32},"4":{"loc":{"start":{"line":40,"column":4},"end":{"line":49,"column":5}},"type":"if","locations":[{"start":{"line":40,"column":4},"end":{"line":49,"column":5}},{"start":{},"end":{}}],"line":40},"5":{"loc":{"start":{"line":41,"column":6},"end":{"line":44,"column":7}},"type":"binary-expr","locations":[{"start":{"line":41,"column":6},"end":{"line":41,"column":41}},{"start":{"line":42,"column":6},"end":{"line":44,"column":7}}],"line":41},"6":{"loc":{"start":{"line":43,"column":8},"end":{"line":43,"column":109}},"type":"binary-expr","locations":[{"start":{"line":43,"column":8},"end":{"line":43,"column":23}},{"start":{"line":43,"column":27},"end":{"line":43,"column":66}},{"start":{"line":43,"column":70},"end":{"line":43,"column":109}}],"line":43},"7":{"loc":{"start":{"line":83,"column":4},"end":{"line":85,"column":5}},"type":"if","locations":[{"start":{"line":83,"column":4},"end":{"line":85,"column":5}},{"start":{},"end":{}}],"line":83},"8":{"loc":{"start":{"line":83,"column":8},"end":{"line":83,"column":64}},"type":"binary-expr","locations":[{"start":{"line":83,"column":8},"end":{"line":83,"column":15}},{"start":{"line":83,"column":19},"end":{"line":83,"column":41}},{"start":{"line":83,"column":45},"end":{"line":83,"column":64}}],"line":83},"9":{"loc":{"start":{"line":90,"column":8},"end":{"line":92,"column":47}},"type":"binary-expr","locations":[{"start":{"line":90,"column":8},"end":{"line":90,"column":23}},{"start":{"line":91,"column":8},"end":{"line":91,"column":47}},{"start":{"line":92,"column":8},"end":{"line":92,"column":47}}],"line":90},"10":{"loc":{"start":{"line":95,"column":4},"end":{"line":97,"column":5}},"type":"if","locations":[{"start":{"line":95,"column":4},"end":{"line":97,"column":5}},{"start":{},"end":{}}],"line":95},"11":{"loc":{"start":{"line":107,"column":18},"end":{"line":107,"column":38}},"type":"cond-expr","locations":[{"start":{"line":107,"column":25},"end":{"line":107,"column":33}},{"start":{"line":107,"column":36},"end":{"line":107,"column":38}}],"line":107}},"s":{"0":0,"1":0,"2":0,"3":0,"4":0,"5":0,"6":0,"7":0,"8":0,"9":0,"10":0,"11":0,"12":0,"13":0,"14":0,"15":0,"16":0,"17":0,"18":0,"19":0,"20":0,"21":0,"22":0,"23":0,"24":0,"25":0,"26":0,"27":0,"28":0,"29":0,"30":0,"31":0,"32":0,"33":0,"34":0,"35":0,"36":0,"37":0,"38":0,"39":0,"40":0,"41":0,"42":0,"43":0,"44":0,"45":0,"46":0,"47":0,"48":0},"f":{"0":0,"1":0,"2":0,"3":0,"4":0,"5":0,"6":0,"7":0},"b":{"0":[0,0],"1":[0,0,0,0],"2":[0,0],"3":[0,0],"4":[0,0],"5":[0,0],"6":[0,0,0],"7":[0,0],"8":[0,0,0],"9":[0,0,0],"10":[0,0],"11":[0,0]},"all":true},"/Users/mohammadkhataei/Downloads/SE2-MainProject/server/controllers/linkController.mjs":{"path":"/Users/mohammadkhataei/Downloads/SE2-MainProject/server/controllers/linkController.mjs","statementMap":{},"fnMap":{},"branchMap":{},"s":{},"f":{},"b":{},"all":true},"/Users/mohammadkhataei/Downloads/SE2-MainProject/server/controllers/resourceController.mjs":{"path":"/Users/mohammadkhataei/Downloads/SE2-MainProject/server/controllers/resourceController.mjs","statementMap":{},"fnMap":{},"branchMap":{},"s":{},"f":{},"b":{},"all":true},"/Users/mohammadkhataei/Downloads/SE2-MainProject/server/controllers/userController.mjs":{"path":"/Users/mohammadkhataei/Downloads/SE2-MainProject/server/controllers/userController.mjs","statementMap":{"0":{"start":{"line":5,"column":0},"end":{"line":5,"column":16}},"1":{"start":{"line":9,"column":29},"end":{"line":9,"column":61}},"2":{"start":{"line":11,"column":28},"end":{"line":41,"column":1}},"3":{"start":{"line":12,"column":62},"end":{"line":12,"column":70}},"4":{"start":{"line":14,"column":2},"end":{"line":40,"column":3}},"5":{"start":{"line":16,"column":25},"end":{"line":16,"column":54}},"6":{"start":{"line":17,"column":4},"end":{"line":21,"column":5}},"7":{"start":{"line":18,"column":20},"end":{"line":18,"column":53}},"8":{"start":{"line":19,"column":6},"end":{"line":19,"column":29}},"9":{"start":{"line":20,"column":6},"end":{"line":20,"column":25}},"10":{"start":{"line":24,"column":4},"end":{"line":30,"column":5}},"11":{"start":{"line":25,"column":6},"end":{"line":29,"column":7}},"12":{"start":{"line":26,"column":22},"end":{"line":26,"column":80}},"13":{"start":{"line":27,"column":8},"end":{"line":27,"column":31}},"14":{"start":{"line":28,"column":8},"end":{"line":28,"column":27}},"15":{"start":{"line":33,"column":17},"end":{"line":33,"column":58}},"16":{"start":{"line":34,"column":4},"end":{"line":34,"column":22}},"17":{"start":{"line":36,"column":4},"end":{"line":36,"column":70}},"18":{"start":{"line":38,"column":4},"end":{"line":38,"column":27}},"19":{"start":{"line":39,"column":4},"end":{"line":39,"column":16}},"20":{"start":{"line":45,"column":25},"end":{"line":69,"column":1}},"21":{"start":{"line":46,"column":30},"end":{"line":46,"column":38}},"22":{"start":{"line":48,"column":2},"end":{"line":68,"column":3}},"23":{"start":{"line":49,"column":17},"end":{"line":49,"column":46}},"24":{"start":{"line":50,"column":4},"end":{"line":54,"column":5}},"25":{"start":{"line":51,"column":20},"end":{"line":51,"column":47}},"26":{"start":{"line":52,"column":6},"end":{"line":52,"column":29}},"27":{"start":{"line":53,"column":6},"end":{"line":53,"column":25}},"28":{"start":{"line":56,"column":20},"end":{"line":56,"column":56}},"29":{"start":{"line":57,"column":4},"end":{"line":61,"column":5}},"30":{"start":{"line":58,"column":20},"end":{"line":58,"column":52}},"31":{"start":{"line":59,"column":6},"end":{"line":59,"column":29}},"32":{"start":{"line":60,"column":6},"end":{"line":60,"column":25}},"33":{"start":{"line":63,"column":18},"end":{"line":63,"column":106}},"34":{"start":{"line":64,"column":4},"end":{"line":64,"column":82}},"35":{"start":{"line":66,"column":4},"end":{"line":66,"column":27}},"36":{"start":{"line":67,"column":4},"end":{"line":67,"column":16}},"37":{"start":{"line":72,"column":27},"end":{"line":86,"column":1}},"38":{"start":{"line":73,"column":2},"end":{"line":85,"column":3}},"39":{"start":{"line":74,"column":15},"end":{"line":74,"column":49}},"40":{"start":{"line":75,"column":4},"end":{"line":79,"column":5}},"41":{"start":{"line":76,"column":20},"end":{"line":76,"column":47}},"42":{"start":{"line":77,"column":6},"end":{"line":77,"column":29}},"43":{"start":{"line":78,"column":6},"end":{"line":78,"column":25}},"44":{"start":{"line":80,"column":4},"end":{"line":80,"column":42}},"45":{"start":{"line":81,"column":4},"end":{"line":81,"column":19}},"46":{"start":{"line":83,"column":4},"end":{"line":83,"column":47}},"47":{"start":{"line":84,"column":4},"end":{"line":84,"column":16}},"48":{"start":{"line":90,"column":33},"end":{"line":104,"column":1}},"49":{"start":{"line":91,"column":26},"end":{"line":91,"column":34}},"50":{"start":{"line":92,"column":2},"end":{"line":103,"column":3}},"51":{"start":{"line":93,"column":17},"end":{"line":93,"column":92}},"52":{"start":{"line":94,"column":4},"end":{"line":98,"column":5}},"53":{"start":{"line":95,"column":20},"end":{"line":95,"column":47}},"54":{"start":{"line":96,"column":6},"end":{"line":96,"column":29}},"55":{"start":{"line":97,"column":6},"end":{"line":97,"column":25}},"56":{"start":{"line":99,"column":4},"end":{"line":99,"column":19}},"57":{"start":{"line":101,"column":4},"end":{"line":101,"column":27}},"58":{"start":{"line":102,"column":4},"end":{"line":102,"column":16}},"59":{"start":{"line":107,"column":30},"end":{"line":131,"column":1}},"60":{"start":{"line":108,"column":43},"end":{"line":108,"column":51}},"61":{"start":{"line":109,"column":2},"end":{"line":130,"column":3}},"62":{"start":{"line":110,"column":17},"end":{"line":110,"column":51}},"63":{"start":{"line":111,"column":4},"end":{"line":115,"column":5}},"64":{"start":{"line":112,"column":20},"end":{"line":112,"column":47}},"65":{"start":{"line":113,"column":6},"end":{"line":113,"column":29}},"66":{"start":{"line":114,"column":6},"end":{"line":114,"column":25}},"67":{"start":{"line":117,"column":20},"end":{"line":117,"column":63}},"68":{"start":{"line":118,"column":4},"end":{"line":122,"column":5}},"69":{"start":{"line":119,"column":20},"end":{"line":119,"column":62}},"70":{"start":{"line":120,"column":6},"end":{"line":120,"column":29}},"71":{"start":{"line":121,"column":6},"end":{"line":121,"column":25}},"72":{"start":{"line":124,"column":4},"end":{"line":124,"column":32}},"73":{"start":{"line":125,"column":4},"end":{"line":125,"column":22}},"74":{"start":{"line":126,"column":4},"end":{"line":126,"column":59}},"75":{"start":{"line":128,"column":4},"end":{"line":128,"column":27}},"76":{"start":{"line":129,"column":4},"end":{"line":129,"column":16}},"77":{"start":{"line":134,"column":30},"end":{"line":152,"column":1}},"78":{"start":{"line":135,"column":20},"end":{"line":135,"column":28}},"79":{"start":{"line":136,"column":2},"end":{"line":151,"column":3}},"80":{"start":{"line":137,"column":17},"end":{"line":137,"column":46}},"81":{"start":{"line":138,"column":4},"end":{"line":142,"column":5}},"82":{"start":{"line":139,"column":20},"end":{"line":139,"column":47}},"83":{"start":{"line":140,"column":6},"end":{"line":140,"column":29}},"84":{"start":{"line":141,"column":6},"end":{"line":141,"column":25}},"85":{"start":{"line":144,"column":18},"end":{"line":144,"column":43}},"86":{"start":{"line":145,"column":4},"end":{"line":145,"column":22}},"87":{"start":{"line":147,"column":4},"end":{"line":147,"column":67}},"88":{"start":{"line":149,"column":4},"end":{"line":149,"column":27}},"89":{"start":{"line":150,"column":4},"end":{"line":150,"column":16}},"90":{"start":{"line":155,"column":29},"end":{"line":180,"column":1}},"91":{"start":{"line":156,"column":33},"end":{"line":156,"column":41}},"92":{"start":{"line":157,"column":2},"end":{"line":179,"column":3}},"93":{"start":{"line":158,"column":17},"end":{"line":162,"column":6}},"94":{"start":{"line":163,"column":4},"end":{"line":167,"column":5}},"95":{"start":{"line":164,"column":20},"end":{"line":164,"column":57}},"96":{"start":{"line":165,"column":6},"end":{"line":165,"column":29}},"97":{"start":{"line":166,"column":6},"end":{"line":166,"column":25}},"98":{"start":{"line":170,"column":4},"end":{"line":170,"column":32}},"99":{"start":{"line":171,"column":4},"end":{"line":171,"column":40}},"100":{"start":{"line":172,"column":4},"end":{"line":172,"column":42}},"101":{"start":{"line":173,"column":4},"end":{"line":173,"column":22}},"102":{"start":{"line":175,"column":4},"end":{"line":175,"column":53}},"103":{"start":{"line":177,"column":4},"end":{"line":177,"column":27}},"104":{"start":{"line":178,"column":4},"end":{"line":178,"column":16}},"105":{"start":{"line":183,"column":33},"end":{"line":196,"column":1}},"106":{"start":{"line":184,"column":2},"end":{"line":195,"column":3}},"107":{"start":{"line":185,"column":17},"end":{"line":185,"column":60}},"108":{"start":{"line":186,"column":4},"end":{"line":190,"column":5}},"109":{"start":{"line":187,"column":20},"end":{"line":187,"column":47}},"110":{"start":{"line":188,"column":6},"end":{"line":188,"column":29}},"111":{"start":{"line":189,"column":6},"end":{"line":189,"column":25}},"112":{"start":{"line":191,"column":4},"end":{"line":191,"column":50}},"113":{"start":{"line":193,"column":4},"end":{"line":193,"column":27}},"114":{"start":{"line":194,"column":4},"end":{"line":194,"column":16}},"115":{"start":{"line":199,"column":30},"end":{"line":213,"column":1}},"116":{"start":{"line":200,"column":19},"end":{"line":200,"column":27}},"117":{"start":{"line":201,"column":2},"end":{"line":212,"column":3}},"118":{"start":{"line":202,"column":17},"end":{"line":202,"column":85}},"119":{"start":{"line":203,"column":4},"end":{"line":207,"column":5}},"120":{"start":{"line":204,"column":20},"end":{"line":204,"column":47}},"121":{"start":{"line":205,"column":6},"end":{"line":205,"column":29}},"122":{"start":{"line":206,"column":6},"end":{"line":206,"column":25}},"123":{"start":{"line":208,"column":4},"end":{"line":208,"column":19}},"124":{"start":{"line":210,"column":4},"end":{"line":210,"column":27}},"125":{"start":{"line":211,"column":4},"end":{"line":211,"column":16}}},"fnMap":{"0":{"name":"(anonymous_0)","decl":{"start":{"line":11,"column":28},"end":{"line":11,"column":29}},"loc":{"start":{"line":11,"column":54},"end":{"line":41,"column":1}},"line":11},"1":{"name":"(anonymous_1)","decl":{"start":{"line":45,"column":25},"end":{"line":45,"column":26}},"loc":{"start":{"line":45,"column":51},"end":{"line":69,"column":1}},"line":45},"2":{"name":"(anonymous_2)","decl":{"start":{"line":72,"column":27},"end":{"line":72,"column":28}},"loc":{"start":{"line":72,"column":53},"end":{"line":86,"column":1}},"line":72},"3":{"name":"(anonymous_3)","decl":{"start":{"line":90,"column":33},"end":{"line":90,"column":34}},"loc":{"start":{"line":90,"column":59},"end":{"line":104,"column":1}},"line":90},"4":{"name":"(anonymous_4)","decl":{"start":{"line":107,"column":30},"end":{"line":107,"column":31}},"loc":{"start":{"line":107,"column":56},"end":{"line":131,"column":1}},"line":107},"5":{"name":"(anonymous_5)","decl":{"start":{"line":134,"column":30},"end":{"line":134,"column":31}},"loc":{"start":{"line":134,"column":56},"end":{"line":152,"column":1}},"line":134},"6":{"name":"(anonymous_6)","decl":{"start":{"line":155,"column":29},"end":{"line":155,"column":30}},"loc":{"start":{"line":155,"column":55},"end":{"line":180,"column":1}},"line":155},"7":{"name":"(anonymous_7)","decl":{"start":{"line":183,"column":33},"end":{"line":183,"column":34}},"loc":{"start":{"line":183,"column":59},"end":{"line":196,"column":1}},"line":183},"8":{"name":"(anonymous_8)","decl":{"start":{"line":199,"column":30},"end":{"line":199,"column":31}},"loc":{"start":{"line":199,"column":56},"end":{"line":213,"column":1}},"line":199}},"branchMap":{"0":{"loc":{"start":{"line":17,"column":4},"end":{"line":21,"column":5}},"type":"if","locations":[{"start":{"line":17,"column":4},"end":{"line":21,"column":5}},{"start":{},"end":{}}],"line":17},"1":{"loc":{"start":{"line":24,"column":4},"end":{"line":30,"column":5}},"type":"if","locations":[{"start":{"line":24,"column":4},"end":{"line":30,"column":5}},{"start":{},"end":{}}],"line":24},"2":{"loc":{"start":{"line":25,"column":6},"end":{"line":29,"column":7}},"type":"if","locations":[{"start":{"line":25,"column":6},"end":{"line":29,"column":7}},{"start":{},"end":{}}],"line":25},"3":{"loc":{"start":{"line":50,"column":4},"end":{"line":54,"column":5}},"type":"if","locations":[{"start":{"line":50,"column":4},"end":{"line":54,"column":5}},{"start":{},"end":{}}],"line":50},"4":{"loc":{"start":{"line":57,"column":4},"end":{"line":61,"column":5}},"type":"if","locations":[{"start":{"line":57,"column":4},"end":{"line":61,"column":5}},{"start":{},"end":{}}],"line":57},"5":{"loc":{"start":{"line":75,"column":4},"end":{"line":79,"column":5}},"type":"if","locations":[{"start":{"line":75,"column":4},"end":{"line":79,"column":5}},{"start":{},"end":{}}],"line":75},"6":{"loc":{"start":{"line":83,"column":23},"end":{"line":83,"column":46}},"type":"binary-expr","locations":[{"start":{"line":83,"column":23},"end":{"line":83,"column":39}},{"start":{"line":83,"column":43},"end":{"line":83,"column":46}}],"line":83},"7":{"loc":{"start":{"line":94,"column":4},"end":{"line":98,"column":5}},"type":"if","locations":[{"start":{"line":94,"column":4},"end":{"line":98,"column":5}},{"start":{},"end":{}}],"line":94},"8":{"loc":{"start":{"line":111,"column":4},"end":{"line":115,"column":5}},"type":"if","locations":[{"start":{"line":111,"column":4},"end":{"line":115,"column":5}},{"start":{},"end":{}}],"line":111},"9":{"loc":{"start":{"line":118,"column":4},"end":{"line":122,"column":5}},"type":"if","locations":[{"start":{"line":118,"column":4},"end":{"line":122,"column":5}},{"start":{},"end":{}}],"line":118},"10":{"loc":{"start":{"line":138,"column":4},"end":{"line":142,"column":5}},"type":"if","locations":[{"start":{"line":138,"column":4},"end":{"line":142,"column":5}},{"start":{},"end":{}}],"line":138},"11":{"loc":{"start":{"line":163,"column":4},"end":{"line":167,"column":5}},"type":"if","locations":[{"start":{"line":163,"column":4},"end":{"line":167,"column":5}},{"start":{},"end":{}}],"line":163},"12":{"loc":{"start":{"line":186,"column":4},"end":{"line":190,"column":5}},"type":"if","locations":[{"start":{"line":186,"column":4},"end":{"line":190,"column":5}},{"start":{},"end":{}}],"line":186},"13":{"loc":{"start":{"line":203,"column":4},"end":{"line":207,"column":5}},"type":"if","locations":[{"start":{"line":203,"column":4},"end":{"line":207,"column":5}},{"start":{},"end":{}}],"line":203}},"s":{"0":0,"1":0,"2":0,"3":0,"4":0,"5":0,"6":0,"7":0,"8":0,"9":0,"10":0,"11":0,"12":0,"13":0,"14":0,"15":0,"16":0,"17":0,"18":0,"19":0,"20":0,"21":0,"22":0,"23":0,"24":0,"25":0,"26":0,"27":0,"28":0,"29":0,"30":0,"31":0,"32":0,"33":0,"34":0,"35":0,"36":0,"37":0,"38":0,"39":0,"40":0,"41":0,"42":0,"43":0,"44":0,"45":0,"46":0,"47":0,"48":0,"49":0,"50":0,"51":0,"52":0,"53":0,"54":0,"55":0,"56":0,"57":0,"58":0,"59":0,"60":0,"61":0,"62":0,"63":0,"64":0,"65":0,"66":0,"67":0,"68":0,"69":0,"70":0,"71":0,"72":0,"73":0,"74":0,"75":0,"76":0,"77":0,"78":0,"79":0,"80":0,"81":0,"82":0,"83":0,"84":0,"85":0,"86":0,"87":0,"88":0,"89":0,"90":0,"91":0,"92":0,"93":0,"94":0,"95":0,"96":0,"97":0,"98":0,"99":0,"100":0,"101":0,"102":0,"103":0,"104":0,"105":0,"106":0,"107":0,"108":0,"109":0,"110":0,"111":0,"112":0,"113":0,"114":0,"115":0,"116":0,"117":0,"118":0,"119":0,"120":0,"121":0,"122":0,"123":0,"124":0,"125":0},"f":{"0":0,"1":0,"2":0,"3":0,"4":0,"5":0,"6":0,"7":0,"8":0},"b":{"0":[0,0],"1":[0,0],"2":[0,0],"3":[0,0],"4":[0,0],"5":[0,0],"6":[0,0],"7":[0,0],"8":[0,0],"9":[0,0],"10":[0,0],"11":[0,0],"12":[0,0],"13":[0,0]},"all":true},"/Users/mohammadkhataei/Downloads/SE2-MainProject/server/controllers/visualizationController.mjs":{"path":"/Users/mohammadkhataei/Downloads/SE2-MainProject/server/controllers/visualizationController.mjs","statementMap":{"0":{"start":{"line":5,"column":28},"end":{"line":15,"column":1}},"1":{"start":{"line":6,"column":2},"end":{"line":14,"column":3}},"2":{"start":{"line":7,"column":22},"end":{"line":9,"column":13}},"3":{"start":{"line":10,"column":4},"end":{"line":10,"column":21}},"4":{"start":{"line":12,"column":4},"end":{"line":12,"column":52}},"5":{"start":{"line":13,"column":4},"end":{"line":13,"column":50}},"6":{"start":{"line":18,"column":36},"end":{"line":35,"column":1}},"7":{"start":{"line":19,"column":16},"end":{"line":24,"column":5}},"8":{"start":{"line":19,"column":38},"end":{"line":24,"column":3}},"9":{"start":{"line":23,"column":48},"end":{"line":23,"column":77}},"10":{"start":{"line":26,"column":16},"end":{"line":32,"column":3}},"11":{"start":{"line":27,"column":4},"end":{"line":31,"column":7}},"12":{"start":{"line":27,"column":34},"end":{"line":31,"column":5}},"13":{"start":{"line":34,"column":2},"end":{"line":34,"column":26}},"14":{"start":{"line":38,"column":24},"end":{"line":46,"column":1}},"15":{"start":{"line":39,"column":2},"end":{"line":45,"column":3}},"16":{"start":{"line":40,"column":18},"end":{"line":40,"column":42}},"17":{"start":{"line":41,"column":4},"end":{"line":41,"column":17}},"18":{"start":{"line":43,"column":4},"end":{"line":43,"column":48}},"19":{"start":{"line":44,"column":4},"end":{"line":44,"column":46}},"20":{"start":{"line":49,"column":32},"end":{"line":55,"column":1}},"21":{"start":{"line":50,"column":2},"end":{"line":54,"column":6}},"22":{"start":{"line":50,"column":28},"end":{"line":54,"column":3}},"23":{"start":{"line":59,"column":39},"end":{"line":81,"column":1}},"24":{"start":{"line":61,"column":50},"end":{"line":61,"column":62}},"25":{"start":{"line":60,"column":31},"end":{"line":60,"column":90}},"26":{"start":{"line":61,"column":27},"end":{"line":61,"column":45}},"27":{"start":{"line":63,"column":2},"end":{"line":80,"column":3}},"28":{"start":{"line":64,"column":22},"end":{"line":64,"column":42}},"29":{"start":{"line":65,"column":18},"end":{"line":65,"column":34}},"30":{"start":{"line":68,"column":29},"end":{"line":68,"column":60}},"31":{"start":{"line":69,"column":23},"end":{"line":69,"column":46}},"32":{"start":{"line":72,"column":4},"end":{"line":76,"column":7}},"33":{"start":{"line":78,"column":4},"end":{"line":78,"column":60}},"34":{"start":{"line":79,"column":4},"end":{"line":79,"column":75}}},"fnMap":{"0":{"name":"(anonymous_0)","decl":{"start":{"line":5,"column":28},"end":{"line":5,"column":29}},"loc":{"start":{"line":5,"column":40},"end":{"line":15,"column":1}},"line":5},"1":{"name":"(anonymous_1)","decl":{"start":{"line":18,"column":36},"end":{"line":18,"column":37}},"loc":{"start":{"line":18,"column":51},"end":{"line":35,"column":1}},"line":18},"2":{"name":"(anonymous_2)","decl":{"start":{"line":19,"column":30},"end":{"line":19,"column":31}},"loc":{"start":{"line":19,"column":38},"end":{"line":24,"column":3}},"line":19},"3":{"name":"(anonymous_3)","decl":{"start":{"line":23,"column":41},"end":{"line":23,"column":42}},"loc":{"start":{"line":23,"column":48},"end":{"line":23,"column":77}},"line":23},"4":{"name":"(anonymous_4)","decl":{"start":{"line":26,"column":34},"end":{"line":26,"column":35}},"loc":{"start":{"line":27,"column":4},"end":{"line":31,"column":7}},"line":27},"5":{"name":"(anonymous_5)","decl":{"start":{"line":27,"column":26},"end":{"line":27,"column":27}},"loc":{"start":{"line":27,"column":34},"end":{"line":31,"column":5}},"line":27},"6":{"name":"(anonymous_6)","decl":{"start":{"line":38,"column":24},"end":{"line":38,"column":25}},"loc":{"start":{"line":38,"column":36},"end":{"line":46,"column":1}},"line":38},"7":{"name":"(anonymous_7)","decl":{"start":{"line":49,"column":32},"end":{"line":49,"column":33}},"loc":{"start":{"line":49,"column":43},"end":{"line":55,"column":1}},"line":49},"8":{"name":"(anonymous_8)","decl":{"start":{"line":50,"column":19},"end":{"line":50,"column":20}},"loc":{"start":{"line":50,"column":28},"end":{"line":54,"column":3}},"line":50},"9":{"name":"(anonymous_9)","decl":{"start":{"line":59,"column":39},"end":{"line":59,"column":40}},"loc":{"start":{"line":59,"column":78},"end":{"line":81,"column":1}},"line":59},"10":{"name":"(anonymous_10)","decl":{"start":{"line":60,"column":25},"end":{"line":60,"column":26}},"loc":{"start":{"line":60,"column":31},"end":{"line":60,"column":90}},"line":60},"11":{"name":"(anonymous_11)","decl":{"start":{"line":61,"column":21},"end":{"line":61,"column":22}},"loc":{"start":{"line":61,"column":27},"end":{"line":61,"column":45}},"line":61}},"branchMap":{"0":{"loc":{"start":{"line":59,"column":56},"end":{"line":59,"column":73}},"type":"default-arg","locations":[{"start":{"line":59,"column":71},"end":{"line":59,"column":73}}],"line":59},"1":{"loc":{"start":{"line":60,"column":10},"end":{"line":60,"column":90}},"type":"default-arg","locations":[{"start":{"line":60,"column":25},"end":{"line":60,"column":90}}],"line":60},"2":{"loc":{"start":{"line":61,"column":10},"end":{"line":61,"column":45}},"type":"default-arg","locations":[{"start":{"line":61,"column":21},"end":{"line":61,"column":45}}],"line":61}},"s":{"0":0,"1":0,"2":0,"3":0,"4":0,"5":0,"6":0,"7":0,"8":0,"9":0,"10":0,"11":0,"12":0,"13":0,"14":0,"15":0,"16":0,"17":0,"18":0,"19":0,"20":0,"21":0,"22":0,"23":0,"24":0,"25":0,"26":0,"27":0,"28":0,"29":0,"30":0,"31":0,"32":0,"33":0,"34":0},"f":{"0":0,"1":0,"2":0,"3":0,"4":0,"5":0,"6":0,"7":0,"8":0,"9":0,"10":0,"11":0},"b":{"0":[0],"1":[0],"2":[0]},"all":true},"/Users/mohammadkhataei/Downloads/SE2-MainProject/server/createApp.mjs":{"path":"/Users/mohammadkhataei/Downloads/SE2-MainProject/server/createApp.mjs","statementMap":{"0":{"start":{"line":11,"column":0},"end":{"line":11,"column":16}},"1":{"start":{"line":13,"column":25},"end":{"line":24,"column":1}},"2":{"start":{"line":14,"col
[...]
umn":1}},"line":4}},"branchMap":{"0":{"loc":{"start":{"line":18,"column":4},"end":{"line":20,"column":5}},"type":"if","locations":[{"start":{"line":18,"column":4},"end":{"line":20,"column":5}},{"start":{},"end":{}}],"line":18},"1":{"loc":{"start":{"line":18,"column":8},"end":{"line":18,"column":22}},"type":"binary-expr","locations":[{"start":{"line":18,"column":8},"end":{"line":18,"column":13}},{"start":{"line":18,"column":17},"end":{"line":18,"column":22}}],"line":18}},"s":{"0":0,"1":0,"2":0,"3":0,"4":0,"5":0,"6":0,"7":0,"8":0,"9":0,"10":0,"11":0,"12":0,"13":0,"14":0,"15":0,"16":0,"17":0,"18":0},"f":{"0":0},"b":{"0":[0,0],"1":[0,0]},"all":true},"/Users/mohammadkhataei/Downloads/SE2-MainProject/server/validators/documentValidator.mjs":{"path":"/Users/mohammadkhataei/Downloads/SE2-MainProject/server/validators/documentValidator.mjs","statementMap":{"0":{"start":{"line":5,"column":32},"end":{"line":119,"column":1}},"1":{"start":{"line":41,"column":6},"end":{"line":55,"column":7}},"2":{"start":{"line":42,"column":8},"end":{"line":44,"column":9}},"3":{"start":{"line":43,"column":10},"end":{"line":43,"column":73}},"4":{"start":{"line":46,"column":30},"end":{"line":46,"column":64}},"5":{"start":{"line":48,"column":22},"end":{"line":48,"column":51}},"6":{"start":{"line":49,"column":24},"end":{"line":49,"column":68}},"7":{"start":{"line":50,"column":8},"end":{"line":52,"column":9}},"8":{"start":{"line":51,"column":10},"end":{"line":51,"column":89}},"9":{"start":{"line":54,"column":8},"end":{"line":54,"column":20}},"10":{"start":{"line":56,"column":6},"end":{"line":56,"column":18}},"11":{"start":{"line":70,"column":6},"end":{"line":76,"column":7}},"12":{"start":{"line":71,"column":8},"end":{"line":75,"column":11}},"13":{"start":{"line":72,"column":10},"end":{"line":74,"column":11}},"14":{"start":{"line":73,"column":12},"end":{"line":73,"column":84}},"15":{"start":{"line":77,"column":6},"end":{"line":77,"column":18}},"16":{"start":{"line":84,"column":6},"end":{"line":90,"column":7}},"17":{"start":{"line":85,"column":8},"end":{"line":89,"column":11}},"18":{"start":{"line":86,"column":10},"end":{"line":88,"column":11}},"19":{"start":{"line":87,"column":12},"end":{"line":87,"column":82}},"20":{"start":{"line":91,"column":6},"end":{"line":91,"column":18}},"21":{"start":{"line":98,"column":6},"end":{"line":104,"column":7}},"22":{"start":{"line":99,"column":8},"end":{"line":103,"column":11}},"23":{"start":{"line":100,"column":10},"end":{"line":102,"column":11}},"24":{"start":{"line":101,"column":12},"end":{"line":101,"column":84}},"25":{"start":{"line":105,"column":6},"end":{"line":105,"column":18}},"26":{"start":{"line":109,"column":19},"end":{"line":109,"column":40}},"27":{"start":{"line":110,"column":4},"end":{"line":116,"column":5}},"28":{"start":{"line":111,"column":6},"end":{"line":111,"column":58}},"29":{"start":{"line":112,"column":6},"end":{"line":115,"column":9}},"30":{"start":{"line":117,"column":4},"end":{"line":117,"column":11}},"31":{"start":{"line":121,"column":35},"end":{"line":171,"column":1}},"32":{"start":{"line":132,"column":6},"end":{"line":134,"column":7}},"33":{"start":{"line":133,"column":8},"end":{"line":133,"column":78}},"34":{"start":{"line":136,"column":36},"end":{"line":136,"column":41}},"35":{"start":{"line":138,"column":6},"end":{"line":140,"column":7}},"36":{"start":{"line":139,"column":8},"end":{"line":139,"column":72}},"37":{"start":{"line":142,"column":6},"end":{"line":144,"column":7}},"38":{"start":{"line":143,"column":8},"end":{"line":143,"column":75}},"39":{"start":{"line":145,"column":6},"end":{"line":147,"column":7}},"40":{"start":{"line":146,"column":8},"end":{"line":146,"column":72}},"41":{"start":{"line":149,"column":28},"end":{"line":149,"column":62}},"42":{"start":{"line":151,"column":20},"end":{"line":151,"column":37}},"43":{"start":{"line":152,"column":22},"end":{"line":152,"column":66}},"44":{"start":{"line":153,"column":6},"end":{"line":155,"column":7}},"45":{"start":{"line":154,"column":8},"end":{"line":154,"column":87}},"46":{"start":{"line":157,"column":6},"end":{"line":157,"column":18}},"47":{"start":{"line":161,"column":19},"end":{"line":161,"column":40}},"48":{"start":{"line":162,"column":4},"end":{"line":168,"column":5}},"49":{"start":{"line":163,"column":6},"end":{"line":163,"column":58}},"50":{"start":{"line":164,"column":6},"end":{"line":167,"column":9}},"51":{"start":{"line":169,"column":4},"end":{"line":169,"column":11}}},"fnMap":{"0":{"name":"(anonymous_0)","decl":{"start":{"line":40,"column":12},"end":{"line":40,"column":13}},"loc":{"start":{"line":40,"column":21},"end":{"line":57,"column":3}},"line":40},"1":{"name":"(anonymous_1)","decl":{"start":{"line":69,"column":12},"end":{"line":69,"column":13}},"loc":{"start":{"line":69,"column":23},"end":{"line":78,"column":3}},"line":69},"2":{"name":"(anonymous_2)","decl":{"start":{"line":71,"column":22},"end":{"line":71,"column":23}},"loc":{"start":{"line":71,"column":29},"end":{"line":75,"column":9}},"line":71},"3":{"name":"(anonymous_3)","decl":{"start":{"line":83,"column":12},"end":{"line":83,"column":13}},"loc":{"start":{"line":83,"column":23},"end":{"line":92,"column":3}},"line":83},"4":{"name":"(anonymous_4)","decl":{"start":{"line":85,"column":22},"end":{"line":85,"column":23}},"loc":{"start":{"line":85,"column":29},"end":{"line":89,"column":9}},"line":85},"5":{"name":"(anonymous_5)","decl":{"start":{"line":97,"column":12},"end":{"line":97,"column":13}},"loc":{"start":{"line":97,"column":23},"end":{"line":106,"column":3}},"line":97},"6":{"name":"(anonymous_6)","decl":{"start":{"line":99,"column":22},"end":{"line":99,"column":23}},"loc":{"start":{"line":99,"column":29},"end":{"line":103,"column":9}},"line":99},"7":{"name":"(anonymous_7)","decl":{"start":{"line":108,"column":2},"end":{"line":108,"column":3}},"loc":{"start":{"line":108,"column":22},"end":{"line":118,"column":3}},"line":108},"8":{"name":"(anonymous_8)","decl":{"start":{"line":131,"column":12},"end":{"line":131,"column":13}},"loc":{"start":{"line":131,"column":23},"end":{"line":158,"column":5}},"line":131},"9":{"name":"(anonymous_9)","decl":{"start":{"line":160,"column":2},"end":{"line":160,"column":3}},"loc":{"start":{"line":160,"column":22},"end":{"line":170,"column":3}},"line":160}},"branchMap":{"0":{"loc":{"start":{"line":41,"column":6},"end":{"line":55,"column":7}},"type":"if","locations":[{"start":{"line":41,"column":6},"end":{"line":55,"column":7}},{"start":{},"end":{}}],"line":41},"1":{"loc":{"start":{"line":42,"column":8},"end":{"line":44,"column":9}},"type":"if","locations":[{"start":{"line":42,"column":8},"end":{"line":44,"column":9}},{"start":{},"end":{}}],"line":42},"2":{"loc":{"start":{"line":42,"column":12},"end":{"line":42,"column":105}},"type":"binary-expr","locations":[{"start":{"line":42,"column":12},"end":{"line":42,"column":34}},{"start":{"line":42,"column":38},"end":{"line":42,"column":71}},{"start":{"line":42,"column":75},"end":{"line":42,"column":105}}],"line":42},"3":{"loc":{"start":{"line":50,"column":8},"end":{"line":52,"column":9}},"type":"if","locations":[{"start":{"line":50,"column":8},"end":{"line":52,"column":9}},{"start":{},"end":{}}],"line":50},"4":{"loc":{"start":{"line":70,"column":6},"end":{"line":76,"column":7}},"type":"if","locations":[{"start":{"line":70,"column":6},"end":{"line":76,"column":7}},{"start":{},"end":{}}],"line":70},"5":{"loc":{"start":{"line":72,"column":10},"end":{"line":74,"column":11}},"type":"if","locations":[{"start":{"line":72,"column":10},"end":{"line":74,"column":11}},{"start":{},"end":{}}],"line":72},"6":{"loc":{"start":{"line":72,"column":14},"end":{"line":72,"column":42}},"type":"binary-expr","locations":[{"start":{"line":72,"column":14},"end":{"line":72,"column":29}},{"start":{"line":72,"column":33},"end":{"line":72,"column":42}}],"line":72},"7":{"loc":{"start":{"line":84,"column":6},"end":{"line":90,"column":7}},"type":"if","locations":[{"start":{"line":84,"column":6},"end":{"line":90,"column":7}},{"start":{},"end":{}}],"line":84},"8":{"loc":{"start":{"line":86,"column":10},"end":{"line":88,"column":11}},"type":"if","locations":[{"start":{"line":86,"column":10},"end":{"line":88,"column":11}},{"start":{},"end":{}}],"line":86},"9":{"loc":{"start":{"line":86,"column":14},"end":{"line":86,"column":52}},"type":"binary-expr","locations":[{"start":{"line":86,"column":14},"end":{"line":86,"column":27}},{"start":{"line":86,"column":31},"end":{"line":86,"column":39}},{"start":{"line":86,"column":43},"end":{"line":86,"column":52}}],"line":86},"10":{"loc":{"start":{"line":98,"column":6},"end":{"line":104,"column":7}},"type":"if","locations":[{"start":{"line":98,"column":6},"end":{"line":104,"column":7}},{"start":{},"end":{}}],"line":98},"11":{"loc":{"start":{"line":100,"column":10},"end":{"line":102,"column":11}},"type":"if","locations":[{"start":{"line":100,"column":10},"end":{"line":102,"column":11}},{"start":{},"end":{}}],"line":100},"12":{"loc":{"start":{"line":100,"column":14},"end":{"line":100,"column":52}},"type":"binary-expr","locations":[{"start":{"line":100,"column":14},"end":{"line":100,"column":27}},{"start":{"line":100,"column":31},"end":{"line":100,"column":39}},{"start":{"line":100,"column":43},"end":{"line":100,"column":52}}],"line":100},"13":{"loc":{"start":{"line":110,"column":4},"end":{"line":116,"column":5}},"type":"if","locations":[{"start":{"line":110,"column":4},"end":{"line":116,"column":5}},{"start":{},"end":{}}],"line":110},"14":{"loc":{"start":{"line":132,"column":6},"end":{"line":134,"column":7}},"type":"if","locations":[{"start":{"line":132,"column":6},"end":{"line":134,"column":7}},{"start":{},"end":{}}],"line":132},"15":{"loc":{"start":{"line":138,"column":6},"end":{"line":140,"column":7}},"type":"if","locations":[{"start":{"line":138,"column":6},"end":{"line":140,"column":7}},{"start":{},"end":{}}],"line":138},"16":{"loc":{"start":{"line":138,"column":10},"end":{"line":138,"column":71}},"type":"binary-expr","locations":[{"start":{"line":138,"column":10},"end":{"line":138,"column":39}},{"start":{"line":138,"column":43},"end":{"line":138,"column":71}}],"line":138},"17":{"loc":{"start":{"line":142,"column":6},"end":{"line":144,"column":7}},"type":"if","locations":[{"start":{"line":142,"column":6},"end":{"line":144,"column":7}},{"start":{},"end":{}}],"line":142},"18":{"loc":{"start":{"line":142,"column":10},"end":{"line":142,"column":45}},"type":"binary-expr","locations":[{"start":{"line":142,"column":10},"end":{"line":142,"column":26}},{"start":{"line":142,"column":30},"end":{"line":142,"column":45}}],"line":142},"19":{"loc":{"start":{"line":145,"column":6},"end":{"line":147,"column":7}},"type":"if","locations":[{"start":{"line":145,"column":6},"end":{"line":147,"column":7}},{"start":{},"end":{}}],"line":145},"20":{"loc":{"start":{"line":145,"column":10},"end":{"line":145,"column":41}},"type":"binary-expr","locations":[{"start":{"line":145,"column":10},"end":{"line":145,"column":24}},{"start":{"line":145,"column":28},"end":{"line":145,"column":41}}],"line":145},"21":{"loc":{"start":{"line":153,"column":6},"end":{"line":155,"column":7}},"type":"if","locations":[{"start":{"line":153,"column":6},"end":{"line":155,"column":7}},{"start":{},"end":{}}],"line":153},"22":{"loc":{"start":{"line":162,"column":4},"end":{"line":168,"column":5}},"type":"if","locations":[{"start":{"line":162,"column":4},"end":{"line":168,"column":5}},{"start":{},"end":{}}],"line":162}},"s":{"0":0,"1":0,"2":0,"3":0,"4":0,"5":0,"6":0,"7":0,"8":0,"9":0,"10":0,"11":0,"12":0,"13":0,"14":0,"15":0,"16":0,"17":0,"18":0,"19":0,"20":0,"21":0,"22":0,"23":0,"24":0,"25":0,"26":0,"27":0,"28":0,"29":0,"30":0,"31":0,"32":0,"33":0,"34":0,"35":0,"36":0,"37":0,"38":0,"39":0,"40":0,"41":0,"42":0,"43":0,"44":0,"45":0,"46":0,"47":0,"48":0,"49":0,"50":0,"51":0},"f":{"0":0,"1":0,"2":0,"3":0,"4":0,"5":0,"6":0,"7":0,"8":0,"9":0},"b":{"0":[0,0],"1":[0,0],"2":[0,0,0],"3":[0,0],"4":[0,0],"5":[0,0],"6":[0,0],"7":[0,0],"8":[0,0],"9":[0,0,0],"10":[0,0],"11":[0,0],"12":[0,0,0],"13":[0,0],"14":[0,0],"15":[0,0],"16":[0,0],"17":[0,0],"18":[0,0],"19":[0,0],"20":[0,0],"21":[0,0],"22":[0,0]},"all":true},"/Users/mohammadkhataei/Downloads/SE2-MainProject/server/validators/geolocationValidator.mjs":{"path":"/Users/mohammadkhataei/Downloads/SE2-MainProject/server/validators/geolocationValidator.mjs","statementMap":{"0":{"start":{"line":5,"column":28},"end":{"line":84,"column":1}},"1":{"start":{"line":10,"column":4},"end":{"line":12,"column":5}},"2":{"start":{"line":11,"column":6},"end":{"line":11,"column":64}},"3":{"start":{"line":14,"column":25},"end":{"line":14,"column":32}},"4":{"start":{"line":16,"column":4},"end":{"line":18,"column":5}},"5":{"start":{"line":17,"column":6},"end":{"line":17,"column":85}},"6":{"start":{"line":20,"column":24},"end":{"line":20,"column":44}},"7":{"start":{"line":22,"column":4},"end":{"line":24,"column":5}},"8":{"start":{"line":23,"column":6},"end":{"line":23,"column":87}},"9":{"start":{"line":26,"column":17},"end":{"line":26,"column":31}},"10":{"start":{"line":28,"column":4},"end":{"line":30,"column":5}},"11":{"start":{"line":29,"column":6},"end":{"line":29,"column":63}},"12":{"start":{"line":32,"column":23},"end":{"line":32,"column":30}},"13":{"start":{"line":33,"column":22},"end":{"line":33,"column":43}},"14":{"start":{"line":34,"column":4},"end":{"line":36,"column":5}},"15":{"start":{"line":35,"column":6},"end":{"line":35,"column":90}},"16":{"start":{"line":38,"column":4},"end":{"line":63,"column":7}},"17":{"start":{"line":39,"column":6},"end":{"line":41,"column":7}},"18":{"start":{"line":40,"column":8},"end":{"line":40,"column":80}},"19":{"start":{"line":43,"column":36},"end":{"line":43,"column":41}},"20":{"start":{"line":45,"column":6},"end":{"line":47,"column":7}},"21":{"start":{"line":46,"column":8},"end":{"line":46,"column":87}},"22":{"start":{"line":49,"column":6},"end":{"line":51,"column":7}},"23":{"start":{"line":50,"column":8},"end":{"line":50,"column":87}},"24":{"start":{"line":52,"column":6},"end":{"line":54,"column":7}},"25":{"start":{"line":53,"column":8},"end":{"line":53,"column":84}},"26":{"start":{"line":57,"column":28},"end":{"line":57,"column":62}},"27":{"start":{"line":58,"column":21},"end":{"line":58,"column":54}},"28":{"start":{"line":59,"column":21},"end":{"line":59,"column":65}},"29":{"start":{"line":60,"column":6},"end":{"line":62,"column":7}},"30":{"start":{"line":61,"column":8},"end":{"line":61,"column":90}},"31":{"start":{"line":65,"column":4},"end":{"line":65,"column":16}},"32":{"start":{"line":74,"column":19},"end":{"line":74,"column":40}},"33":{"start":{"line":75,"column":4},"end":{"line":81,"column":5}},"34":{"start":{"line":76,"column":6},"end":{"line":76,"column":58}},"35":{"start":{"line":77,"column":6},"end":{"line":80,"column":9}},"36":{"start":{"line":82,"column":4},"end":{"line":82,"column":11}}},"fnMap":{"0":{"name":"(anonymous_0)","decl":{"start":{"line":9,"column":10},"end":{"line":9,"column":11}},"loc":{"start":{"line":9,"column":23},"end":{"line":66,"column":3}},"line":9},"1":{"name":"(anonymous_1)","decl":{"start":{"line":38,"column":17},"end":{"line":38,"column":18}},"loc":{"start":{"line":38,"column":35},"end":{"line":63,"column":5}},"line":38},"2":{"name":"(anonymous_2)","decl":{"start":{"line":73,"column":2},"end":{"line":73,"column":3}},"loc":{"start":{"line":73,"column":22},"end":{"line":83,"column":3}},"line":73}},"branchMap":{"0":{"loc":{"start":{"line":10,"column":4},"end":{"line":12,"column":5}},"type":"if","locations":[{"start":{"line":10,"column":4},"end":{"line":12,"column":5}},{"start":{},"end":{}}],"line":10},"1":{"loc":{"start":{"line":16,"column":4},"end":{"line":18,"column":5}},"type":"if","locations":[{"start":{"line":16,"column":4},"end":{"line":18,"column":5}},{"start":{},"end":{}}],"line":16},"2":{"loc":{"start":{"line":16,"column":8},"end":{"line":16,"column":48}},"type":"binary-expr","locations":[{"start":{"line":16,"column":8},"end":{"line":16,"column":17}},{"start":{"line":16,"column":21},"end":{"line":16,"column":48}}],"line":16},"3":{"loc":{"start":{"line":22,"column":4},"end":{"line":24,"column":5}},"type":"if","locations":[{"start":{"line":22,"column":4},"end":{"line":24,"column":5}},{"start":{},"end":{}}],"line":22},"4":{"loc":{"start":{"line":22,"column":8},"end":{"line":22,"column":63}},"type":"binary-expr","locations":[{"start":{"line":22,"column":8},"end":{"line":22,"column":35}},{"start":{"line":22,"column":39},"end":{"line":22,"column":63}}],"line":22},"5":{"loc":{"start":{"line":28,"column":4},"end":{"line":30,"column":5}},"type":"if","locations":[{"start":{"line":28,"column":4},"end":{"line":30,"column":5}},{"start":{},"end":{}}],"line":28},"6":{"loc":{"start":{"line":28,"column":8},"end":{"line":28,"column":47}},"type":"binary-expr","locations":[{"start":{"line":28,"column":8},"end":{"line":28,"column":28}},{"start":{"line":28,"column":32},"end":{"line":28,"column":47}}],"line":28},"7":{"loc":{"start":{"line":34,"column":4},"end":{"line":36,"column":5}},"type":"if","locations":[{"start":{"line":34,"column":4},"end":{"line":36,"column":5}},{"start":{},"end":{}}],"line":34},"8":{"loc":{"start":{"line":34,"column":8},"end":{"line":34,"column":72}},"type":"binary-expr","locations":[{"start":{"line":34,"column":8},"end":{"line":34,"column":38}},{"start":{"line":34,"column":42},"end":{"line":34,"column":72}}],"line":34},"9":{"loc":{"start":{"line":39,"column":6},"end":{"line":41,"column":7}},"type":"if","locations":[{"start":{"line":39,"column":6},"end":{"line":41,"column":7}},{"start":{},"end":{}}],"line":39},"10":{"loc":{"start":{"line":39,"column":10},"end":{"line":39,"column":53}},"type":"binary-expr","locations":[{"start":{"line":39,"column":10},"end":{"line":39,"column":31}},{"start":{"line":39,"column":35},"end":{"line":39,"column":53}}],"line":39},"11":{"loc":{"start":{"line":45,"column":6},"end":{"line":47,"column":7}},"type":"if","locations":[{"start":{"line":45,"column":6},"end":{"line":47,"column":7}},{"start":{},"end":{}}],"line":45},"12":{"loc":{"start":{"line":45,"column":10},"end":{"line":45,"column":71}},"type":"binary-expr","locations":[{"start":{"line":45,"column":10},"end":{"line":45,"column":39}},{"start":{"line":45,"column":43},"end":{"line":45,"column":71}}],"line":45},"13":{"loc":{"start":{"line":49,"column":6},"end":{"line":51,"column":7}},"type":"if","locations":[{"start":{"line":49,"column":6},"end":{"line":51,"column":7}},{"start":{},"end":{}}],"line":49},"14":{"loc":{"start":{"line":49,"column":10},"end":{"line":49,"column":45}},"type":"binary-expr","locations":[{"start":{"line":49,"column":10},"end":{"line":49,"column":26}},{"start":{"line":49,"column":30},"end":{"line":49,"column":45}}],"line":49},"15":{"loc":{"start":{"line":52,"column":6},"end":{"line":54,"column":7}},"type":"if","locations":[{"start":{"line":52,"column":6},"end":{"line":54,"column":7}},{"start":{},"end":{}}],"line":52},"16":{"loc":{"start":{"line":52,"column":10},"end":{"line":52,"column":41}},"type":"binary-expr","locations":[{"start":{"line":52,"column":10},"end":{"line":52,"column":24}},{"start":{"line":52,"column":28},"end":{"line":52,"column":41}}],"line":52},"17":{"loc":{"start":{"line":60,"column":6},"end":{"line":62,"column":7}},"type":"if","locations":[{"start":{"line":60,"column":6},"end":{"line":62,"column":7}},{"start":{},"end":{}}],"line":60},"18":{"loc":{"start":{"line":75,"column":4},"end":{"line":81,"column":5}},"type":"if","locations":[{"start":{"line":75,"column":4},"end":{"line":81,"column":5}},{"start":{},"end":{}}],"line":75}},"s":{"0":0,"1":0,"2":0,"3":0,"4":0,"5":0,"6":0,"7":0,"8":0,"9":0,"10":0,"11":0,"12":0,"13":0,"14":0,"15":0,"16":0,"17":0,"18":0,"19":0,"20":0,"21":0,"22":0,"23":0,"24":0,"25":0,"26":0,"27":0,"28":0,"29":0,"30":0,"31":0,"32":0,"33":0,"34":0,"35":0,"36":0},"f":{"0":0,"1":0,"2":0},"b":{"0":[0,0],"1":[0,0],"2":[0,0],"3":[0,0],"4":[0,0],"5":[0,0],"6":[0,0],"7":[0,0],"8":[0,0],"9":[0,0],"10":[0,0],"11":[0,0],"12":[0,0],"13":[0,0],"14":[0,0],"15":[0,0],"16":[0,0],"17":[0,0],"18":[0,0]},"all":true}}