{"/Users/mohammadkhataei/Downloads/SE2-MainProject/client/src/App.jsx": {"path":"/Users/mohammadkhataei/Downloads/SE2-MainProject/client/src/App.jsx","statementMap":{"0":{"start":{"line":17,"column":23},"end":{"line":17,"column":46}},"1":{"start":{"line":18,"column":17},"end":{"line":58,"column":4}},"2":{"start":{"line":60,"column":2},"end":{"line":64,"column":4}}},"fnMap":{"0":{"name":"App","decl":{"start":{"line":16,"column":9},"end":{"line":16,"column":12}},"loc":{"start":{"line":16,"column":15},"end":{"line":65,"column":1}},"line":16}},"branchMap":{"0":{"loc":{"start":{"line":37,"column":19},"end":{"line":37,"column":71}},"type":"cond-expr","locations":[{"start":{"line":37,"column":30},"end":{"line":37,"column":52}},{"start":{"line":37,"column":55},"end":{"line":37,"column":71}}],"line":37},"1":{"loc":{"start":{"line":41,"column":19},"end":{"line":41,"column":69}},"type":"cond-expr","locations":[{"start":{"line":41,"column":30},"end":{"line":41,"column":52}},{"start":{"line":41,"column":55},"end":{"line":41,"column":69}}],"line":41}},"s":{"0":0,"1":0,"2":0},"f":{"0":0},"b":{"0":[0,0],"1":[0,0]}}
,"/Users/mohammadkhataei/Downloads/SE2-MainProject/client/src/main.jsx": {"path":"/Users/mohammadkhataei/Downloads/SE2-MainProject/client/src/main.jsx","statementMap":{"0":{"start":{"line":9,"column":0},"end":{"line":15,"column":1}}},"fnMap":{},"branchMap":{},"s":{"0":0},"f":{},"b":{}}
,"/Users/mohammadkhataei/Downloads/SE2-MainProject/client/src/components/AddDocumentButton.jsx": {"path":"/Users/mohammadkhataei/Downloads/SE2-MainProject/client/src/components/AddDocumentButton.jsx","statementMap":{"0":{"start":{"line":14,"column":21},"end":{"line":14,"column":34}},"1":{"start":{"line":15,"column":52},"end":{"line":15,"column":66}},"2":{"start":{"line":16,"column":25},"end":{"line":16,"column":48}},"3":{"start":{"line":17,"column":42},"end":{"line":17,"column":76}},"4":{"start":{"line":20,"column":29},"end":{"line":31,"column":5}},"5":{"start":{"line":21,"column":23},"end":{"line":21,"column":45}},"6":{"start":{"line":22,"column":21},"end":{"line":22,"column":26}},"7":{"start":{"line":23,"column":8},"end":{"line":29,"column":9}},"8":{"start":{"line":23,"column":21},"end":{"line":23,"column":22}},"9":{"start":{"line":23,"column":28},"end":{"line":23,"column":41}},"10":{"start":{"line":24,"column":29},"end":{"line":24,"column":34}},"11":{"start":{"line":25,"column":29},"end":{"line":25,"column":34}},"12":{"start":{"line":26,"column":30},"end":{"line":27,"column":59}},"13":{"start":{"line":28,"column":12},"end":{"line":28,"column":44}},"14":{"start":{"line":28,"column":27},"end":{"line":28,"column":44}},"15":{"start":{"line":30,"column":8},"end":{"line":30,"column":22}},"16":{"start":{"line":33,"column":40},"end":{"line":35,"column":5}},"17":{"start":{"line":34,"column":8},"end":{"line":34,"column":73}},"18":{"start":{"line":39,"column":33},"end":{"line":41,"column":5}},"19":{"start":{"line":40,"column":8},"end":{"line":40,"column":54}},"20":{"start":{"line":43,"column":38},"end":{"line":45,"column":5}},"21":{"start":{"line":44,"column":8},"end":{"line":44,"column":59}},"22":{"start":{"line":47,"column":27},"end":{"line":118,"column":5}},"23":{"start":{"line":48,"column":8},"end":{"line":115,"column":11}},"24":{"start":{"line":51,"column":16},"end":{"line":58,"column":17}},"25":{"start":{"line":52,"column":38},"end":{"line":55,"column":21}},"26":{"start":{"line":57,"column":20},"end":{"line":57,"column":46}},"27":{"start":{"line":61,"column":16},"end":{"line":113,"column":17}},"28":{"start":{"line":63,"column":20},"end":{"line":76,"column":21}},"29":{"start":{"line":64,"column":47},"end":{"line":66,"column":25}},"30":{"start":{"line":65,"column":28},"end":{"line":65,"column":66}},"31":{"start":{"line":68,"column":24},"end":{"line":75,"column":25}},"32":{"start":{"line":69,"column":28},"end":{"line":69,"column":81}},"33":{"start":{"line":70,"column":28},"end":{"line":70,"column":97}},"34":{"start":{"line":71,"column":28},"end":{"line":71,"column":80}},"35":{"start":{"line":72,"column":28},"end":{"line":72,"column":35}},"36":{"start":{"line":74,"column":28},"end":{"line":74,"column":77}},"37":{"start":{"line":79,"column":20},"end":{"line":110,"column":21}},"38":{"start":{"line":80,"column":45},"end":{"line":80,"column":53}},"39":{"start":{"line":83,"column":51},"end":{"line":86,"column":25}},"40":{"start":{"line":89,"column":24},"end":{"line":105,"column":25}},"41":{"start":{"line":90,"column":28},"end":{"line":102,"column":35}},"42":{"start":{"line":96,"column":36},"end":{"line":96,"column":85}},"43":{"start":{"line":97,"column":36},"end":{"line":97,"column":106}},"44":{"start":{"line":98,"column":36},"end":{"line":98,"column":52}},"45":{"start":{"line":101,"column":36},"end":{"line":101,"column":94}},"46":{"start":{"line":104,"column":28},"end":{"line":104,"column":118}},"47":{"start":{"line":108,"column":24},"end":{"line":108,"column":50}},"48":{"start":{"line":109,"column":24},"end":{"line":109,"column":76}},"49":{"start":{"line":112,"column":20},"end":{"line":112,"column":87}},"50":{"start":{"line":117,"column":8},"end":{"line":117,"column":20}},"51":{"start":{"line":120,"column":4},"end":{"line":178,"column":6}},"52":{"start":{"line":136,"column":23},"end":{"line":136,"column":79}},"53":{"start":{"line":138,"column":12},"end":{"line":140,"column":13}},"54":{"start":{"line":139,"column":16},"end":{"line":139,"column":73}},"55":{"start":{"line":169,"column":31},"end":{"line":169,"column":82}},"56":{"start":{"line":181,"column":0},"end":{"line":189,"column":2}}},"fnMap":{"0":{"name":"AddDocumentButton","decl":{"start":{"line":13,"column":9},"end":{"line":13,"column":26}},"loc":{"start":{"line":13,"column":96},"end":{"line":179,"column":1}},"line":13},"1":{"name":"(anonymous_1)","decl":{"start":{"line":20,"column":29},"end":{"line":20,"column":30}},"loc":{"start":{"line":20,"column":44},"end":{"line":31,"column":5}},"line":20},"2":{"name":"(anonymous_2)","decl":{"start":{"line":33,"column":40},"end":{"line":33,"column":41}},"loc":{"start":{"line":33,"column":46},"end":{"line":35,"column":5}},"line":33},"3":{"name":"(anonymous_3)","decl":{"start":{"line":39,"column":33},"end":{"line":39,"column":34}},"loc":{"start":{"line":39,"column":39},"end":{"line":41,"column":5}},"line":39},"4":{"name":"(anonymous_4)","decl":{"start":{"line":43,"column":38},"end":{"line":43,"column":39}},"loc":{"start":{"line":43,"column":44},"end":{"line":45,"column":5}},"line":43},"5":{"name":"(anonymous_5)","decl":{"start":{"line":47,"column":27},"end":{"line":47,"column":28}},"loc":{"start":{"line":47,"column":33},"end":{"line":118,"column":5}},"line":47},"6":{"name":"(anonymous_6)","decl":{"start":{"line":49,"column":23},"end":{"line":49,"column":24}},"loc":{"start":{"line":49,"column":30},"end":{"line":59,"column":13}},"line":49},"7":{"name":"(anonymous_7)","decl":{"start":{"line":60,"column":19},"end":{"line":60,"column":20}},"loc":{"start":{"line":60,"column":26},"end":{"line":114,"column":13}},"line":60},"8":{"name":"(anonymous_8)","decl":{"start":{"line":64,"column":77},"end":{"line":64,"column":78}},"loc":{"start":{"line":65,"column":28},"end":{"line":65,"column":66}},"line":65},"9":{"name":"(anonymous_9)","decl":{"start":{"line":95,"column":38},"end":{"line":95,"column":39}},"loc":{"start":{"line":95,"column":44},"end":{"line":99,"column":33}},"line":95},"10":{"name":"(anonymous_10)","decl":{"start":{"line":100,"column":39},"end":{"line":100,"column":40}},"loc":{"start":{"line":100,"column":48},"end":{"line":102,"column":33}},"line":100},"11":{"name":"(anonymous_11)","decl":{"start":{"line":136,"column":17},"end":{"line":136,"column":18}},"loc":{"start":{"line":136,"column":23},"end":{"line":136,"column":79}},"line":136},"12":{"name":"(anonymous_12)","decl":{"start":{"line":137,"column":19},"end":{"line":137,"column":20}},"loc":{"start":{"line":137,"column":26},"end":{"line":141,"column":9}},"line":137},"13":{"name":"(anonymous_13)","decl":{"start":{"line":169,"column":25},"end":{"line":169,"column":26}},"loc":{"start":{"line":169,"column":31},"end":{"line":169,"column":82}},"line":169}},"branchMap":{"0":{"loc":{"start":{"line":26,"column":30},"end":{"line":27,"column":59}},"type":"binary-expr","locations":[{"start":{"line":26,"column":31},"end":{"line":26,"column":52}},{"start":{"line":27,"column":17},"end":{"line":27,"column":58}}],"line":26},"1":{"loc":{"start":{"line":28,"column":12},"end":{"line":28,"column":44}},"type":"if","locations":[{"start":{"line":28,"column":12},"end":{"line":28,"column":44}},{"start":{},"end":{}}],"line":28},"2":{"loc":{"start":{"line":51,"column":16},"end":{"line":58,"column":17}},"type":"if","locations":[{"start":{"line":51,"column":16},"end":{"line":58,"column":17}},{"start":{},"end":{}}],"line":51},"3":{"loc":{"start":{"line":51,"column":20},"end":{"line":51,"column":104}},"type":"binary-expr","locations":[{"start":{"line":51,"column":20},"end":{"line":51,"column":64}},{"start":{"line":51,"column":68},"end":{"line":51,"column":76}},{"start":{"line":51,"column":80},"end":{"line":51,"column":104}}],"line":51},"4":{"loc":{"start":{"line":63,"column":20},"end":{"line":76,"column":21}},"type":"if","locations":[{"start":{"line":63,"column":20},"end":{"line":76,"column":21}},{"start":{},"end":{}}],"line":63},"5":{"loc":{"start":{"line":63,"column":24},"end":{"line":63,"column":110}},"type":"binary-expr","locations":[{"start":{"line":63,"column":24},"end":{"line":63,"column":69}},{"start":{"line":63,"column":73},"end":{"line":63,"column":81}},{"start":{"line":63,"column":85},"end":{"line":63,"column":110}}],"line":63},"6":{"loc":{"start":{"line":68,"column":24},"end":{"line":75,"column":25}},"type":"if","locations":[{"start":{"line":68,"column":24},"end":{"line":75,"column":25}},{"start":{"line":73,"column":31},"end":{"line":75,"column":25}}],"line":68},"7":{"loc":{"start":{"line":79,"column":20},"end":{"line":110,"column":21}},"type":"if","locations":[{"start":{"line":79,"column":20},"end":{"line":110,"column":21}},{"start":{},"end":{}}],"line":79},"8":{"loc":{"start":{"line":122,"column":9},"end":{"line":123,"column":30}},"type":"binary-expr","locations":[{"start":{"line":122,"column":9},"end":{"line":122,"column":53}},{"start":{"line":123,"column":12},"end":{"line":123,"column":30}}],"line":122},"9":{"loc":{"start":{"line":127,"column":9},"end":{"line":175,"column":1}},"type":"binary-expr","locations":[{"start":{"line":127,"column":9},"end":{"line":127,"column":17}},{"start":{"line":128,"column":4},"end":{"line":174,"column":10}}],"line":127},"10":{"loc":{"start":{"line":131,"column":14},"end":{"line":133,"column":38}},"type":"cond-expr","locations":[{"start":{"line":133,"column":18},"end":{"line":133,"column":33}},{"start":{"line":133,"column":36},"end":{"line":133,"column":38}}],"line":131},"11":{"loc":{"start":{"line":131,"column":14},"end":{"line":132,"column":61}},"type":"binary-expr","locations":[{"start":{"line":131,"column":14},"end":{"line":131,"column":70}},{"start":{"line":132,"column":16},"end":{"line":132,"column":61}}],"line":131},"12":{"loc":{"start":{"line":138,"column":12},"end":{"line":140,"column":13}},"type":"if","locations":[{"start":{"line":138,"column":12},"end":{"line":140,"column":13}},{"start":{},"end":{}}],"line":138},"13":{"loc":{"start":{"line":138,"column":16},"end":{"line":138,"column":50}},"type":"binary-expr","locations":[{"start":{"line":138,"column":16},"end":{"line":138,"column":33}},{"start":{"line":138,"column":37},"end":{"line":138,"column":50}}],"line":138},"14":{"loc":{"start":{"line":143,"column":9},"end":{"line":158,"column":9}},"type":"binary-expr","locations":[{"start":{"line":143,"column":9},"end":{"line":143,"column":65}},{"start":{"line":144,"column":12},"end":{"line":157,"column":18}}],"line":143},"15":{"loc":{"start":{"line":160,"column":9},"end":{"line":165,"column":9}},"type":"binary-expr","locations":[{"start":{"line":160,"column":9},"end":{"line":160,"column":54}},{"start":{"line":160,"column":58},"end":{"line":160,"column":73}},{"start":{"line":160,"column":77},"end":{"line":160,"column":92}},{"start":{"line":161,"column":12},"end":{"line":164,"column":18}}],"line":160},"16":{"loc":{"start":{"line":167,"column":9},"end":{"line":173,"column":9}},"type":"cond-expr","locations":[{"start":{"line":168,"column":12},"end":{"line":170,"column":14}},{"start":{"line":172,"column":12},"end":{"line":172,"column":45}}],"line":167}},"s":{"0":0,"1":0,"2":0,"3":0,"4":0,"5":0,"6":0,"7":0,"8":0,"9":0,"10":0,"11":0,"12":0,"13":0,"14":0,"15":0,"16":0,"17":0,"18":0,"19":0,"20":0,"21":0,"22":0,"23":0,"24":0,"25":0,"26":0,"27":0,"28":0,"29":0,"30":0,"31":0,"32":0,"33":0,"34":0,"35":0,"36":0,"37":0,"38":0,"39":0,"40":0,"41":0,"42":0,"43":0,"44":0,"45":0,"46":0,"47":0,"48":0,"49":0,"50":0,"51":0,"52":0,"53":0,"54":0,"55":0,"56":1},"f":{"0":0,"1":0,"2":0,"3":0,"4":0,"5":0,"6":0,"7":0,"8":0,"9":0,"10":0,"11":0,"12":0,"13":0},"b":{"0":[0,0],"1":[0,0],"2":[0,0],"3":[0,0,0],"4":[0,0],"5":[0,0,0],"6":[0,0],"7":[0,0],"8":[0,0],"9":[0,0],"10":[0,0],"11":[0,0],"12":[0,0],"13":[0,0],"14":[0,0],"15":[0,0,0,0],"16":[0,0]},"_coverageSchema":"1a1c01bbd47fc00a2c39e90264f33305004495a9","hash":"3594b3509b3128969c4e69cf9a13ca4295d765ea"}
,"/Users/mohammadkhataei/Downloads/SE2-MainProject/client/src/components/CardDocument.jsx": {"path":"/Users/mohammadkhataei/Downloads/SE2-MainProject/client/src/components/CardDocument.jsx","statementMap":{"0":{"start":{"line":16,"column":23},"end":{"line":172,"column":1}},"1":{"start":{"line":17,"column":23},"end":{"line":17,"column":46}},"2":{"start":{"line":18,"column":24},"end":{"line":18,"column":44}},"3":{"start":{"line":19,"column":19},"end":{"line":19,"column":73}},"4":{"start":{"line":19,"column":41},"end":{"line":19,"column":66}},"5":{"start":{"line":21,"column":36},"end":{"line":21,"column":51}},"6":{"start":{"line":22,"column":52},"end":{"line":22,"column":67}},"7":{"start":{"line":23,"column":44},"end":{"line":23,"column":59}},"8":{"start":{"line":25,"column":30},"end":{"line":27,"column":3}},"9":{"start":{"line":26,"column":4},"end":{"line":26,"column":24}},"10":{"start":{"line":29,"column":2},"end":{"line":171,"column":4}},"11":{"start":{"line":45,"column":16},"end":{"line":45,"column":82}},"12":{"start":{"line":75,"column":20},"end":{"line":77,"column":36}},"13":{"start":{"line":88,"column":31},"end":{"line":88,"column":49}},"14":{"start":{"line":106,"column":25},"end":{"line":106,"column":44}},"15":{"start":{"line":114,"column":25},"end":{"line":114,"column":52}},"16":{"start":{"line":121,"column":25},"end":{"line":121,"column":48}},"17":{"start":{"line":130,"column":29},"end":{"line":130,"column":51}},"18":{"start":{"line":141,"column":31},"end":{"line":141,"column":57}},"19":{"start":{"line":154,"column":18},"end":{"line":154,"column":34}},"20":{"start":{"line":155,"column":18},"end":{"line":158,"column":24}},"21":{"start":{"line":156,"column":20},"end":{"line":156,"column":57}},"22":{"start":{"line":157,"column":20},"end":{"line":157,"column":50}},"23":{"start":{"line":174,"column":0},"end":{"line":179,"column":2}}},"fnMap":{"0":{"name":"(anonymous_0)","decl":{"start":{"line":16,"column":23},"end":{"line":16,"column":24}},"loc":{"start":{"line":16,"column":34},"end":{"line":172,"column":1}},"line":16},"1":{"name":"(anonymous_1)","decl":{"start":{"line":19,"column":34},"end":{"line":19,"column":35}},"loc":{"start":{"line":19,"column":41},"end":{"line":19,"column":66}},"line":19},"2":{"name":"(anonymous_2)","decl":{"start":{"line":25,"column":30},"end":{"line":25,"column":31}},"loc":{"start":{"line":25,"column":42},"end":{"line":27,"column":3}},"line":25},"3":{"name":"(anonymous_3)","decl":{"start":{"line":44,"column":40},"end":{"line":44,"column":41}},"loc":{"start":{"line":45,"column":16},"end":{"line":45,"column":82}},"line":45},"4":{"name":"(anonymous_4)","decl":{"start":{"line":74,"column":45},"end":{"line":74,"column":46}},"loc":{"start":{"line":75,"column":20},"end":{"line":77,"column":36}},"line":75},"5":{"name":"(anonymous_5)","decl":{"start":{"line":88,"column":25},"end":{"line":88,"column":26}},"loc":{"start":{"line":88,"column":31},"end":{"line":88,"column":49}},"line":88},"6":{"name":"(anonymous_6)","decl":{"start":{"line":106,"column":19},"end":{"line":106,"column":20}},"loc":{"start":{"line":106,"column":25},"end":{"line":106,"column":44}},"line":106},"7":{"name":"(anonymous_7)","decl":{"start":{"line":114,"column":19},"end":{"line":114,"column":20}},"loc":{"start":{"line":114,"column":25},"end":{"line":114,"column":52}},"line":114},"8":{"name":"(anonymous_8)","decl":{"start":{"line":121,"column":19},"end":{"line":121,"column":20}},"loc":{"start":{"line":121,"column":25},"end":{"line":121,"column":48}},"line":121},"9":{"name":"(anonymous_9)","decl":{"start":{"line":130,"column":23},"end":{"line":130,"column":24}},"loc":{"start":{"line":130,"column":29},"end":{"line":130,"column":51}},"line":130},"10":{"name":"(anonymous_10)","decl":{"start":{"line":141,"column":25},"end":{"line":141,"column":26}},"loc":{"start":{"line":141,"column":31},"end":{"line":141,"column":57}},"line":141},"11":{"name":"(anonymous_11)","decl":{"start":{"line":153,"column":25},"end":{"line":153,"column":26}},"loc":{"start":{"line":153,"column":31},"end":{"line":159,"column":17}},"line":153},"12":{"name":"(anonymous_12)","decl":{"start":{"line":155,"column":29},"end":{"line":155,"column":30}},"loc":{"start":{"line":155,"column":35},"end":{"line":158,"column":19}},"line":155}},"branchMap":{"0":{"loc":{"start":{"line":19,"column":19},"end":{"line":19,"column":73}},"type":"binary-expr","locations":[{"start":{"line":19,"column":19},"end":{"line":19,"column":67}},{"start":{"line":19,"column":71},"end":{"line":19,"column":73}}],"line":19},"1":{"loc":{"start":{"line":33,"column":11},"end":{"line":33,"column":34}},"type":"binary-expr","locations":[{"start":{"line":33,"column":11},"end":{"line":33,"column":25}},{"start":{"line":33,"column":29},"end":{"line":33,"column":34}}],"line":33},"2":{"loc":{"start":{"line":37,"column":42},"end":{"line":37,"column":71}},"type":"binary-expr","locations":[{"start":{"line":37,"column":42},"end":{"line":37,"column":62}},{"start":{"line":37,"column":66},"end":{"line":37,"column":71}}],"line":37},"3":{"loc":{"start":{"line":43,"column":45},"end":{"line":47,"column":21}},"type":"cond-expr","locations":[{"start":{"line":44,"column":14},"end":{"line":46,"column":16}},{"start":{"line":47,"column":16},"end":{"line":47,"column":21}}],"line":43},"4":{"loc":{"start":{"line":52,"column":39},"end":{"line":52,"column":62}},"type":"binary-expr","locations":[{"start":{"line":52,"column":39},"end":{"line":52,"column":53}},{"start":{"line":52,"column":57},"end":{"line":52,"column":62}}],"line":52},"5":{"loc":{"start":{"line":57,"column":47},"end":{"line":57,"column":78}},"type":"binary-expr","locations":[{"start":{"line":57,"column":47},"end":{"line":57,"column":69}},{"start":{"line":57,"column":73},"end":{"line":57,"column":78}}],"line":57},"6":{"loc":{"start":{"line":62,"column":38},"end":{"line":62,"column":60}},"type":"binary-expr","locations":[{"start":{"line":62,"column":38},"end":{"line":62,"column":51}},{"start":{"line":62,"column":55},"end":{"line":62,"column":60}}],"line":62},"7":{"loc":{"start":{"line":68,"column":54},"end":{"line":68,"column":79}},"type":"binary-expr","locations":[{"start":{"line":68,"column":54},"end":{"line":68,"column":74}},{"start":{"line":68,"column":78},"end":{"line":68,"column":79}}],"line":68},"8":{"loc":{"start":{"line":73,"column":17},"end":{"line":81,"column":17}},"type":"cond-expr","locations":[{"start":{"line":74,"column":18},"end":{"line":78,"column":20}},{"start":{"line":80,"column":18},"end":{"line":80,"column":69}}],"line":73},"9":{"loc":{"start":{"line":85,"column":13},"end":{"line":90,"column":13}},"type":"binary-expr","locations":[{"start":{"line":85,"column":13},"end":{"line":85,"column":21}},{"start":{"line":86,"column":14},"end":{"line":89,"column":16}}],"line":85},"10":{"loc":{"start":{"line":95,"column":42},"end":{"line":95,"column":68}},"type":"binary-expr","locations":[{"start":{"line":95,"column":42},"end":{"line":95,"column":59}},{"start":{"line":95,"column":63},"end":{"line":95,"column":68}}],"line":95},"11":{"loc":{"start":{"line":100,"column":39},"end":{"line":100,"column":62}},"type":"binary-expr","locations":[{"start":{"line":100,"column":39},"end":{"line":100,"column":53}},{"start":{"line":100,"column":57},"end":{"line":100,"column":62}}],"line":100},"12":{"loc":{"start":{"line":138,"column":13},"end":{"line":147,"column":13}},"type":"binary-expr","locations":[{"start":{"line":138,"column":13},"end":{"line":138,"column":21}},{"start":{"line":139,"column":14},"end":{"line":146,"column":23}}],"line":138},"13":{"loc":{"start":{"line":150,"column":14},"end":{"line":166,"column":13}},"type":"binary-expr","locations":[{"start":{"line":150,"column":14},"end":{"line":150,"column":22}},{"start":{"line":151,"column":14},"end":{"line":165,"column":23}}],"line":150}},"s":{"0":0,"1":0,"2":0,"3":0,"4":0,"5":0,"6":0,"7":0,"8":0,"9":0,"10":0,"11":0,"12":0,"13":0,"14":0,"15":0,"16":0,"17":0,"18":0,"19":0,"20":0,"21":0,"22":0,"23":0},"f":{"0":0,"1":0,"2":0,"3":0,"4":0,"5":0,"6":0,"7":0,"8":0,"9":0,"10":0,"11":0,"12":0},"b":{"0":[0,0],"1":[0,0],"2":[0,0],"3":[0,0],"4":[0,0],"5":[0,0],"6":[0,0],"7":[0,0],"8":[0,0],"9":[0,0],"10":[0,0],"11":[0,0],"12":[0,0],"13":[0,0]}}
,"/Users/mohammadkhataei/Downloads/SE2-MainProject/client/src/components/CloseModeSelectionButton.jsx": {"path":"/Users/mohammadkhataei/Downloads/SE2-MainProject/client/src/components/CloseModeSelectionButton.jsx","statementMap":{"0":{"start":{"line":6,"column":33},"end":{"line":15,"column":1}},"1":{"start":{"line":7,"column":4},"end":{"line":14,"column":6}},"2":{"start":{"line":18,"column":0},"end":{"line":20,"column":2}}},"fnMap":{"0":{"name":"(anonymous_0)","decl":{"start":{"line":6,"column":33},"end":{"line":6,"column":34}},"loc":{"start":{"line":6,"column":50},"end":{"line":15,"column":1}},"line":6}},"branchMap":{},"s":{"0":1,"1":0,"2":1},"f":{"0":0},"b":{},"_coverageSchema":"1a1c01bbd47fc00a2c39e90264f33305004495a9","hash":"c871ef8448af9ec1d2638db16ada906bbbb8d9cb"}
,"/Users/mohammadkhataei/Downloads/SE2-MainProject/client/src/components/Diagram.jsx": {"path":"/Users/mohammadkhataei/Downloads/SE2-MainProject/client/src/components/Diagram.jsx","statementMap":{"0":{"start":{"line":7,"column":16},"end":{"line":363,"column":1}},"1":{"start":{"line":8,"column":40},"end":{"line":8,"column":52}},"2":{"start":{"line":9,"column":42},"end":{"line":9,"column":54}},"3":{"start":{"line":10,"column":26},"end":{"line":10,"column":46}},"4":{"start":{"line":12,"column":34},"end":{"line":12,"column":61}},"5":{"start":{"line":13,"column":34},"end":{"line":13,"column":85}},"6":{"start":{"line":14,"column":30},"end":{"line":14,"column":42}},"7":{"start":{"line":16,"column":30},"end":{"line":18,"column":5}},"8":{"start":{"line":17,"column":8},"end":{"line":17,"column":41}},"9":{"start":{"line":22,"column":8},"end":{"line":24,"column":9}},"10":{"start":{"line":23,"column":12},"end":{"line":23,"column":22}},"11":{"start":{"line":25,"column":8},"end":{"line":25,"column":76}},"12":{"start":{"line":25,"column":65},"end":{"line":25,"column":74}},"13":{"start":{"line":30,"column":8},"end":{"line":30,"column":52}},"14":{"start":{"line":34,"column":24},"end":{"line":41,"column":5}},"15":{"start":{"line":35,"column":22},"end":{"line":35,"column":95}},"16":{"start":{"line":36,"column":8},"end":{"line":38,"column":9}},"17":{"start":{"line":37,"column":12},"end":{"line":37,"column":94}},"18":{"start":{"line":40,"column":8},"end":{"line":40,"column":48}},"19":{"start":{"line":44,"column":36},"end":{"line":67,"column":5}},"20":{"start":{"line":45,"column":8},"end":{"line":48,"column":9}},"21":{"start":{"line":46,"column":12},"end":{"line":46,"column":79}},"22":{"start":{"line":47,"column":12},"end":{"line":47,"column":34}},"23":{"start":{"line":50,"column":8},"end":{"line":53,"column":9}},"24":{"start":{"line":51,"column":12},"end":{"line":51,"column":57}},"25":{"start":{"line":52,"column":12},"end":{"line":52,"column":34}},"26":{"start":{"line":55,"column":22},"end":{"line":55,"column":51}},"27":{"start":{"line":56,"column":23},"end":{"line":56,"column":25}},"28":{"start":{"line":58,"column":18},"end":{"line":58,"column":52}},"29":{"start":{"line":59,"column":18},"end":{"line":59,"column":52}},"30":{"start":{"line":61,"column":8},"end":{"line":64,"column":9}},"31":{"start":{"line":62,"column":12},"end":{"line":62,"column":96}},"32":{"start":{"line":63,"column":12},"end":{"line":63,"column":34}},"33":{"start":{"line":66,"column":8},"end":{"line":66,"column":24}},"34":{"start":{"line":70,"column":25},"end":{"line":83,"column":5}},"35":{"start":{"line":71,"column":8},"end":{"line":82,"column":9}},"36":{"start":{"line":73,"column":16},"end":{"line":73,"column":29}},"37":{"start":{"line":75,"column":16},"end":{"line":75,"column":29}},"38":{"start":{"line":77,"column":16},"end":{"line":77,"column":29}},"39":{"start":{"line":79,"column":16},"end":{"line":79,"column":33}},"40":{"start":{"line":81,"column":16},"end":{"line":81,"column":29}},"41":{"start":{"line":86,"column":24},"end":{"line":96,"column":5}},"42":{"start":{"line":87,"column":27},"end":{"line":93,"column":9}},"43":{"start":{"line":88,"column":12},"end":{"line":92,"column":15}},"44":{"start":{"line":88,"column":44},"end":{"line":92,"column":13}},"45":{"start":{"line":95,"column":8},"end":{"line":95,"column":40}},"46":{"start":{"line":95,"column":23},"end":{"line":95,"column":38}},"47":{"start":{"line":99,"column":25},"end":{"line":102,"column":6}},"48":{"start":{"line":100,"column":21},"end":{"line":100,"column":70}},"49":{"start":{"line":101,"column":8},"end":{"line":101,"column":36}},"50":{"start":{"line":105,"column":4},"end":{"line":127,"column":20}},"51":{"start":{"line":106,"column":8},"end":{"line":126,"column":9}},"52":{"start":{"line":108,"column":31},"end":{"line":111,"column":13}},"53":{"start":{"line":109,"column":51},"end":{"line":109,"column":92}},"54":{"start":{"line":110,"column":51},"end":{"line":110,"column":92}},"55":{"start":{"line":114,"column":26},"end":{"line":114,"column":45}},"56":{"start":{"line":116,"column":12},"end":{"line":118,"column":15}},"57":{"start":{"line":116,"column":32},"end":{"line":118,"column":13}},"58":{"start":{"line":117,"column":45},"end":{"line":117,"column":66}},"59":{"start":{"line":117,"column":81},"end":{"line":117,"column":90}},"60":{"start":{"line":120,"column":12},"end":{"line":122,"column":15}},"61":{"start":{"line":120,"column":33},"end":{"line":122,"column":13}},"62":{"start":{"line":121,"column":45},"end":{"line":121,"column":67}},"63":{"start":{"line":121,"column":82},"end":{"line":121,"column":91}},"64":{"start":{"line":124,"column":12},"end":{"line":124,"column":35}},"65":{"start":{"line":125,"column":12},"end":{"line":125,"column":26}},"66":{"start":{"line":130,"column":4},"end":{"line":140,"column":21}},"67":{"start":{"line":131,"column":28},"end":{"line":135,"column":12}},"68":{"start":{"line":132,"column":25},"end":{"line":132,"column":60}},"69":{"start":{"line":133,"column":25},"end":{"line":133,"column":60}},"70":{"start":{"line":134,"column":12},"end":{"line":134,"column":31}},"71":{"start":{"line":137,"column":27},"end":{"line":137,"column":100}},"72":{"start":{"line":139,"column":8},"end":{"line":139,"column":31}},"73":{"start":{"line":143,"column":19},"end":{"line":143,"column":27}},"74":{"start":{"line":145,"column":4},"end":{"line":335,"column":60}},"75":{"start":{"line":146,"column":8},"end":{"line":146,"column":34}},"76":{"start":{"line":146,"column":27},"end":{"line":146,"column":34}},"77":{"start":{"line":148,"column":22},"end":{"line":148,"column":26}},"78":{"start":{"line":149,"column":23},"end":{"line":149,"column":26}},"79":{"start":{"line":150,"column":23},"end":{"line":150,"column":68}},"80":{"start":{"line":152,"column":8},"end":{"line":152,"column":58}},"81":{"start":{"line":155,"column":20},"end":{"line":158,"column":35}},"82":{"start":{"line":161,"column":23},"end":{"line":164,"column":59}},"83":{"start":{"line":166,"column":23},"end":{"line":169,"column":60}},"84":{"start":{"line":172,"column":22},"end":{"line":172,"column":87}},"85":{"start":{"line":173,"column":22},"end":{"line":173,"column":61}},"86":{"start":{"line":175,"column":8},"end":{"line":177,"column":25}},"87":{"start":{"line":179,"column":8},"end":{"line":181,"column":25}},"88":{"start":{"line":184,"column":8},"end":{"line":225,"column":14}},"89":{"start":{"line":187,"column":36},"end":{"line":187,"column":41}},"90":{"start":{"line":189,"column":25},"end":{"line":209,"column":39}},"91":{"start":{"line":192,"column":41},"end":{"line":192,"column":106}},"92":{"start":{"line":193,"column":38},"end":{"line":193,"column":64}},"93":{"start":{"line":194,"column":38},"end":{"line":194,"column":54}},"94":{"start":{"line":195,"column":43},"end":{"line":195,"column":91}},"95":{"start":{"line":196,"column":41},"end":{"line":201,"column":25}},"96":{"start":{"line":202,"column":24},"end":{"line":202,"column":55}},"97":{"start":{"line":205,"column":47},"end":{"line":205,"column":53}},"98":{"start":{"line":210,"column":26},"end":{"line":223,"column":22}},"99":{"start":{"line":212,"column":41},"end":{"line":212,"column":106}},"100":{"start":{"line":213,"column":38},"end":{"line":213,"column":64}},"101":{"start":{"line":214,"column":38},"end":{"line":214,"column":54}},"102":{"start":{"line":215,"column":43},"end":{"line":215,"column":91}},"103":{"start":{"line":216,"column":41},"end":{"line":221,"column":25}},"104":{"start":{"line":222,"column":24},"end":{"line":222,"column":55}},"105":{"start":{"line":224,"column":24},"end":{"line":224,"column":37}},"106":{"start":{"line":228,"column":8},"end":{"line":285,"column":63}},"107":{"start":{"line":234,"column":31},"end":{"line":234,"column":79}},"108":{"start":{"line":234,"column":55},"end":{"line":234,"column":78}},"109":{"start":{"line":235,"column":31},"end":{"line":235,"column":79}},"110":{"start":{"line":235,"column":55},"end":{"line":235,"column":78}},"111":{"start":{"line":236,"column":30},"end":{"line":236,"column":113}},"112":{"start":{"line":237,"column":30},"end":{"line":237,"column":113}},"113":{"start":{"line":239,"column":32},"end":{"line":239,"column":59}},"114":{"start":{"line":240,"column":32},"end":{"line":240,"column":59}},"115":{"start":{"line":242,"column":32},"end":{"line":242,"column":63}},"116":{"start":{"line":243,"column":32},"end":{"line":243,"column":63}},"117":{"start":{"line":245,"column":37},"end":{"line":245,"column":103}},"118":{"start":{"line":246,"column":37},"end":{"line":246,"column":103}},"119":{"start":{"line":248,"column":30},"end":{"line":253,"column":13}},"120":{"start":{"line":255,"column":30},"end":{"line":260,"column":13}},"121":{"start":{"line":263,"column":25},"end":{"line":263,"column":56}},"122":{"start":{"line":266,"column":12},"end":{"line":266,"column":131}},"123":{"start":{"line":271,"column":12},"end":{"line":279,"column":13}},"124":{"start":{"line":272,"column":16},"end":{"line":272,"column":34}},"125":{"start":{"line":273,"column":19},"end":{"line":279,"column":13}},"126":{"start":{"line":274,"column":16},"end":{"line":274,"column":34}},"127":{"start":{"line":275,"column":19},"end":{"line":279,"column":13}},"128":{"start":{"line":276,"column":16},"end":{"line":276,"column":34}},"129":{"start":{"line":278,"column":16},"end":{"line":278,"column":34}},"130":{"start":{"line":282,"column":12},"end":{"line":282,"column":25}},"131":{"start":{"line":285,"column":41},"end":{"line":285,"column":61}},"132":{"start":{"line":288,"column":28},"end":{"line":290,"column":60}},"133":{"start":{"line":292,"column":27},"end":{"line":297,"column":9}},"134":{"start":{"line":299,"column":27},"end":{"line":304,"column":9}},"135":{"start":{"line":307,"column":8},"end":{"line":334,"column":14}},"136":{"start":{"line":311,"column":34},"end":{"line":313,"column":79}},"137":{"start":{"line":313,"column":53},"end":{"line":313,"column":78}},"138":{"start":{"line":316,"column":20},"end":{"line":323,"column":76}},"139":{"start":{"line":321,"column":45},"end":{"line":321,"column":52}},"140":{"start":{"line":323,"column":55},"end":{"line":323,"column":74}},"141":{"start":{"line":326,"column":20},"end":{"line":332,"column":62}},"142":{"start":{"line":329,"column":35},"end":{"line":329,"column":42}},"143":{"start":{"line":337,"column":4},"end":{"line":362,"column":6}},"144":{"start":{"line":345,"column":16},"end":{"line":348,"column":17}},"145":{"start":{"line":346,"column":20},"end":{"line":346,"column":43}},"146":{"start":{"line":347,"column":20},"end":{"line":347,"column":40}}},"fnMap":{"0":{"name":"(anonymous_0)","decl":{"start":{"line":7,"column":16},"end":{"line":7,"column":17}},"loc":{"start":{"line":7,"column":57},"end":{"line":363,"column":1}},"line":7},"1":{"name":"(anonymous_1)","decl":{"start":{"line":16,"column":30},"end":{"line":16,"column":31}},"loc":{"start":{"line":16,"column":36},"end":{"line":18,"column":5}},"line":16},"2":{"name":"range","decl":{"start":{"line":21,"column":13},"end":{"line":21,"column":18}},"loc":{"start":{"line":21,"column":31},"end":{"line":26,"column":5}},"line":21},"3":{"name":"(anonymous_3)","decl":{"start":{"line":25,"column":55},"end":{"line":25,"column":56}},"loc":{"start":{"line":25,"column":65},"end":{"line":25,"column":74}},"line":25},"4":{"name":"parseNumber","decl":{"start":{"line":29,"column":13},"end":{"line":29,"column":24}},"loc":{"start":{"line":29,"column":30},"end":{"line":31,"column":5}},"line":29},"5":{"name":"(anonymous_5)","decl":{"start":{"line":34,"column":24},"end":{"line":34,"column":25}},"loc":{"start":{"line":34,"column":40},"end":{"line":41,"column":5}},"line":34},"6":{"name":"(anonymous_6)","decl":{"start":{"line":44,"column":36},"end":{"line":44,"column":37}},"loc":{"start":{"line":44,"column":72},"end":{"line":67,"column":5}},"line":44},"7":{"name":"(anonymous_7)","decl":{"start":{"line":70,"column":25},"end":{"line":70,"column":26}},"loc":{"start":{"line":70,"column":35},"end":{"line":83,"column":5}},"line":70},"8":{"name":"(anonymous_8)","decl":{"start":{"line":86,"column":24},"end":{"line":86,"column":25}},"loc":{"start":{"line":86,"column":30},"end":{"line":96,"column":5}},"line":86},"9":{"name":"(anonymous_9)","decl":{"start":{"line":87,"column":45},"end":{"line":87,"column":46}},"loc":{"start":{"line":88,"column":12},"end":{"line":92,"column":15}},"line":88},"10":{"name":"(anonymous_10)","decl":{"start":{"line":88,"column":34},"end":{"line":88,"column":35}},"loc":{"start":{"line":88,"column":44},"end":{"line":92,"column":13}},"line":88},"11":{"name":"(anonymous_11)","decl":{"start":{"line":95,"column":17},"end":{"line":95,"column":18}},"loc":{"start":{"line":95,"column":23},"end":{"line":95,"column":38}},"line":95},"12":{"name":"(anonymous_12)","decl":{"start":{"line":99,"column":45},"end":{"line":99,"column":46}},"loc":{"start":{"line":99,"column":52},"end":{"line":102,"column":5}},"line":99},"13":{"name":"(anonymous_13)","decl":{"start":{"line":105,"column":14},"end":{"line":105,"column":15}},"loc":{"start":{"line":105,"column":20},"end":{"line":127,"column":5}},"line":105},"14":{"name":"(anonymous_14)","decl":{"start":{"line":109,"column":42},"end":{"line":109,"column":43}},"loc":{"start":{"line":109,"column":51},"end":{"line":109,"column":92}},"line":109},"15":{"name":"(anonymous_15)","decl":{"start":{"line":110,"column":42},"end":{"line":110,"column":43}},"loc":{"start":{"line":110,"column":51},"end":{"line":110,"column":92}},"line":110},"16":{"name":"(anonymous_16)","decl":{"start":{"line":116,"column":26},"end":{"line":116,"column":27}},"loc":{"start":{"line":116,"column":32},"end":{"line":118,"column":13}},"line":116},"17":{"name":"(anonymous_17)","decl":{"start":{"line":117,"column":36},"end":{"line":117,"column":37}},"loc":{"start":{"line":117,"column":45},"end":{"line":117,"column":66}},"line":117},"18":{"name":"(anonymous_18)","decl":{"start":{"line":117,"column":72},"end":{"line":117,"column":73}},"loc":{"start":{"line":117,"column":81},"end":{"line":117,"column":90}},"line":117},"19":{"name":"(anonymous_19)","decl":{"start":{"line":120,"column":27},"end":{"line":120,"column":28}},"loc":{"start":{"line":120,"column":33},"end":{"line":122,"column":13}},"line":120},"20":{"name":"(anonymous_20)","decl":{"start":{"line":121,"column":36},"end":{"line":121,"column":37}},"loc":{"start":{"line":121,"column":45},"end":{"line":121,"column":67}},"line":121},"21":{"name":"(anonymous_21)","decl":{"start":{"line":121,"column":73},"end":{"line":121,"column":74}},"loc":{"start":{"line":121,"column":82},"end":{"line":121,"column":91}},"line":121},"22":{"name":"(anonymous_22)","decl":{"start":{"line":130,"column":14},"end":{"line":130,"column":15}},"loc":{"start":{"line":130,"column":20},"end":{"line":140,"column":5}},"line":130},"23":{"name":"(anonymous_23)","decl":{"start":{"line":131,"column":56},"end":{"line":131,"column":57}},"loc":{"start":{"line":131,"column":66},"end":{"line":135,"column":9}},"line":131},"24":{"name":"(anonymous_24)","decl":{"start":{"line":145,"column":14},"end":{"line":145,"column":15}},"loc":{"start":{"line":145,"column":20},"end":{"line":335,"column":5}},"line":145},"25":{"name":"(anonymous_25)","decl":{"start":{"line":187,"column":29},"end":{"line":187,"column":30}},"loc":{"start":{"line":187,"column":36},"end":{"line":187,"column":41}},"line":187},"26":{"name":"(anonymous_26)","decl":{"start":{"line":189,"column":16},"end":{"line":189,"column":17}},"loc":{"start":{"line":189,"column":25},"end":{"line":209,"column":39}},"line":189},"27":{"name":"(anonymous_27)","decl":{"start":{"line":191,"column":39},"end":{"line":191,"column":40}},"loc":{"start":{"line":191,"column":46},"end":{"line":203,"column":21}},"line":191},"28":{"name":"(anonymous_28)","decl":{"start":{"line":205,"column":40},"end":{"line":205,"column":41}},"loc":{"start":{"line":205,"column":47},"end":{"line":205,"column":53}},"line":205},"29":{"name":"(anonymous_29)","decl":{"start":{"line":210,"column":16},"end":{"line":210,"column":17}},"loc":{"start":{"line":210,"column":26},"end":{"line":223,"column":22}},"line":210},"30":{"name":"(anonymous_30)","decl":{"start":{"line":211,"column":39},"end":{"line":211,"column":40}},"loc":{"start":{"line":211,"column":46},"end":{"line":223,"column":21}},"line":211},"31":{"name":"(anonymous_31)","decl":{"start":{"line":224,"column":16},"end":{"line":224,"column":17}},"loc":{"start":{"line":224,"column":24},"end":{"line":224,"column":37}},"line":224},"32":{"name":"(anonymous_32)","decl":{"start":{"line":233,"column":19},"end":{"line":233,"column":20}},"loc":{"start":{"line":233,"column":29},"end":{"line":267,"column":9}},"line":233},"33":{"name":"(anonymous_33)","decl":{"start":{"line":234,"column":46},"end":{"line":234,"column":47}},"loc":{"start":{"line":234,"column":55},"end":{"line":234,"column":78}},"line":234},"34":{"name":"(anonymous_34)","decl":{"start":{"line":235,"column":46},"end":{"line":235,"column":47}},"loc":{"start":{"line":235,"column":55},"end":{"line":235,"column":78}},"line":235},"35":{"name":"(anonymous_35)","decl":{"start":{"line":269,"column":24},"end":{"line":269,"column":25}},"loc":{"start":{"line":269,"column":31},"end":{"line":283,"column":9}},"line":269},"36":{"name":"(anonymous_36)","decl":{"start":{"line":285,"column":34},"end":{"line":285,"column":35}},"loc":{"start":{"line":285,"column":41},"end":{"line":285,"column":61}},"line":285},"37":{"name":"(anonymous_37)","decl":{"start":{"line":310,"column":16},"end":{"line":310,"column":17}},"loc":{"start":{"line":310,"column":25},"end":{"line":333,"column":17}},"line":310},"38":{"name":"(anonymous_38)","decl":{"start":{"line":313,"column":43},"end":{"line":313,"column":44}},"loc":{"start":{"line":313,"column":53},"end":{"line":313,"column":78}},"line":313},"39":{"name":"(anonymous_39)","decl":{"start":{"line":321,"column":40},"end":{"line":321,"column":41}},"loc":{"start":{"line":321,"column":45},"end":{"line":321,"column":52}},"line":321},"40":{"name":"(anonymous_40)","decl":{"start":{"line":323,"column":50},"end":{"line":323,"column":51}},"loc":{"start":{"line":323,"column":55},"end":{"line":323,"column":74}},"line":323},"41":{"name":"(anonymous_41)","decl":{"start":{"line":329,"column":30},"end":{"line":329,"column":31}},"loc":{"start":{"line":329,"column":35},"end":{"line":329,"column":42}},"line":329},"42":{"name":"(anonymous_42)","decl":{"start":{"line":344,"column":27},"end":{"line":344,"column":28}},"loc":{"start":{"line":344,"column":38},"end":{"line":349,"column":17}},"line":344}},"branchMap":{"0":{"loc":{"start":{"line":22,"column":8},"end":{"line":24,"column":9}},"type":"if","locations":[{"start":{"line":22,"column":8},"end":{"line":24,"column":9}},{"start":{},"end":{}}],"line":22},"1":{"loc":{"start":{"line":36,"column":8},"end":{"line":38,"column":9}},"type":"if","locations":[{"start":{"line":36,"column":8},"end":{"line":38,"column":9}},{"start":{},"end":{}}],"line":36},"2":{"loc":{"start":{"line":40,"column":15},"end":{"line":40,"column":47}},"type":"binary-expr","locations":[{"start":{"line":40,"column":15},"end":{"line":40,"column":23}},{"start":{"line":40,"column":27},"end":{"line":40,"column":35}},{"start":{"line":40,"column":39},"end":{"line":40,"column":47}}],"line":40},"3":{"loc":{"start":{"line":45,"column":8},"end":{"line":48,"column":9}},"type":"if","locations":[{"start":{"line":45,"column":8},"end":{"line":48,"column":9}},{"start":{},"end":{}}],"line":45},"4":{"loc":{"start":{"line":45,"column":12},"end":{"line":45,"column":44}},"type":"binary-expr","locations":[{"start":{"line":45,"column":12},"end":{"line":45,"column":26}},{"start":{"line":45,"column":30},"end":{"line":45,"column":44}}],"line":45},"5":{"loc":{"start":{"line":50,"column":8},"end":{"line":53,"column":9}},"type":"if","locations":[{"start":{"line":50,"column":8},"end":{"line":53,"column":9}},{"start":{},"end":{}}],"line":50},"6":{"loc":{"start":{"line":61,"column":8},"end":{"line":64,"column":9}},"type":"if","locations":[{"start":{"line":61,"column":8},"end":{"line":64,"column":9}},{"start":{},"end":{}}],"line":61},"7":{"loc":{"start":{"line":61,"column":12},"end":{"line":61,"column":32}},"type":"binary-expr","locations":[{"start":{"line":61,"column":12},"end":{"line":61,"column":20}},{"start":{"line":61,"column":24},"end":{"line":61,"column":32}}],"line":61},"8":{"loc":{"start":{"line":71,"column":8},"end":{"line":82,"column":9}},"type":"switch","locations":[{"start":{"line":72,"column":12},"end":{"line":73,"column":29}},{"start":{"line":74,"column":12},"end":{"line":75,"column":29}},{"start":{"line":76,"column":12},"end":{"line":77,"column":29}},{"start":{"line":78,"column":12},"end":{"line":79,"column":33}},{"start":{"line":80,"column":12},"end":{"line":81,"column":29}}],"line":71},"9":{"loc":{"start":{"line":106,"column":8},"end":{"line":126,"column":9}},"type":"if","locations":[{"start":{"line":106,"column":8},"end":{"line":126,"column":9}},{"start":{},"end":{}}],"line":106},"10":{"loc":{"start":{"line":146,"column":8},"end":{"line":146,"column":34}},"type":"if","locations":[{"start":{"line":146,"column":8},"end":{"line":146,"column":34}},{"start":{},"end":{}}],"line":146},"11":{"loc":{"start":{"line":195,"column":43},"end":{"line":195,"column":91}},"type":"cond-expr","locations":[{"start":{"line":195,"column":71},"end":{"line":195,"column":78}},{"start":{"line":195,"column":81},"end":{"line":195,"column":91}}],"line":195},"12":{"loc":{"start":{"line":215,"column":43},"end":{"line":215,"column":91}},"type":"cond-expr","locations":[{"start":{"line":215,"column":71},"end":{"line":215,"column":78}},{"start":{"line":215,"column":81},"end":{"line":215,"column":91}}],"line":215},"13":{"loc":{"start":{"line":245,"column":37},"end":{"line":245,"column":103}},"type":"cond-expr","locations":[{"start":{"line":245,"column":74},"end":{"line":245,"column":90}},{"start":{"line":245,"column":93},"end":{"line":245,"column":103}}],"line":245},"14":{"loc":{"start":{"line":246,"column":37},"end":{"line":246,"column":103}},"type":"cond-expr","locations":[{"start":{"line":246,"column":74},"end":{"line":246,"column":90}},{"start":{"line":246,"column":93},"end":{"line":246,"column":103}}],"line":246},"15":{"loc":{"start":{"line":271,"column":12},"end":{"line":279,"column":13}},"type":"if","locations":[{"start":{"line":271,"column":12},"end":{"line":279,"column":13}},{"start":{"line":273,"column":19},"end":{"line":279,"column":13}}],"line":271},"16":{"loc":{"start":{"line":273,"column":19},"end":{"line":279,"column":13}},"type":"if","locations":[{"start":{"line":273,"column":19},"end":{"line":279,"column":13}},{"start":{"line":275,"column":19},"end":{"line":279,"column":13}}],"line":273},"17":{"loc":{"start":{"line":275,"column":19},"end":{"line":279,"column":13}},"type":"if","locations":[{"start":{"line":275,"column":19},"end":{"line":279,"column":13}},{"start":{"line":277,"column":19},"end":{"line":279,"column":13}}],"line":275},"18":{"loc":{"start":{"line":345,"column":16},"end":{"line":348,"column":17}},"type":"if","locations":[{"start":{"line":345,"column":16},"end":{"line":348,"column":17}},{"start":{},"end":{}}],"line":345},"19":{"loc":{"start":{"line":345,"column":20},"end":{"line":345,"column":62}},"type":"binary-expr","locations":[{"start":{"line":345,"column":20},"end":{"line":345,"column":41}},{"start":{"line":345,"column":45},"end":{"line":345,"column":62}}],"line":345},"20":{"loc":{"start":{"line":354,"column":51},"end":{"line":354,"column":85}},"type":"cond-expr","locations":[{"start":{"line":354,"column":67},"end":{"line":354,"column":80}},{"start":{"line":354,"column":83},"end":{"line":354,"column":85}}],"line":354},"21":{"loc":{"start":{"line":360,"column":60},"end":{"line":360,"column":117}},"type":"cond-expr","locations":[{"start":{"line":360,"column":76},"end":{"line":360,"column":94}},{"start":{"line":360,"column":97},"end":{"line":360,"column":117}}],"line":360}},"s":{"0":0,"1":0,"2":0,"3":0,"4":0,"5":0,"6":0,"7":0,"8":0,"9":0,"10":0,"11":0,"12":0,"13":0,"14":0,"15":0,"16":0,"17":0,"18":0,"19":0,"20":0,"21":0,"22":0,"23":0,"24":0,"25":0,"26":0,"27":0,"28":0,"29":0,"30":0,"31":0,"32":0,"33":0,"34":0,"35":0,"36":0,"37":0,"38":0,"39":0,"40":0,"41":0,"42":0,"43":0,"44":0,"45":0,"46":0,"47":0,"48":0,"49":0,"50":0,"51":0,"52":0,"53":0,"54":0,"55":0,"56":0,"57":0,"58":0,"59":0,"60":0,"61":0,"62":0,"63":0,"64":0,"65":0,"66":0,"67":0,"68":0,"69":0,"70":0,"71":0,"72":0,"73":0,"74":0,"75":0,"76":0,"77":0,"78":0,"79":0,"80":0,"81":0,"82":0,"83":0,"84":0,"85":0,"86":0,"87":0,"88":0,"89":0,"90":0,"91":0,"92":0,"93":0,"94":0,"95":0,"96":0,"97":0,"98":0,"99":0,"100":0,"101":0,"102":0,"103":0,"104":0,"105":0,"106":0,"107":0,"108":0,"109":0,"110":0,"111":0,"112":0,"113":0,"114":0,"115":0,"116":0,"117":0,"118":0,"119":0,"120":0,"121":0,"122":0,"123":0,"124":0,"125":0,"126":0,"127":0,"128":0,"129":0,"130":0,"131":0,"132":0,"133":0,"134":0,"135":0,"136":0,"137":0,"138":0,"139":0,"140":0,"141":0,"142":0,"143":0,"144":0,"145":0,"146":0},"f":{"0":0,"1":0,"2":0,"3":0,"4":0,"5":0,"6":0,"7":0,"8":0,"9":0,"10":0,"11":0,"12":0,"13":0,"14":0,"15":0,"16":0,"17":0,"18":0,"19":0,"20":0,"21":0,"22":0,"23":0,"24":0,"25":0,"26":0,"27":0,"28":0,"29":0,"30":0,"31":0,"32":0,"33":0,"34":0,"35":0,"36":0,"37":0,"38":0,"39":0,"40":0,"41":0,"42":0},"b":{"0":[0,0],"1":[0,0],"2":[0,0,0],"3":[0,0],"4":[0,0],"5":[0,0],"6":[0,0],"7":[0,0],"8":[0,0,0,0,0],"9":[0,0],"10":[0,0],"11":[0,0],"12":[0,0],"13":[0,0],"14":[0,0],"15":[0,0],"16":[0,0],"17":[0,0],"18":[0,0],"19":[0,0],"20":[0,0],"21":[0,0]}}
,"/Users/mohammadkhataei/Downloads/SE2-MainProject/client/src/components/DrawingMap.jsx": {"path":"/Users/mohammadkhataei/Downloads/SE2-MainProject/client/src/components/DrawingMap.jsx","statementMap":{"0":{"start":{"line":8,"column":19},"end":{"line":121,"column":1}},"1":{"start":{"line":9,"column":14},"end":{"line":9,"column":22}},"2":{"start":{"line":10,"column":42},"end":{"line":10,"column":56}},"3":{"start":{"line":11,"column":40},"end":{"line":11,"column":54}},"4":{"start":{"line":12,"column":22},"end":{"line":12,"column":34}},"5":{"start":{"line":13,"column":21},"end":{"line":13,"column":57}},"6":{"start":{"line":14,"column":29},"end":{"line":14,"column":41}},"7":{"start":{"line":16,"column":2},"end":{"line":50,"column":23}},"8":{"start":{"line":18,"column":4},"end":{"line":18,"column":29}},"9":{"start":{"line":19,"column":20},"end":{"line":31,"column":6}},"10":{"start":{"line":32,"column":4},"end":{"line":32,"column":28}},"11":{"start":{"line":35,"column":4},"end":{"line":39,"column":5}},"12":{"start":{"line":36,"column":6},"end":{"line":36,"column":33}},"13":{"start":{"line":37,"column":6},"end":{"line":37,"column":55}},"14":{"start":{"line":38,"column":6},"end":{"line":38,"column":55}},"15":{"start":{"line":40,"column":4},"end":{"line":40,"column":28}},"16":{"start":{"line":43,"column":4},"end":{"line":49,"column":6}},"17":{"start":{"line":44,"column":6},"end":{"line":44,"column":34}},"18":{"start":{"line":45,"column":6},"end":{"line":45,"column":56}},"19":{"start":{"line":46,"column":6},"end":{"line":46,"column":56}},"20":{"start":{"line":47,"column":6},"end":{"line":47,"column":33}},"21":{"start":{"line":48,"column":6},"end":{"line":48,"column":33}},"22":{"start":{"line":53,"column":35},"end":{"line":83,"column":3}},"23":{"start":{"line":54,"column":4},"end":{"line":56,"column":5}},"24":{"start":{"line":55,"column":6},"end":{"line":55,"column":31}},"25":{"start":{"line":57,"column":20},"end":{"line":57,"column":83}},"26":{"start":{"line":57,"column":56},"end":{"line":57,"column":80}},"27":{"start":{"line":60,"column":25},"end":{"line":62,"column":71}},"28":{"start":{"line":61,"column":51},"end":{"line":61,"column":92}},"29":{"start":{"line":61,"column":71},"end":{"line":61,"column":91}},"30":{"start":{"line":62,"column":46},"end":{"line":62,"column":68}},"31":{"start":{"line":65,"column":21},"end":{"line":65,"column":62}},"32":{"start":{"line":66,"column":4},"end":{"line":82,"column":5}},"33":{"start":{"line":67,"column":6},"end":{"line":67,"column":43}},"34":{"start":{"line":68,"column":6},"end":{"line":68,"column":31}},"35":{"start":{"line":69,"column":6},"end":{"line":69,"column":33}},"36":{"start":{"line":70,"column":6},"end":{"line":70,"column":29}},"37":{"start":{"line":71,"column":6},"end":{"line":71,"column":84}},"38":{"start":{"line":73,"column":6},"end":{"line":73,"column":36}},"39":{"start":{"line":74,"column":6},"end":{"line":79,"column":7}},"40":{"start":{"line":76,"column":26},"end":{"line":76,"column":122}},"41":{"start":{"line":76,"column":100},"end":{"line":76,"column":120}},"42":{"start":{"line":77,"column":8},"end":{"line":77,"column":39}},"43":{"start":{"line":78,"column":8},"end":{"line":78,"column":35}},"44":{"start":{"line":80,"column":6},"end":{"line":80,"column":64}},"45":{"start":{"line":81,"column":6},"end":{"line":81,"column":53}},"46":{"start":{"line":86,"column":29},"end":{"line":90,"column":3}},"47":{"start":{"line":87,"column":18},"end":{"line":87,"column":25}},"48":{"start":{"line":88,"column":20},"end":{"line":88,"column":41}},"49":{"start":{"line":89,"column":4},"end":{"line":89,"column":45}},"50":{"start":{"line":93,"column":30},"end":{"line":99,"column":3}},"51":{"start":{"line":94,"column":19},"end":{"line":94,"column":27}},"52":{"start":{"line":95,"column":4},"end":{"line":98,"column":7}},"53":{"start":{"line":96,"column":22},"end":{"line":96,"column":43}},"54":{"start":{"line":97,"column":6},"end":{"line":97,"column":47}},"55":{"start":{"line":101,"column":2},"end":{"line":108,"column":40}},"56":{"start":{"line":102,"column":4},"end":{"line":107,"column":5}},"57":{"start":{"line":103,"column":6},"end":{"line":103,"column":34}},"58":{"start":{"line":104,"column":6},"end":{"line":104,"column":20}},"59":{"start":{"line":105,"column":11},"end":{"line":107,"column":5}},"60":{"start":{"line":106,"column":6},"end":{"line":106,"column":37}},"61":{"start":{"line":110,"column":22},"end":{"line":113,"column":3}},"62":{"start":{"line":111,"column":27},"end":{"line":111,"column":76}},"63":{"start":{"line":112,"column":4},"end":{"line":112,"column":28}},"64":{"start":{"line":115,"column":2},"end":{"line":120,"column":28}},"65":{"start":{"line":116,"column":4},"end":{"line":119,"column":5}},"66":{"start":{"line":117,"column":6},"end":{"line":117,"column":35}},"67":{"start":{"line":118,"column":6},"end":{"line":118,"column":28}}},"fnMap":{"0":{"name":"(anonymous_0)","decl":{"start":{"line":8,"column":19},"end":{"line":8,"column":20}},"loc":{"start":{"line":8,"column":90},"end":{"line":121,"column":1}},"line":8},"1":{"name":"(anonymous_1)","decl":{"start":{"line":16,"column":12},"end":{"line":16,"column":13}},"loc":{"start":{"line":16,"column":18},"end":{"line":50,"column":3}},"line":16},"2":{"name":"(anonymous_2)","decl":{"start":{"line":43,"column":11},"end":{"line":43,"column":12}},"loc":{"start":{"line":43,"column":17},"end":{"line":49,"column":5}},"line":43},"3":{"name":"(anonymous_3)","decl":{"start":{"line":53,"column":35},"end":{"line":53,"column":36}},"loc":{"start":{"line":53,"column":55},"end":{"line":83,"column":3}},"line":53},"4":{"name":"(anonymous_4)","decl":{"start":{"line":57,"column":46},"end":{"line":57,"column":47}},"loc":{"start":{"line":57,"column":56},"end":{"line":57,"column":80}},"line":57},"5":{"name":"(anonymous_5)","decl":{"start":{"line":61,"column":41},"end":{"line":61,"column":42}},"loc":{"start":{"line":61,"column":51},"end":{"line":61,"column":92}},"line":61},"6":{"name":"(anonymous_6)","decl":{"start":{"line":61,"column":62},"end":{"line":61,"column":63}},"loc":{"start":{"line":61,"column":71},"end":{"line":61,"column":91}},"line":61},"7":{"name":"(anonymous_7)","decl":{"start":{"line":62,"column":36},"end":{"line":62,"column":37}},"loc":{"start":{"line":62,"column":46},"end":{"line":62,"column":68}},"line":62},"8":{"name":"(anonymous_8)","decl":{"start":{"line":76,"column":91},"end":{"line":76,"column":92}},"loc":{"start":{"line":76,"column":100},"end":{"line":76,"column":120}},"line":76},"9":{"name":"(anonymous_9)","decl":{"start":{"line":86,"column":29},"end":{"line":86,"column":30}},"loc":{"start":{"line":86,"column":36},"end":{"line":90,"column":3}},"line":86},"10":{"name":"(anonymous_10)","decl":{"start":{"line":93,"column":30},"end":{"line":93,"column":31}},"loc":{"start":{"line":93,"column":37},"end":{"line":99,"column":3}},"line":93},"11":{"name":"(anonymous_11)","decl":{"start":{"line":95,"column":21},"end":{"line":95,"column":22}},"loc":{"start":{"line":95,"column":32},"end":{"line":98,"column":5}},"line":95},"12":{"name":"(anonymous_12)","decl":{"start":{"line":101,"column":12},"end":{"line":101,"column":13}},"loc":{"start":{"line":101,"column":18},"end":{"line":108,"column":3}},"line":101},"13":{"name":"(anonymous_13)","decl":{"start":{"line":110,"column":22},"end":{"line":110,"column":23}},"loc":{"start":{"line":110,"column":28},"end":{"line":113,"column":3}},"line":110},"14":{"name":"(anonymous_14)","decl":{"start":{"line":115,"column":12},"end":{"line":115,"column":13}},"loc":{"start":{"line":115,"column":17},"end":{"line":120,"column":3}},"line":115}},"branchMap":{"0":{"loc":{"start":{"line":35,"column":4},"end":{"line":39,"column":5}},"type":"if","locations":[{"start":{"line":35,"column":4},"end":{"line":39,"column":5}},{"start":{},"end":{}}],"line":35},"1":{"loc":{"start":{"line":54,"column":4},"end":{"line":56,"column":5}},"type":"if","locations":[{"start":{"line":54,"column":4},"end":{"line":56,"column":5}},{"start":{},"end":{}}],"line":54},"2":{"loc":{"start":{"line":54,"column":8},"end":{"line":54,"column":112}},"type":"binary-expr","locations":[{"start":{"line":54,"column":8},"end":{"line":54,"column":58}},{"start":{"line":54,"column":62},"end":{"line":54,"column":112}}],"line":54},"3":{"loc":{"start":{"line":60,"column":25},"end":{"line":62,"column":71}},"type":"cond-expr","locations":[{"start":{"line":61,"column":8},"end":{"line":61,"column":95}},{"start":{"line":62,"column":8},"end":{"line":62,"column":71}}],"line":60},"4":{"loc":{"start":{"line":66,"column":4},"end":{"line":82,"column":5}},"type":"if","locations":[{"start":{"line":66,"column":4},"end":{"line":82,"column":5}},{"start":{"line":72,"column":11},"end":{"line":82,"column":5}}],"line":66},"5":{"loc":{"start":{"line":74,"column":6},"end":{"line":79,"column":7}},"type":"if","locations":[{"start":{"line":74,"column":6},"end":{"line":79,"column":7}},{"start":{},"end":{}}],"line":74},"6":{"loc":{"start":{"line":102,"column":4},"end":{"line":107,"column":5}},"type":"if","locations":[{"start":{"line":102,"column":4},"end":{"line":107,"column":5}},{"start":{"line":105,"column":11},"end":{"line":107,"column":5}}],"line":102},"7":{"loc":{"start":{"line":102,"column":8},"end":{"line":102,"column":36}},"type":"binary-expr","locations":[{"start":{"line":102,"column":8},"end":{"line":102,"column":21}},{"start":{"line":102,"column":25},"end":{"line":102,"column":36}}],"line":102},"8":{"loc":{"start":{"line":105,"column":11},"end":{"line":107,"column":5}},"type":"if","locations":[{"start":{"line":105,"column":11},"end":{"line":107,"column":5}},{"start":{},"end":{}}],"line":105},"9":{"loc":{"start":{"line":116,"column":4},"end":{"line":119,"column":5}},"type":"if","locations":[{"start":{"line":116,"column":4},"end":{"line":119,"column":5}},{"start":{},"end":{}}],"line":116},"10":{"loc":{"start":{"line":116,"column":8},"end":{"line":116,"column":57}},"type":"binary-expr","locations":[{"start":{"line":116,"column":8},"end":{"line":116,"column":27}},{"start":{"line":116,"column":31},"end":{"line":116,"column":57}}],"line":116}},"s":{"0":0,"1":0,"2":0,"3":0,"4":0,"5":0,"6":0,"7":0,"8":0,"9":0,"10":0,"11":0,"12":0,"13":0,"14":0,"15":0,"16":0,"17":0,"18":0,"19":0,"20":0,"21":0,"22":0,"23":0,"24":0,"25":0,"26":0,"27":0,"28":0,"29":0,"30":0,"31":0,"32":0,"33":0,"34":0,"35":0,"36":0,"37":0,"38":0,"39":0,"40":0,"41":0,"42":0,"43":0,"44":0,"45":0,"46":0,"47":0,"48":0,"49":0,"50":0,"51":0,"52":0,"53":0,"54":0,"55":0,"56":0,"57":0,"58":0,"59":0,"60":0,"61":0,"62":0,"63":0,"64":0,"65":0,"66":0,"67":0},"f":{"0":0,"1":0,"2":0,"3":0,"4":0,"5":0,"6":0,"7":0,"8":0,"9":0,"10":0,"11":0,"12":0,"13":0,"14":0},"b":{"0":[0,0],"1":[0,0],"2":[0,0],"3":[0,0],"4":[0,0],"5":[0,0],"6":[0,0],"7":[0,0],"8":[0,0],"9":[0,0],"10":[0,0]}}
,"/Users/mohammadkhataei/Downloads/SE2-MainProject/client/src/components/FormDocument.jsx": {"path":"/Users/mohammadkhataei/Downloads/SE2-MainProject/client/src/components/FormDocument.jsx","statementMap":{"0":{"start":{"line":19,"column":21},"end":{"line":19,"column":34}},"1":{"start":{"line":20,"column":21},"end":{"line":20,"column":34}},"2":{"start":{"line":21,"column":53},"end":{"line":21,"column":73}},"3":{"start":{"line":22,"column":39},"end":{"line":22,"column":59}},"4":{"start":{"line":24,"column":32},"end":{"line":24,"column":44}},"5":{"start":{"line":25,"column":30},"end":{"line":25,"column":42}},"6":{"start":{"line":26,"column":44},"end":{"line":26,"column":56}},"7":{"start":{"line":27,"column":54},"end":{"line":27,"column":66}},"8":{"start":{"line":28,"column":28},"end":{"line":28,"column":40}},"9":{"start":{"line":29,"column":40},"end":{"line":29,"column":52}},"10":{"start":{"line":30,"column":30},"end":{"line":30,"column":42}},"11":{"start":{"line":31,"column":42},"end":{"line":31,"column":54}},"12":{"start":{"line":32,"column":30},"end":{"line":32,"column":55}},"13":{"start":{"line":33,"column":36},"end":{"line":33,"column":61}},"14":{"start":{"line":34,"column":48},"end":{"line":34,"column":60}},"15":{"start":{"line":35,"column":38},"end":{"line":35,"column":87}},"16":{"start":{"line":36,"column":36},"end":{"line":36,"column":85}},"17":{"start":{"line":37,"column":42},"end":{"line":37,"column":54}},"18":{"start":{"line":38,"column":44},"end":{"line":38,"column":55}},"19":{"start":{"line":40,"column":28},"end":{"line":40,"column":42}},"20":{"start":{"line":41,"column":40},"end":{"line":41,"column":62}},"21":{"start":{"line":42,"column":46},"end":{"line":42,"column":58}},"22":{"start":{"line":44,"column":42},"end":{"line":44,"column":54}},"23":{"start":{"line":45,"column":38},"end":{"line":45,"column":50}},"24":{"start":{"line":47,"column":21},"end":{"line":47,"column":49}},"25":{"start":{"line":48,"column":38},"end":{"line":48,"column":59}},"26":{"start":{"line":51,"column":8},"end":{"line":55,"column":9}},"27":{"start":{"line":52,"column":8},"end":{"line":52,"column":42}},"28":{"start":{"line":54,"column":8},"end":{"line":54,"column":78}},"29":{"start":{"line":56,"column":40},"end":{"line":56,"column":67}},"30":{"start":{"line":59,"column":37},"end":{"line":59,"column":83}},"31":{"start":{"line":62,"column":35},"end":{"line":68,"column":5}},"32":{"start":{"line":70,"column":37},"end":{"line":72,"column":5}},"33":{"start":{"line":71,"column":8},"end":{"line":71,"column":47}},"34":{"start":{"line":74,"column":42},"end":{"line":76,"column":5}},"35":{"start":{"line":75,"column":8},"end":{"line":75,"column":46}},"36":{"start":{"line":78,"column":33},"end":{"line":89,"column":5}},"37":{"start":{"line":79,"column":8},"end":{"line":88,"column":9}},"38":{"start":{"line":80,"column":35},"end":{"line":80,"column":89}},"39":{"start":{"line":82,"column":12},"end":{"line":85,"column":15}},"40":{"start":{"line":82,"column":50},"end":{"line":85,"column":13}},"41":{"start":{"line":87,"column":12},"end":{"line":87,"column":37}},"42":{"start":{"line":92,"column":32},"end":{"line":101,"column":5}},"43":{"start":{"line":93,"column":8},"end":{"line":100,"column":11}},"44":{"start":{"line":93,"column":31},"end":{"line":100,"column":9}},"45":{"start":{"line":103,"column":25},"end":{"line":108,"column":5}},"46":{"start":{"line":104,"column":31},"end":{"line":104,"column":47}},"47":{"start":{"line":105,"column":8},"end":{"line":105,"column":45}},"48":{"start":{"line":107,"column":8},"end":{"line":107,"column":39}},"49":{"start":{"line":110,"column":35},"end":{"line":115,"column":5}},"50":{"start":{"line":111,"column":31},"end":{"line":111,"column":47}},"51":{"start":{"line":112,"column":8},"end":{"line":112,"column":40}},"52":{"start":{"line":114,"column":8},"end":{"line":114,"column":39}},"53":{"start":{"line":117,"column":29},"end":{"line":128,"column":5}},"54":{"start":{"line":118,"column":31},"end":{"line":118,"column":47}},"55":{"start":{"line":119,"column":30},"end":{"line":119,"column":71}},"56":{"start":{"line":121,"column":8},"end":{"line":125,"column":9}},"57":{"start":{"line":122,"column":10},"end":{"line":122,"column":88}},"58":{"start":{"line":122,"column":76},"end":{"line":122,"column":86}},"59":{"start":{"line":124,"column":10},"end":{"line":124,"column":73}},"60":{"start":{"line":127,"column":8},"end":{"line":127,"column":39}},"61":{"start":{"line":130,"column":32},"end":{"line":133,"column":5}},"62":{"start":{"line":131,"column":36},"end":{"line":131,"column":84}},"63":{"start":{"line":131,"column":60},"end":{"line":131,"column":83}},"64":{"start":{"line":132,"column":8},"end":{"line":132,"column":79}},"65":{"start":{"line":132,"column":39},"end":{"line":132,"column":77}},"66":{"start":{"line":136,"column":30},"end":{"line":143,"column":5}},"67":{"start":{"line":137,"column":8},"end":{"line":142,"column":11}},"68":{"start":{"line":137,"column":29},"end":{"line":142,"column":9}},"69":{"start":{"line":145,"column":33},"end":{"line":150,"column":5}},"70":{"start":{"line":146,"column":29},"end":{"line":146,"column":43}},"71":{"start":{"line":147,"column":8},"end":{"line":147,"column":38}},"72":{"start":{"line":149,"column":8},"end":{"line":149,"column":35}},"73":{"start":{"line":152,"column":33},"end":{"line":157,"column":5}},"74":{"start":{"line":153,"column":29},"end":{"line":153,"column":43}},"75":{"start":{"line":154,"column":8},"end":{"line":154,"column":48}},"76":{"start":{"line":156,"column":8},"end":{"line":156,"column":35}},"77":{"start":{"line":160,"column":25},"end":{"line":231,"column":5}},"78":{"start":{"line":161,"column":8},"end":{"line":161,"column":30}},"79":{"start":{"line":163,"column":8},"end":{"line":166,"column":9}},"80":{"start":{"line":164,"column":12},"end":{"line":164,"column":47}},"81":{"start":{"line":165,"column":12},"end":{"line":165,"column":19}},"82":{"start":{"line":169,"column":23},"end":{"line":187,"column":9}},"83":{"start":{"line":171,"column":58},"end":{"line":171,"column":75}},"84":{"start":{"line":189,"column":8},"end":{"line":192,"column":9}},"85":{"start":{"line":190,"column":12},"end":{"line":190,"column":45}},"86":{"start":{"line":191,"column":12},"end":{"line":191,"column":65}},"87":{"start":{"line":194,"column":8},"end":{"line":230,"column":9}},"88":{"start":{"line":195,"column":12},"end":{"line":195,"column":34}},"89":{"start":{"line":196,"column":27},"end":{"line":196,"column":61}},"90":{"start":{"line":197,"column":12},"end":{"line":197,"column":32}},"91":{"start":{"line":199,"column":12},"end":{"line":218,"column":13}},"92":{"start":{"line":200,"column":41},"end":{"line":200,"column":107}},"93":{"start":{"line":200,"column":65},"end":{"line":200,"column":106}},"94":{"start":{"line":201,"column":38},"end":{"line":201,"column":84}},"95":{"start":{"line":203,"column":16},"end":{"line":217,"column":17}},"96":{"start":{"line":204,"column":18},"end":{"line":209,"column":21}},"97":{"start":{"line":211,"column":18},"end":{"line":216,"column":21}},"98":{"start":{"line":220,"column":12},"end":{"line":222,"column":13}},"99":{"start":{"line":221,"column":16},"end":{"line":221,"column":62}},"100":{"start":{"line":225,"column":12},"end":{"line":225,"column":24}},"101":{"start":{"line":226,"column":12},"end":{"line":226,"column":50}},"102":{"start":{"line":227,"column":12},"end":{"line":227,"column":29}},"103":{"start":{"line":229,"column":12},"end":{"line":229,"column":69}},"104":{"start":{"line":233,"column":29},"end":{"line":249,"column":5}},"105":{"start":{"line":234,"column":8},"end":{"line":234,"column":32}},"106":{"start":{"line":236,"column":8},"end":{"line":248,"column":9}},"107":{"start":{"line":238,"column":16},"end":{"line":238,"column":44}},"108":{"start":{"line":239,"column":16},"end":{"line":239,"column":22}},"109":{"start":{"line":241,"column":16},"end":{"line":241,"column":41}},"110":{"start":{"line":242,"column":16},"end":{"line":242,"column":22}},"111":{"start":{"line":244,"column":16},"end":{"line":244,"column":38}},"112":{"start":{"line":245,"column":16},"end":{"line":245,"column":22}},"113":{"start":{"line":247,"column":16},"end":{"line":247,"column":36}},"114":{"start":{"line":252,"column":29},"end":{"line":267,"column":5}},"115":{"start":{"line":253,"column":8},"end":{"line":256,"column":9}},"116":{"start":{"line":254,"column":12},"end":{"line":254,"column":83}},"117":{"start":{"line":255,"column":12},"end":{"line":255,"column":19}},"118":{"start":{"line":258,"column":8},"end":{"line":258,"column":22}},"119":{"start":{"line":260,"column":8},"end":{"line":266,"column":9}},"120":{"start":{"line":261,"column":31},"end":{"line":261,"column":55}},"121":{"start":{"line":262,"column":12},"end":{"line":262,"column":41}},"122":{"start":{"line":263,"column":12},"end":{"line":263,"column":36}},"123":{"start":{"line":265,"column":12},"end":{"line":265,"column":59}},"124":{"start":{"line":270,"column":25},"end":{"line":291,"column":5}},"125":{"start":{"line":271,"column":24},"end":{"line":271,"column":26}},"126":{"start":{"line":273,"column":8},"end":{"line":273,"column":58}},"127":{"start":{"line":273,"column":20},"end":{"line":273,"column":58}},"128":{"start":{"line":274,"column":8},"end":{"line":276,"column":9}},"129":{"start":{"line":275,"column":12},"end":{"line":275,"column":65}},"130":{"start":{"line":277,"column":8},"end":{"line":277,"column":71}},"131":{"start":{"line":277,"column":35},"end":{"line":277,"column":71}},"132":{"start":{"line":278,"column":8},"end":{"line":278,"column":58}},"133":{"start":{"line":278,"column":20},"end":{"line":278,"column":58}},"134":{"start":{"line":279,"column":8},"end":{"line":279,"column":76}},"135":{"start":{"line":279,"column":26},"end":{"line":279,"column":76}},"136":{"start":{"line":280,"column":8},"end":{"line":280,"column":55}},"137":{"start":{"line":280,"column":19},"end":{"line":280,"column":55}},"138":{"start":{"line":283,"column":8},"end":{"line":286,"column":9}},"139":{"start":{"line":284,"column":12},"end":{"line":284,"column":71}},"140":{"start":{"line":284,"column":27},"end":{"line":284,"column":71}},"141":{"start":{"line":285,"column":12},"end":{"line":285,"column":74}},"142":{"start":{"line":285,"column":28},"end":{"line":285,"column":74}},"143":{"start":{"line":288,"column":8},"end":{"line":288,"column":29}},"144":{"start":{"line":289,"column":8},"end":{"line":289,"column":31}},"145":{"start":{"line":290,"column":8},"end":{"line":290,"column":51}},"146":{"start":{"line":293,"column":22},"end":{"line":308,"column":5}},"147":{"start":{"line":294,"column":8},"end":{"line":294,"column":21}},"148":{"start":{"line":295,"column":8},"end":{"line":295,"column":28}},"149":{"start":{"line":296,"column":8},"end":{"line":296,"column":20}},"150":{"start":{"line":297,"column":8},"end":{"line":297,"column":21}},"151":{"start":{"line":298,"column":8},"end":{"line":298,"column":20}},"152":{"start":{"line":299,"column":8},"end":{"line":299,"column":29}},"153":{"start":{"line":300,"column":8},"end":{"line":300,"column":34}},"154":{"start":{"line":301,"column":8},"end":{"line":301,"column":31}},"155":{"start":{"line":302,"column":8},"end":{"line":302,"column":30}},"156":{"start":{"line":303,"column":8},"end":{"line":303,"column":29}},"157":{"start":{"line":304,"column":8},"end":{"line":304,"column":27}},"158":{"start":{"line":305,"column":8},"end":{"line":305,"column":26}},"159":{"start":{"line":306,"column":8},"end":{"line":306,"column":30}},"160":{"start":{"line":307,"column":8},"end":{"line":307,"column":27}},"161":{"start":{"line":311,"column":32},"end":{"line":332,"column":5}},"162":{"start":{"line":313,"column":25},"end":{"line":313,"column":40}},"163":{"start":{"line":314,"column":26},"end":{"line":314,"column":41}},"164":{"start":{"line":317,"column":8},"end":{"line":319,"column":9}},"165":{"start":{"line":318,"column":12},"end":{"line":318,"column":58}},"166":{"start":{"line":320,"column":8},"end":{"line":322,"column":9}},"167":{"start":{"line":321,"column":12},"end":{"line":321,"column":61}},"168":{"start":{"line":325,"column":22},"end":{"line":325,"column":55}},"169":{"start":{"line":326,"column":23},"end":{"line":326,"column":66}},"170":{"start":{"line":327,"column":8},"end":{"line":329,"column":9}},"171":{"start":{"line":328,"column":12},"end":{"line":328,"column":70}},"172":{"start":{"line":331,"column":8},"end":{"line":331,"column":20}},"173":{"start":{"line":335,"column":35},"end":{"line":358,"column":5}},"174":{"start":{"line":336,"column":22},"end":{"line":336,"column":37}},"175":{"start":{"line":339,"column":8},"end":{"line":343,"column":9}},"176":{"start":{"line":340,"column":12},"end":{"line":340,"column":31}},"177":{"start":{"line":341,"column":15},"end":{"line":343,"column":9}},"178":{"start":{"line":342,"column":12},"end":{"line":342,"column":32}},"179":{"start":{"line":346,"column":22},"end":{"line":346,"column":62}},"180":{"start":{"line":349,"column":8},"end":{"line":357,"column":11}},"181":{"start":{"line":350,"column":30},"end":{"line":350,"column":47}},"182":{"start":{"line":351,"column":12},"end":{"line":355,"column":13}},"183":{"start":{"line":352,"column":16},"end":{"line":352,"column":50}},"184":{"start":{"line":354,"column":16},"end":{"line":354,"column":49}},"185":{"start":{"line":356,"column":12},"end":{"line":356,"column":29}},"186":{"start":{"line":360,"column":4},"end":{"line":805,"column":6}},"187":{"start":{"line":368,"column":42},"end":{"line":368,"column":67}},"188":{"start":{"line":383,"column":36},"end":{"line":383,"column":61}},"189":{"start":{"line":384,"column":36},"end":{"line":386,"column":37}},"190":{"start":{"line":385,"column":40},"end":{"line":385,"column":58}},"191":{"start":{"line":408,"column":36},"end":{"line":408,"column":65}},"192":{"start":{"line":409,"column":36},"end":{"line":411,"column":37}},"193":{"start":{"line":410,"column":40},"end":{"line":410,"column":62}},"194":{"start":{"line":429,"column":46},"end":{"line":429,"column":76}},"195":{"start":{"line":440,"column":46},"end":{"line":440,"column":80}},"196":{"start":{"line":454,"column":45},"end":{"line":457,"column":29}},"197":{"start":{"line":458,"column":48},"end":{"line":461,"column":29}},"198":{"start":{"line":497,"column":36},"end":{"line":497,"column":62}},"199":{"start":{"line":498,"column":36},"end":{"line":500,"column":37}},"200":{"start":{"line":499,"column":40},"end":{"line":499,"column":59}},"201":{"start":{"line":526,"column":50},"end":{"line":526,"column":75}},"202":{"start":{"line":538,"column":46},"end":{"line":538,"column":77}},"203":{"start":{"line":554,"column":49},"end":{"line":554,"column":85}},"204":{"start":{"line":555,"column":48},"end":{"line":555,"column":67}},"205":{"start":{"line":566,"column":49},"end":{"line":566,"column":85}},"206":{"start":{"line":567,"column":48},"end":{"line":567,"column":66}},"207":{"start":{"line":581,"column":54},"end":{"line":581,"column":93}},"208":{"start":{"line":595,"column":54},"end":{"line":595,"column":92}},"209":{"start":{"line":614,"column":47},"end":{"line":614,"column":66}},"210":{"start":{"line":621,"column":47},"end":{"line":621,"column":66}},"211":{"start":{"line":628,"column":47},"end":{"line":628,"column":66}},"212":{"start":{"line":637,"column":48},"end":{"line":637,"column":70}},"213":{"start":{"line":649,"column":42},"end":{"line":649,"column":73}},"214":{"start":{"line":660,"column":20},"end":{"line":737,"column":22}},"215":{"start":{"line":669,"column":77},"end":{"line":669,"column":118}},"216":{"start":{"line":673,"column":66},"end":{"line":673,"column":136}},"217":{"start":{"line":674,"column":84},"end":{"line":677,"column":37}},"218":{"start":{"line":679,"column":59},"end":{"line":679,"column":66}},"219":{"start":{"line":682,"column":57},"end":{"line":685,"column":41}},"220":{"start":{"line":686,"column":60},"end":{"line":688,"column":41}},"221":{"start":{"line":700,"column":60},"end":{"line":700,"column":105}},"222":{"start":{"line":707,"column":60},"end":{"line":707,"column":109}},"223":{"start":{"line":714,"column":60},"end":{"line":714,"column":97}},"224":{"start":{"line":721,"column":60},"end":{"line":721,"column":93}},"225":{"start":{"line":730,"column":47},"end":{"line":730,"column":76}},"226":{"start":{"line":742,"column":20},"end":{"line":758,"column":26}},"227":{"start":{"line":746,"column":46},"end":{"line":746,"column":77}},"228":{"start":{"line":752,"column":43},"end":{"line":752,"column":70}},"229":{"start":{"line":787,"column":43},"end":{"line":787,"column":59}}},"fnMap":{"0":{"name":"DocumentInsert","decl":{"start":{"line":18,"column":9},"end":{"line":18,"column":23}},"loc":{"start":{"line":18,"column":26},"end":{"line":806,"column":1}},"line":18},"1":{"name":"(anonymous_1)","decl":{"start":{"line":70,"column":37},"end":{"line":70,"column":38}},"loc":{"start":{"line":70,"column":58},"end":{"line":72,"column":5}},"line":70},"2":{"name":"(anonymous_2)","decl":{"start":{"line":74,"column":42},"end":{"line":74,"column":43}},"loc":{"start":{"line":74,"column":50},"end":{"line":76,"column":5}},"line":74},"3":{"name":"(anonymous_3)","decl":{"start":{"line":78,"column":33},"end":{"line":78,"column":34}},"loc":{"start":{"line":78,"column":39},"end":{"line":89,"column":5}},"line":78},"4":{"name":"(anonymous_4)","decl":{"start":{"line":82,"column":28},"end":{"line":82,"column":29}},"loc":{"start":{"line":82,"column":50},"end":{"line":85,"column":13}},"line":82},"5":{"name":"(anonymous_5)","decl":{"start":{"line":92,"column":32},"end":{"line":92,"column":33}},"loc":{"start":{"line":92,"column":38},"end":{"line":101,"column":5}},"line":92},"6":{"name":"(anonymous_6)","decl":{"start":{"line":93,"column":23},"end":{"line":93,"column":24}},"loc":{"start":{"line":93,"column":31},"end":{"line":100,"column":9}},"line":93},"7":{"name":"(anonymous_7)","decl":{"start":{"line":103,"column":25},"end":{"line":103,"column":26}},"loc":{"start":{"line":103,"column":50},"end":{"line":108,"column":5}},"line":103},"8":{"name":"(anonymous_8)","decl":{"start":{"line":110,"column":35},"end":{"line":110,"column":36}},"loc":{"start":{"line":110,"column":46},"end":{"line":115,"column":5}},"line":110},"9":{"name":"(anonymous_9)","decl":{"start":{"line":117,"column":29},"end":{"line":117,"column":30}},"loc":{"start":{"line":117,"column":46},"end":{"line":128,"column":5}},"line":117},"10":{"name":"(anonymous_10)","decl":{"start":{"line":122,"column":69},"end":{"line":122,"column":70}},"loc":{"start":{"line":122,"column":76},"end":{"line":122,"column":86}},"line":122},"11":{"name":"(anonymous_11)","decl":{"start":{"line":130,"column":32},"end":{"line":130,"column":33}},"loc":{"start":{"line":130,"column":43},"end":{"line":133,"column":5}},"line":130},"12":{"name":"(anonymous_12)","decl":{"start":{"line":131,"column":52},"end":{"line":131,"column":53}},"loc":{"start":{"line":131,"column":60},"end":{"line":131,"column":83}},"line":131},"13":{"name":"(anonymous_13)","decl":{"start":{"line":132,"column":32},"end":{"line":132,"column":33}},"loc":{"start":{"line":132,"column":39},"end":{"line":132,"column":77}},"line":132},"14":{"name":"(anonymous_14)","decl":{"start":{"line":136,"column":30},"end":{"line":136,"column":31}},"loc":{"start":{"line":136,"column":36},"end":{"line":143,"column":5}},"line":136},"15":{"name":"(anonymous_15)","decl":{"start":{"line":137,"column":21},"end":{"line":137,"column":22}},"loc":{"start":{"line":137,"column":29},"end":{"line":142,"column":9}},"line":137},"16":{"name":"(anonymous_16)","decl":{"start":{"line":145,"column":33},"end":{"line":145,"column":34}},"loc":{"start":{"line":145,"column":44},"end":{"line":150,"column":5}},"line":145},"17":{"name":"(anonymous_17)","decl":{"start":{"line":152,"column":33},"end":{"line":152,"column":34}},"loc":{"start":{"line":152,"column":46},"end":{"line":157,"column":5}},"line":152},"18":{"name":"(anonymous_18)","decl":{"start":{"line":160,"column":25},"end":{"line":160,"column":26}},"loc":{"start":{"line":160,"column":37},"end":{"line":231,"column":5}},"line":160},"19":{"name":"(anonymous_19)","decl":{"start":{"line":171,"column":43},"end":{"line":171,"column":44}},"loc":{"start":{"line":171,"column":58},"end":{"line":171,"column":75}},"line":171},"20":{"name":"(anonymous_20)","decl":{"start":{"line":200,"column":56},"end":{"line":200,"column":57}},"loc":{"start":{"line":200,"column":65},"end":{"line":200,"column":106}},"line":200},"21":{"name":"(anonymous_21)","decl":{"start":{"line":233,"column":29},"end":{"line":233,"column":30}},"loc":{"start":{"line":233,"column":41},"end":{"line":249,"column":5}},"line":233},"22":{"name":"(anonymous_22)","decl":{"start":{"line":252,"column":29},"end":{"line":252,"column":30}},"loc":{"start":{"line":252,"column":39},"end":{"line":267,"column":5}},"line":252},"23":{"name":"(anonymous_23)","decl":{"start":{"line":270,"column":25},"end":{"line":270,"column":26}},"loc":{"start":{"line":270,"column":31},"end":{"line":291,"column":5}},"line":270},"24":{"name":"(anonymous_24)","decl":{"start":{"line":293,"column":22},"end":{"line":293,"column":23}},"loc":{"start":{"line":293,"column":28},"end":{"line":308,"column":5}},"line":293},"25":{"name":"(anonymous_25)","decl":{"start":{"line":311,"column":32},"end":{"line":311,"column":33}},"loc":{"start":{"line":311,"column":46},"end":{"line":332,"column":5}},"line":311},"26":{"name":"(anonymous_26)","decl":{"start":{"line":335,"column":35},"end":{"line":335,"column":36}},"loc":{"start":{"line":335,"column":59},"end":{"line":358,"column":5}},"line":335},"27":{"name":"(anonymous_27)","decl":{"start":{"line":349,"column":18},"end":{"line":349,"column":19}},"loc":{"start":{"line":349,"column":32},"end":{"line"
[...]
ine":21,"column":46}},"10":{"start":{"line":22,"column":6},"end":{"line":22,"column":23}},"11":{"start":{"line":26,"column":15},"end":{"line":33,"column":1}},"12":{"start":{"line":27,"column":19},"end":{"line":30,"column":4}},"13":{"start":{"line":31,"column":2},"end":{"line":32,"column":16}},"14":{"start":{"line":32,"column":4},"end":{"line":32,"column":16}},"15":{"start":{"line":35,"column":20},"end":{"line":37,"column":1}},"16":{"start":{"line":36,"column":3},"end":{"line":36,"column":40}},"17":{"start":{"line":39,"column":17},"end":{"line":55,"column":1}},"18":{"start":{"line":40,"column":19},"end":{"line":46,"column":4}},"19":{"start":{"line":48,"column":2},"end":{"line":54,"column":3}},"20":{"start":{"line":49,"column":17},"end":{"line":49,"column":38}},"21":{"start":{"line":50,"column":4},"end":{"line":50,"column":16}},"22":{"start":{"line":52,"column":23},"end":{"line":52,"column":44}},"23":{"start":{"line":53,"column":4},"end":{"line":53,"column":21}},"24":{"start":{"line":58,"column":23},"end":{"line":84,"column":1}},"25":{"start":{"line":59,"column":2},"end":{"line":83,"column":3}},"26":{"start":{"line":60,"column":21},"end":{"line":66,"column":6}},"27":{"start":{"line":68,"column":4},"end":{"line":78,"column":5}},"28":{"start":{"line":70,"column":27},"end":{"line":70,"column":48}},"29":{"start":{"line":71,"column":6},"end":{"line":74,"column":8}},"30":{"start":{"line":77,"column":6},"end":{"line":77,"column":75}},"31":{"start":{"line":81,"column":4},"end":{"line":81,"column":53}},"32":{"start":{"line":82,"column":4},"end":{"line":82,"column":16}},"33":{"start":{"line":89,"column":23},"end":{"line":114,"column":3}},"34":{"start":{"line":90,"column":4},"end":{"line":113,"column":5}},"35":{"start":{"line":91,"column":18},"end":{"line":91,"column":49}},"36":{"start":{"line":92,"column":6},"end":{"line":92,"column":86}},"37":{"start":{"line":92,"column":42},"end":{"line":92,"column":84}},"38":{"start":{"line":94,"column":23},"end":{"line":99,"column":8}},"39":{"start":{"line":100,"column":6},"end":{"line":109,"column":7}},"40":{"start":{"line":101,"column":19},"end":{"line":101,"column":40}},"41":{"start":{"line":102,"column":8},"end":{"line":105,"column":12}},"42":{"start":{"line":102,"column":37},"end":{"line":105,"column":9}},"43":{"start":{"line":106,"column":8},"end":{"line":106,"column":20}},"44":{"start":{"line":108,"column":8},"end":{"line":108,"column":80}},"45":{"start":{"line":111,"column":6},"end":{"line":111,"column":53}},"46":{"start":{"line":112,"column":6},"end":{"line":112,"column":18}},"47":{"start":{"line":116,"column":26},"end":{"line":136,"column":3}},"48":{"start":{"line":117,"column":4},"end":{"line":135,"column":5}},"49":{"start":{"line":118,"column":23},"end":{"line":123,"column":8}},"50":{"start":{"line":125,"column":6},"end":{"line":131,"column":7}},"51":{"start":{"line":126,"column":8},"end":{"line":126,"column":37}},"52":{"start":{"line":127,"column":13},"end":{"line":131,"column":7}},"53":{"start":{"line":128,"column":8},"end":{"line":128,"column":46}},"54":{"start":{"line":130,"column":8},"end":{"line":130,"column":79}},"55":{"start":{"line":133,"column":6},"end":{"line":133,"column":56}},"56":{"start":{"line":134,"column":6},"end":{"line":134,"column":18}},"57":{"start":{"line":138,"column":32},"end":{"line":151,"column":3}},"58":{"start":{"line":139,"column":4},"end":{"line":150,"column":5}},"59":{"start":{"line":140,"column":23},"end":{"line":145,"column":8}},"60":{"start":{"line":146,"column":6},"end":{"line":146,"column":35}},"61":{"start":{"line":148,"column":6},"end":{"line":148,"column":66}},"62":{"start":{"line":149,"column":6},"end":{"line":149,"column":18}},"63":{"start":{"line":152,"column":27},"end":{"line":178,"column":3}},"64":{"start":{"line":153,"column":4},"end":{"line":177,"column":5}},"65":{"start":{"line":154,"column":23},"end":{"line":160,"column":8}},"66":{"start":{"line":162,"column":6},"end":{"line":172,"column":7}},"67":{"start":{"line":164,"column":29},"end":{"line":164,"column":50}},"68":{"start":{"line":165,"column":8},"end":{"line":168,"column":10}},"69":{"start":{"line":171,"column":8},"end":{"line":171,"column":79}},"70":{"start":{"line":175,"column":6},"end":{"line":175,"column":57}},"71":{"start":{"line":176,"column":6},"end":{"line":176,"column":18}},"72":{"start":{"line":182,"column":36},"end":{"line":200,"column":3}},"73":{"start":{"line":183,"column":4},"end":{"line":199,"column":5}},"74":{"start":{"line":184,"column":23},"end":{"line":190,"column":8}},"75":{"start":{"line":191,"column":6},"end":{"line":193,"column":7}},"76":{"start":{"line":192,"column":8},"end":{"line":192,"column":80}},"77":{"start":{"line":194,"column":30},"end":{"line":194,"column":51}},"78":{"start":{"line":195,"column":6},"end":{"line":195,"column":29}},"79":{"start":{"line":197,"column":6},"end":{"line":197,"column":58}},"80":{"start":{"line":198,"column":6},"end":{"line":198,"column":18}},"81":{"start":{"line":202,"column":36},"end":{"line":219,"column":3}},"82":{"start":{"line":203,"column":4},"end":{"line":218,"column":5}},"83":{"start":{"line":204,"column":23},"end":{"line":209,"column":8}},"84":{"start":{"line":210,"column":6},"end":{"line":212,"column":7}},"85":{"start":{"line":211,"column":8},"end":{"line":211,"column":74}},"86":{"start":{"line":213,"column":30},"end":{"line":213,"column":51}},"87":{"start":{"line":214,"column":6},"end":{"line":214,"column":29}},"88":{"start":{"line":216,"column":6},"end":{"line":216,"column":63}},"89":{"start":{"line":217,"column":6},"end":{"line":217,"column":18}},"90":{"start":{"line":222,"column":25},"end":{"line":246,"column":3}},"91":{"start":{"line":223,"column":16},"end":{"line":223,"column":93}},"92":{"start":{"line":225,"column":4},"end":{"line":225,"column":42}},"93":{"start":{"line":226,"column":4},"end":{"line":226,"column":44}},"94":{"start":{"line":227,"column":4},"end":{"line":227,"column":46}},"95":{"start":{"line":228,"column":4},"end":{"line":228,"column":44}},"96":{"start":{"line":229,"column":4},"end":{"line":229,"column":58}},"97":{"start":{"line":229,"column":16},"end":{"line":229,"column":58}},"98":{"start":{"line":231,"column":4},"end":{"line":245,"column":5}},"99":{"start":{"line":232,"column":23},"end":{"line":237,"column":8}},"100":{"start":{"line":238,"column":6},"end":{"line":240,"column":7}},"101":{"start":{"line":239,"column":8},"end":{"line":239,"column":53}},"102":{"start":{"line":241,"column":19},"end":{"line":241,"column":40}},"103":{"start":{"line":242,"column":6},"end":{"line":242,"column":18}},"104":{"start":{"line":244,"column":6},"end":{"line":244,"column":56}},"105":{"start":{"line":249,"column":30},"end":{"line":265,"column":3}},"106":{"start":{"line":250,"column":4},"end":{"line":264,"column":5}},"107":{"start":{"line":251,"column":23},"end":{"line":256,"column":8}},"108":{"start":{"line":257,"column":6},"end":{"line":259,"column":7}},"109":{"start":{"line":258,"column":8},"end":{"line":258,"column":59}},"110":{"start":{"line":260,"column":21},"end":{"line":260,"column":42}},"111":{"start":{"line":261,"column":6},"end":{"line":261,"column":20}},"112":{"start":{"line":263,"column":6},"end":{"line":263,"column":62}},"113":{"start":{"line":267,"column":21},"end":{"line":291,"column":3}},"114":{"start":{"line":268,"column":4},"end":{"line":290,"column":5}},"115":{"start":{"line":269,"column":22},"end":{"line":272,"column":7}},"116":{"start":{"line":274,"column":23},"end":{"line":280,"column":8}},"117":{"start":{"line":282,"column":6},"end":{"line":284,"column":7}},"118":{"start":{"line":283,"column":8},"end":{"line":283,"column":73}},"119":{"start":{"line":286,"column":6},"end":{"line":286,"column":35}},"120":{"start":{"line":288,"column":6},"end":{"line":288,"column":51}},"121":{"start":{"line":289,"column":6},"end":{"line":289,"column":18}},"122":{"start":{"line":293,"column":22},"end":{"line":311,"column":3}},"123":{"start":{"line":294,"column":4},"end":{"line":310,"column":5}},"124":{"start":{"line":295,"column":23},"end":{"line":300,"column":8}},"125":{"start":{"line":302,"column":6},"end":{"line":306,"column":7}},"126":{"start":{"line":303,"column":8},"end":{"line":303,"column":37}},"127":{"start":{"line":305,"column":8},"end":{"line":305,"column":76}},"128":{"start":{"line":308,"column":6},"end":{"line":308,"column":52}},"129":{"start":{"line":309,"column":6},"end":{"line":309,"column":18}},"130":{"start":{"line":314,"column":23},"end":{"line":330,"column":3}},"131":{"start":{"line":315,"column":4},"end":{"line":329,"column":5}},"132":{"start":{"line":316,"column":23},"end":{"line":321,"column":8}},"133":{"start":{"line":322,"column":6},"end":{"line":324,"column":7}},"134":{"start":{"line":323,"column":8},"end":{"line":323,"column":53}},"135":{"start":{"line":325,"column":24},"end":{"line":325,"column":45}},"136":{"start":{"line":326,"column":6},"end":{"line":326,"column":23}},"137":{"start":{"line":328,"column":6},"end":{"line":328,"column":56}},"138":{"start":{"line":332,"column":23},"end":{"line":348,"column":1}},"139":{"start":{"line":333,"column":4},"end":{"line":347,"column":5}},"140":{"start":{"line":334,"column":23},"end":{"line":334,"column":37}},"141":{"start":{"line":335,"column":6},"end":{"line":337,"column":7}},"142":{"start":{"line":335,"column":19},"end":{"line":335,"column":20}},"143":{"start":{"line":336,"column":8},"end":{"line":336,"column":42}},"144":{"start":{"line":338,"column":23},"end":{"line":341,"column":8}},"145":{"start":{"line":342,"column":6},"end":{"line":344,"column":7}},"146":{"start":{"line":343,"column":8},"end":{"line":343,"column":51}},"147":{"start":{"line":346,"column":6},"end":{"line":346,"column":54}},"148":{"start":{"line":350,"column":25},"end":{"line":365,"column":1}},"149":{"start":{"line":351,"column":2},"end":{"line":364,"column":3}},"150":{"start":{"line":352,"column":21},"end":{"line":357,"column":6}},"151":{"start":{"line":358,"column":4},"end":{"line":360,"column":5}},"152":{"start":{"line":359,"column":6},"end":{"line":359,"column":53}},"153":{"start":{"line":361,"column":4},"end":{"line":361,"column":27}},"154":{"start":{"line":363,"column":4},"end":{"line":363,"column":56}}},"fnMap":{"0":{"name":"(anonymous_0)","decl":{"start":{"line":6,"column":14},"end":{"line":6,"column":15}},"loc":{"start":{"line":6,"column":37},"end":{"line":24,"column":1}},"line":6},"1":{"name":"(anonymous_1)","decl":{"start":{"line":26,"column":15},"end":{"line":26,"column":16}},"loc":{"start":{"line":26,"column":26},"end":{"line":33,"column":1}},"line":26},"2":{"name":"(anonymous_2)","decl":{"start":{"line":35,"column":20},"end":{"line":35,"column":21}},"loc":{"start":{"line":35,"column":32},"end":{"line":37,"column":1}},"line":35},"3":{"name":"(anonymous_3)","decl":{"start":{"line":39,"column":17},"end":{"line":39,"column":18}},"loc":{"start":{"line":39,"column":36},"end":{"line":55,"column":1}},"line":39},"4":{"name":"(anonymous_4)","decl":{"start":{"line":58,"column":23},"end":{"line":58,"column":24}},"loc":{"start":{"line":58,"column":43},"end":{"line":84,"column":1}},"line":58},"5":{"name":"(anonymous_5)","decl":{"start":{"line":89,"column":23},"end":{"line":89,"column":24}},"loc":{"start":{"line":89,"column":47},"end":{"line":114,"column":3}},"line":89},"6":{"name":"(anonymous_6)","decl":{"start":{"line":92,"column":35},"end":{"line":92,"column":36}},"loc":{"start":{"line":92,"column":42},"end":{"line":92,"column":84}},"line":92},"7":{"name":"(anonymous_7)","decl":{"start":{"line":102,"column":29},"end":{"line":102,"column":30}},"loc":{"start":{"line":102,"column":37},"end":{"line":105,"column":9}},"line":102},"8":{"name":"(anonymous_8)","decl":{"start":{"line":116,"column":26},"end":{"line":116,"column":27}},"loc":{"start":{"line":116,"column":48},"end":{"line":136,"column":3}},"line":116},"9":{"name":"(anonymous_9)","decl":{"start":{"line":138,"column":32},"end":{"line":138,"column":33}},"loc":{"start":{"line":138,"column":54},"end":{"line":151,"column":3}},"line":138},"10":{"name":"(anonymous_10)","decl":{"start":{"line":152,"column":27},"end":{"line":152,"column":28}},"loc":{"start":{"line":152,"column":81},"end":{"line":178,"column":3}},"line":152},"11":{"name":"(anonymous_11)","decl":{"start":{"line":182,"column":36},"end":{"line":182,"column":37}},"loc":{"start":{"line":182,"column":77},"end":{"line":200,"column":3}},"line":182},"12":{"name":"(anonymous_12)","decl":{"start":{"line":202,"column":36},"end":{"line":202,"column":37}},"loc":{"start":{"line":202,"column":58},"end":{"line":219,"column":3}},"line":202},"13":{"name":"(anonymous_13)","decl":{"start":{"line":222,"column":25},"end":{"line":222,"column":26}},"loc":{"start":{"line":222,"column":71},"end":{"line":246,"column":3}},"line":222},"14":{"name":"(anonymous_14)","decl":{"start":{"line":249,"column":30},"end":{"line":249,"column":31}},"loc":{"start":{"line":249,"column":42},"end":{"line":265,"column":3}},"line":249},"15":{"name":"(anonymous_15)","decl":{"start":{"line":267,"column":21},"end":{"line":267,"column":22}},"loc":{"start":{"line":267,"column":53},"end":{"line":291,"column":3}},"line":267},"16":{"name":"(anonymous_16)","decl":{"start":{"line":293,"column":22},"end":{"line":293,"column":23}},"loc":{"start":{"line":293,"column":34},"end":{"line":311,"column":3}},"line":293},"17":{"name":"(anonymous_17)","decl":{"start":{"line":314,"column":23},"end":{"line":314,"column":24}},"loc":{"start":{"line":314,"column":45},"end":{"line":330,"column":3}},"line":314},"18":{"name":"(anonymous_18)","decl":{"start":{"line":332,"column":23},"end":{"line":332,"column":24}},"loc":{"start":{"line":332,"column":51},"end":{"line":348,"column":1}},"line":332},"19":{"name":"(anonymous_19)","decl":{"start":{"line":350,"column":25},"end":{"line":350,"column":26}},"loc":{"start":{"line":350,"column":57},"end":{"line":365,"column":1}},"line":350}},"branchMap":{"0":{"loc":{"start":{"line":16,"column":4},"end":{"line":23,"column":5}},"type":"if","locations":[{"start":{"line":16,"column":4},"end":{"line":23,"column":5}},{"start":{"line":20,"column":9},"end":{"line":23,"column":5}}],"line":16},"1":{"loc":{"start":{"line":31,"column":2},"end":{"line":32,"column":16}},"type":"if","locations":[{"start":{"line":31,"column":2},"end":{"line":32,"column":16}},{"start":{},"end":{}}],"line":31},"2":{"loc":{"start":{"line":48,"column":2},"end":{"line":54,"column":3}},"type":"if","locations":[{"start":{"line":48,"column":2},"end":{"line":54,"column":3}},{"start":{"line":51,"column":9},"end":{"line":54,"column":3}}],"line":48},"3":{"loc":{"start":{"line":68,"column":4},"end":{"line":78,"column":5}},"type":"if","locations":[{"start":{"line":68,"column":4},"end":{"line":78,"column":5}},{"start":{"line":75,"column":11},"end":{"line":78,"column":5}}],"line":68},"4":{"loc":{"start":{"line":89,"column":30},"end":{"line":89,"column":42}},"type":"default-arg","locations":[{"start":{"line":89,"column":40},"end":{"line":89,"column":42}}],"line":89},"5":{"loc":{"start":{"line":100,"column":6},"end":{"line":109,"column":7}},"type":"if","locations":[{"start":{"line":100,"column":6},"end":{"line":109,"column":7}},{"start":{"line":107,"column":13},"end":{"line":109,"column":7}}],"line":100},"6":{"loc":{"start":{"line":125,"column":6},"end":{"line":131,"column":7}},"type":"if","locations":[{"start":{"line":125,"column":6},"end":{"line":131,"column":7}},{"start":{"line":127,"column":13},"end":{"line":131,"column":7}}],"line":125},"7":{"loc":{"start":{"line":127,"column":13},"end":{"line":131,"column":7}},"type":"if","locations":[{"start":{"line":127,"column":13},"end":{"line":131,"column":7}},{"start":{"line":129,"column":13},"end":{"line":131,"column":7}}],"line":127},"8":{"loc":{"start":{"line":162,"column":6},"end":{"line":172,"column":7}},"type":"if","locations":[{"start":{"line":162,"column":6},"end":{"line":172,"column":7}},{"start":{"line":169,"column":13},"end":{"line":172,"column":7}}],"line":162},"9":{"loc":{"start":{"line":191,"column":6},"end":{"line":193,"column":7}},"type":"if","locations":[{"start":{"line":191,"column":6},"end":{"line":193,"column":7}},{"start":{},"end":{}}],"line":191},"10":{"loc":{"start":{"line":210,"column":6},"end":{"line":212,"column":7}},"type":"if","locations":[{"start":{"line":210,"column":6},"end":{"line":212,"column":7}},{"start":{},"end":{}}],"line":210},"11":{"loc":{"start":{"line":229,"column":4},"end":{"line":229,"column":58}},"type":"if","locations":[{"start":{"line":229,"column":4},"end":{"line":229,"column":58}},{"start":{},"end":{}}],"line":229},"12":{"loc":{"start":{"line":238,"column":6},"end":{"line":240,"column":7}},"type":"if","locations":[{"start":{"line":238,"column":6},"end":{"line":240,"column":7}},{"start":{},"end":{}}],"line":238},"13":{"loc":{"start":{"line":257,"column":6},"end":{"line":259,"column":7}},"type":"if","locations":[{"start":{"line":257,"column":6},"end":{"line":259,"column":7}},{"start":{},"end":{}}],"line":257},"14":{"loc":{"start":{"line":267,"column":37},"end":{"line":267,"column":48}},"type":"default-arg","locations":[{"start":{"line":267,"column":44},"end":{"line":267,"column":48}}],"line":267},"15":{"loc":{"start":{"line":271,"column":12},"end":{"line":271,"column":28}},"type":"binary-expr","locations":[{"start":{"line":271,"column":12},"end":{"line":271,"column":16}},{"start":{"line":271,"column":20},"end":{"line":271,"column":28}}],"line":271},"16":{"loc":{"start":{"line":282,"column":6},"end":{"line":284,"column":7}},"type":"if","locations":[{"start":{"line":282,"column":6},"end":{"line":284,"column":7}},{"start":{},"end":{}}],"line":282},"17":{"loc":{"start":{"line":302,"column":6},"end":{"line":306,"column":7}},"type":"if","locations":[{"start":{"line":302,"column":6},"end":{"line":306,"column":7}},{"start":{"line":304,"column":13},"end":{"line":306,"column":7}}],"line":302},"18":{"loc":{"start":{"line":322,"column":6},"end":{"line":324,"column":7}},"type":"if","locations":[{"start":{"line":322,"column":6},"end":{"line":324,"column":7}},{"start":{},"end":{}}],"line":322},"19":{"loc":{"start":{"line":342,"column":6},"end":{"line":344,"column":7}},"type":"if","locations":[{"start":{"line":342,"column":6},"end":{"line":344,"column":7}},{"start":{},"end":{}}],"line":342},"20":{"loc":{"start":{"line":358,"column":4},"end":{"line":360,"column":5}},"type":"if","locations":[{"start":{"line":358,"column":4},"end":{"line":360,"column":5}},{"start":{},"end":{}}],"line":358}},"s":{"0":1,"1":1,"2":1,"3":1,"4":1,"5":0,"6":0,"7":0,"8":0,"9":0,"10":0,"11":1,"12":0,"13":0,"14":0,"15":1,"16":0,"17":1,"18":0,"19":0,"20":0,"21":0,"22":0,"23":0,"24":1,"25":0,"26":0,"27":0,"28":0,"29":0,"30":0,"31":0,"32":0,"33":1,"34":0,"35":0,"36":0,"37":0,"38":0,"39":0,"40":0,"41":0,"42":0,"43":0,"44":0,"45":0,"46":0,"47":1,"48":0,"49":0,"50":0,"51":0,"52":0,"53":0,"54":0,"55":0,"56":0,"57":1,"58":0,"59":0,"60":0,"61":0,"62":0,"63":1,"64":0,"65":0,"66":0,"67":0,"68":0,"69":0,"70":0,"71":0,"72":1,"73":0,"74":0,"75":0,"76":0,"77":0,"78":0,"79":0,"80":0,"81":1,"82":0,"83":0,"84":0,"85":0,"86":0,"87":0,"88":0,"89":0,"90":1,"91":0,"92":0,"93":0,"94":0,"95":0,"96":0,"97":0,"98":0,"99":0,"100":0,"101":0,"102":0,"103":0,"104":0,"105":1,"106":0,"107":0,"108":0,"109":0,"110":0,"111":0,"112":0,"113":1,"114":0,"115":0,"116":0,"117":0,"118":0,"119":0,"120":0,"121":0,"122":1,"123":0,"124":0,"125":0,"126":0,"127":0,"128":0,"129":0,"130":1,"131":0,"132":0,"133":0,"134":0,"135":0,"136":0,"137":0,"138":1,"139":0,"140":0,"141":0,"142":0,"143":0,"144":0,"145":0,"146":0,"147":0,"148":1,"149":0,"150":0,"151":0,"152":0,"153":0,"154":0},"f":{"0":0,"1":0,"2":0,"3":0,"4":0,"5":0,"6":0,"7":0,"8":0,"9":0,"10":0,"11":0,"12":0,"13":0,"14":0,"15":0,"16":0,"17":0,"18":0,"19":0},"b":{"0":[0,0],"1":[0,0],"2":[0,0],"3":[0,0],"4":[0],"5":[0,0],"6":[0,0],"7":[0,0],"8":[0,0],"9":[0,0],"10":[0,0],"11":[0,0],"12":[0,0],"13":[0,0],"14":[0],"15":[0,0],"16":[0,0],"17":[0,0],"18":[0,0],"19":[0,0],"20":[0,0]},"_coverageSchema":"1a1c01bbd47fc00a2c39e90264f33305004495a9","hash":"576b4e324c5fff0a361abc8234bf4788bf02acc0"}
}
